{"C:\\Users\\Daniela\\Desktop\\TPI_Tech_Moms\\server\\controllers\\auditoriaController.js": {"path":"C:\\Users\\Daniela\\Desktop\\TPI_Tech_Moms\\server\\controllers\\auditoriaController.js","statementMap":{"0":{"start":{"line":7,"column":25},"end":{"line":7,"column":64}},"1":{"start":{"line":8,"column":35},"end":{"line":8,"column":63}},"2":{"start":{"line":14,"column":0},"end":{"line":30,"column":1}},"3":{"start":{"line":15,"column":2},"end":{"line":29,"column":3}},"4":{"start":{"line":16,"column":28},"end":{"line":16,"column":42}},"5":{"start":{"line":17,"column":20},"end":{"line":22,"column":5}},"6":{"start":{"line":24,"column":22},"end":{"line":24,"column":78}},"7":{"start":{"line":26,"column":4},"end":{"line":26,"column":69}},"8":{"start":{"line":28,"column":4},"end":{"line":28,"column":32}},"9":{"start":{"line":36,"column":0},"end":{"line":47,"column":1}},"10":{"start":{"line":37,"column":2},"end":{"line":46,"column":3}},"11":{"start":{"line":38,"column":26},"end":{"line":38,"column":36}},"12":{"start":{"line":39,"column":18},"end":{"line":39,"column":49}},"13":{"start":{"line":41,"column":17},"end":{"line":41,"column":79}},"14":{"start":{"line":43,"column":4},"end":{"line":43,"column":63}},"15":{"start":{"line":45,"column":4},"end":{"line":45,"column":32}},"16":{"start":{"line":53,"column":0},"end":{"line":61,"column":1}},"17":{"start":{"line":54,"column":2},"end":{"line":60,"column":3}},"18":{"start":{"line":55,"column":25},"end":{"line":55,"column":76}},"19":{"start":{"line":57,"column":4},"end":{"line":57,"column":67}},"20":{"start":{"line":59,"column":4},"end":{"line":59,"column":32}}},"fnMap":{"0":{"name":"(anonymous_0)","decl":{"start":{"line":14,"column":22},"end":{"line":14,"column":23}},"loc":{"start":{"line":14,"column":42},"end":{"line":30,"column":1}},"line":14},"1":{"name":"(anonymous_1)","decl":{"start":{"line":36,"column":32},"end":{"line":36,"column":33}},"loc":{"start":{"line":36,"column":52},"end":{"line":47,"column":1}},"line":36},"2":{"name":"(anonymous_2)","decl":{"start":{"line":53,"column":30},"end":{"line":53,"column":31}},"loc":{"start":{"line":53,"column":50},"end":{"line":61,"column":1}},"line":53}},"branchMap":{"0":{"loc":{"start":{"line":39,"column":18},"end":{"line":39,"column":49}},"type":"binary-expr","locations":[{"start":{"line":39,"column":18},"end":{"line":39,"column":43}},{"start":{"line":39,"column":47},"end":{"line":39,"column":49}}],"line":39}},"s":{"0":0,"1":0,"2":0,"3":0,"4":0,"5":0,"6":0,"7":0,"8":0,"9":0,"10":0,"11":0,"12":0,"13":0,"14":0,"15":0,"16":0,"17":0,"18":0,"19":0,"20":0},"f":{"0":0,"1":0,"2":0},"b":{"0":[0,0]}}
,"C:\\Users\\Daniela\\Desktop\\TPI_Tech_Moms\\server\\controllers\\authControllerNew.js": {"path":"C:\\Users\\Daniela\\Desktop\\TPI_Tech_Moms\\server\\controllers\\authControllerNew.js","statementMap":{"0":{"start":{"line":1,"column":29},"end":{"line":1,"column":57}},"1":{"start":{"line":2,"column":12},"end":{"line":2,"column":35}},"2":{"start":{"line":3,"column":95},"end":{"line":3,"column":115}},"3":{"start":{"line":6,"column":31},"end":{"line":19,"column":1}},"4":{"start":{"line":7,"column":17},"end":{"line":7,"column":38}},"5":{"start":{"line":8,"column":2},"end":{"line":17,"column":3}},"6":{"start":{"line":9,"column":4},"end":{"line":16,"column":7}},"7":{"start":{"line":12,"column":43},"end":{"line":15,"column":7}},"8":{"start":{"line":18,"column":2},"end":{"line":18,"column":14}},"9":{"start":{"line":22,"column":22},"end":{"line":28,"column":1}},"10":{"start":{"line":23,"column":2},"end":{"line":27,"column":4}},"11":{"start":{"line":31,"column":40},"end":{"line":43,"column":1}},"12":{"start":{"line":33,"column":2},"end":{"line":41,"column":3}},"13":{"start":{"line":34,"column":4},"end":{"line":40,"column":5}},"14":{"start":{"line":35,"column":6},"end":{"line":39,"column":8}},"15":{"start":{"line":42,"column":2},"end":{"line":42,"column":27}},"16":{"start":{"line":46,"column":17},"end":{"line":220,"column":1}},"17":{"start":{"line":47,"column":2},"end":{"line":219,"column":3}},"18":{"start":{"line":49,"column":28},"end":{"line":49,"column":60}},"19":{"start":{"line":50,"column":4},"end":{"line":50,"column":48}},"20":{"start":{"line":50,"column":25},"end":{"line":50,"column":48}},"21":{"start":{"line":69,"column":8},"end":{"line":69,"column":16}},"22":{"start":{"line":72,"column":36},"end":{"line":72,"column":69}},"23":{"start":{"line":73,"column":28},"end":{"line":73,"column":72}},"24":{"start":{"line":74,"column":32},"end":{"line":74,"column":57}},"25":{"start":{"line":75,"column":31},"end":{"line":75,"column":55}},"26":{"start":{"line":78,"column":25},"end":{"line":78,"column":53}},"27":{"start":{"line":79,"column":4},"end":{"line":85,"column":5}},"28":{"start":{"line":80,"column":6},"end":{"line":84,"column":9}},"29":{"start":{"line":88,"column":4},"end":{"line":97,"column":5}},"30":{"start":{"line":89,"column":26},"end":{"line":89,"column":57}},"31":{"start":{"line":90,"column":6},"end":{"line":96,"column":7}},"32":{"start":{"line":91,"column":8},"end":{"line":95,"column":11}},"33":{"start":{"line":100,"column":28},"end":{"line":100,"column":94}},"34":{"start":{"line":101,"column":4},"end":{"line":107,"column":5}},"35":{"start":{"line":102,"column":6},"end":{"line":106,"column":9}},"36":{"start":{"line":110,"column":25},"end":{"line":121,"column":5}},"37":{"start":{"line":126,"column":4},"end":{"line":170,"column":5}},"38":{"start":{"line":129,"column":35},"end":{"line":129,"column":50}},"39":{"start":{"line":130,"column":8},"end":{"line":139,"column":9}},"40":{"start":{"line":132,"column":39},"end":{"line":137,"column":11}},"41":{"start":{"line":138,"column":10},"end":{"line":138,"column":79}},"42":{"start":{"line":140,"column":8},"end":{"line":144,"column":11}},"43":{"start":{"line":145,"column":8},"end":{"line":145,"column":14}},"44":{"start":{"line":148,"column":8},"end":{"line":154,"column":11}},"45":{"start":{"line":155,"column":8},"end":{"line":155,"column":14}},"46":{"start":{"line":158,"column":8},"end":{"line":161,"column":11}},"47":{"start":{"line":162,"column":8},"end":{"line":162,"column":14}},"48":{"start":{"line":165,"column":8},"end":{"line":169,"column":11}},"49":{"start":{"line":173,"column":4},"end":{"line":173,"column":25}},"50":{"start":{"line":176,"column":18},"end":{"line":176,"column":44}},"51":{"start":{"line":178,"column":4},"end":{"line":185,"column":7}},"52":{"start":{"line":188,"column":4},"end":{"line":188,"column":47}},"53":{"start":{"line":191,"column":4},"end":{"line":198,"column":5}},"54":{"start":{"line":192,"column":20},"end":{"line":192,"column":52}},"55":{"start":{"line":193,"column":6},"end":{"line":197,"column":9}},"56":{"start":{"line":201,"column":4},"end":{"line":212,"column":5}},"57":{"start":{"line":202,"column":31},"end":{"line":205,"column":9}},"58":{"start":{"line":202,"column":71},"end":{"line":205,"column":7}},"59":{"start":{"line":207,"column":6},"end":{"line":211,"column":9}},"60":{"start":{"line":214,"column":4},"end":{"line":218,"column":7}},"61":{"start":{"line":223,"column":14},"end":{"line":312,"column":1}},"62":{"start":{"line":224,"column":2},"end":{"line":311,"column":3}},"63":{"start":{"line":225,"column":28},"end":{"line":225,"column":60}},"64":{"start":{"line":226,"column":4},"end":{"line":226,"column":48}},"65":{"start":{"line":226,"column":25},"end":{"line":226,"column":48}},"66":{"start":{"line":228,"column":32},"end":{"line":228,"column":40}},"67":{"start":{"line":231,"column":17},"end":{"line":231,"column":45}},"68":{"start":{"line":232,"column":4},"end":{"line":238,"column":5}},"69":{"start":{"line":233,"column":6},"end":{"line":237,"column":9}},"70":{"start":{"line":241,"column":4},"end":{"line":247,"column":5}},"71":{"start":{"line":242,"column":6},"end":{"line":246,"column":9}},"72":{"start":{"line":250,"column":30},"end":{"line":250,"column":66}},"73":{"start":{"line":251,"column":4},"end":{"line":257,"column":5}},"74":{"start":{"line":252,"column":6},"end":{"line":256,"column":9}},"75":{"start":{"line":260,"column":4},"end":{"line":263,"column":6}},"76":{"start":{"line":266,"column":18},"end":{"line":266,"column":41}},"77":{"start":{"line":269,"column":4},"end":{"line":285,"column":5}},"78":{"start":{"line":270,"column":6},"end":{"line":284,"column":7}},"79":{"start":{"line":271,"column":25},"end":{"line":271,"column":38}},"80":{"start":{"line":272,"column":8},"end":{"line":280,"column":11}},"81":{"start":{"line":282,"column":8},"end":{"line":282,"column":92}},"82":{"start":{"line":283,"column":8},"end":{"line":283,"column":24}},"83":{"start":{"line":287,"column":4},"end":{"line":300,"column":5}},"84":{"start":{"line":288,"column":23},"end":{"line":288,"column":36}},"85":{"start":{"line":289,"column":6},"end":{"line":296,"column":9}},"86":{"start":{"line":298,"column":6},"end":{"line":298,"column":69}},"87":{"start":{"line":299,"column":6},"end":{"line":299,"column":22}},"88":{"start":{"line":303,"column":4},"end":{"line":303,"column":44}},"89":{"start":{"line":304,"column":4},"end":{"line":304,"column":47}},"90":{"start":{"line":305,"column":4},"end":{"line":310,"column":7}},"91":{"start":{"line":316,"column":19},"end":{"line":344,"column":1}},"92":{"start":{"line":317,"column":2},"end":{"line":343,"column":3}},"93":{"start":{"line":318,"column":19},"end":{"line":318,"column":30}},"94":{"start":{"line":319,"column":17},"end":{"line":319,"column":43}},"95":{"start":{"line":321,"column":4},"end":{"line":327,"column":5}},"96":{"start":{"line":322,"column":6},"end":{"line":326,"column":9}},"97":{"start":{"line":329,"column":4},"end":{"line":334,"column":7}},"98":{"start":{"line":337,"column":4},"end":{"line":337,"column":49}},"99":{"start":{"line":338,"column":4},"end":{"line":342,"column":7}},"100":{"start":{"line":347,"column":22},"end":{"line":387,"column":1}},"101":{"start":{"line":348,"column":2},"end":{"line":386,"column":3}},"102":{"start":{"line":349,"column":28},"end":{"line":349,"column":60}},"103":{"start":{"line":350,"column":4},"end":{"line":350,"column":48}},"104":{"start":{"line":350,"column":25},"end":{"line":350,"column":48}},"105":{"start":{"line":352,"column":19},"end":{"line":352,"column":30}},"106":{"start":{"line":353,"column":43},"end":{"line":353,"column":51}},"107":{"start":{"line":355,"column":17},"end":{"line":355,"column":43}},"108":{"start":{"line":356,"column":4},"end":{"line":362,"column":5}},"109":{"start":{"line":357,"column":6},"end":{"line":361,"column":9}},"110":{"start":{"line":365,"column":4},"end":{"line":365,"column":46}},"111":{"start":{"line":365,"column":19},"end":{"line":365,"column":46}},"112":{"start":{"line":366,"column":4},"end":{"line":366,"column":43}},"113":{"start":{"line":366,"column":18},"end":{"line":366,"column":43}},"114":{"start":{"line":367,"column":4},"end":{"line":367,"column":48}},"115":{"start":{"line":367,"column":29},"end":{"line":367,"column":48}},"116":{"start":{"line":369,"column":4},"end":{"line":369,"column":22}},"117":{"start":{"line":371,"column":4},"end":{"line":377,"column":7}},"118":{"start":{"line":380,"column":4},"end":{"line":380,"column":52}},"119":{"start":{"line":381,"column":4},"end":{"line":385,"column":7}},"120":{"start":{"line":391,"column":23},"end":{"line":436,"column":1}},"121":{"start":{"line":392,"column":2},"end":{"line":435,"column":3}},"122":{"start":{"line":393,"column":28},"end":{"line":393,"column":60}},"123":{"start":{"line":394,"column":4},"end":{"line":394,"column":48}},"124":{"start":{"line":394,"column":25},"end":{"line":394,"column":48}},"125":{"start":{"line":396,"column":19},"end":{"line":396,"column":30}},"126":{"start":{"line":397,"column":45},"end":{"line":397,"column":53}},"127":{"start":{"line":399,"column":17},"end":{"line":399,"column":43}},"128":{"start":{"line":400,"column":4},"end":{"line":406,"column":5}},"129":{"start":{"line":401,"column":6},"end":{"line":405,"column":9}},"130":{"start":{"line":409,"column":37},"end":{"line":409,"column":80}},"131":{"start":{"line":410,"column":4},"end":{"line":416,"column":5}},"132":{"start":{"line":411,"column":6},"end":{"line":415,"column":9}},"133":{"start":{"line":419,"column":4},"end":{"line":419,"column":32}},"134":{"start":{"line":420,"column":4},"end":{"line":420,"column":36}},"135":{"start":{"line":421,"column":4},"end":{"line":421,"column":22}},"136":{"start":{"line":423,"column":4},"end":{"line":426,"column":7}},"137":{"start":{"line":429,"column":4},"end":{"line":429,"column":53}},"138":{"start":{"line":430,"column":4},"end":{"line":434,"column":7}},"139":{"start":{"line":440,"column":29},"end":{"line":484,"column":1}},"140":{"start":{"line":441,"column":2},"end":{"line":483,"column":3}},"141":{"start":{"line":442,"column":28},"end":{"line":442,"column":60}},"142":{"start":{"line":443,"column":4},"end":{"line":443,"column":48}},"143":{"start":{"line":443,"column":25},"end":{"line":443,"column":48}},"144":{"start":{"line":445,"column":19},"end":{"line":445,"column":30}},"145":{"start":{"line":446,"column":28},"end":{"line":446,"column":36}},"146":{"start":{"line":448,"column":17},"end":{"line":448,"column":43}},"147":{"start":{"line":449,"column":4},"end":{"line":455,"column":5}},"148":{"start":{"line":450,"column":6},"end":{"line":454,"column":9}},"149":{"start":{"line":458,"column":4},"end":{"line":464,"column":5}},"150":{"start":{"line":459,"column":6},"end":{"line":463,"column":9}},"151":{"start":{"line":467,"column":4},"end":{"line":467,"column":32}},"152":{"start":{"line":468,"column":4},"end":{"line":468,"column":36}},"153":{"start":{"line":469,"column":4},"end":{"line":469,"column":22}},"154":{"start":{"line":471,"column":4},"end":{"line":474,"column":7}},"155":{"start":{"line":477,"column":4},"end":{"line":477,"column":59}},"156":{"start":{"line":478,"column":4},"end":{"line":482,"column":7}},"157":{"start":{"line":488,"column":15},"end":{"line":505,"column":1}},"158":{"start":{"line":489,"column":2},"end":{"line":504,"column":3}},"159":{"start":{"line":492,"column":4},"end":{"line":495,"column":7}},"160":{"start":{"line":498,"column":4},"end":{"line":498,"column":45}},"161":{"start":{"line":499,"column":4},"end":{"line":503,"column":7}},"162":{"start":{"line":509,"column":20},"end":{"line":552,"column":1}},"163":{"start":{"line":510,"column":2},"end":{"line":551,"column":3}},"164":{"start":{"line":511,"column":61},"end":{"line":511,"column":70}},"165":{"start":{"line":514,"column":20},"end":{"line":514,"column":42}},"166":{"start":{"line":515,"column":4},"end":{"line":515,"column":37}},"167":{"start":{"line":515,"column":15},"end":{"line":515,"column":37}},"168":{"start":{"line":516,"column":4},"end":{"line":516,"column":67}},"169":{"start":{"line":516,"column":25},"end":{"line":516,"column":67}},"170":{"start":{"line":519,"column":17},"end":{"line":519,"column":35}},"171":{"start":{"line":522,"column":21},"end":{"line":526,"column":30}},"172":{"start":{"line":529,"column":18},"end":{"line":529,"column":58}},"173":{"start":{"line":531,"column":4},"end":{"line":542,"column":7}},"174":{"start":{"line":545,"column":4},"end":{"line":545,"column":50}},"175":{"start":{"line":546,"column":4},"end":{"line":550,"column":7}},"176":{"start":{"line":557,"column":22},"end":{"line":612,"column":1}},"177":{"start":{"line":558,"column":2},"end":{"line":611,"column":3}},"178":{"start":{"line":559,"column":51},"end":{"line":559,"column":60}},"179":{"start":{"line":562,"column":20},"end":{"line":562,"column":40}},"180":{"start":{"line":563,"column":4},"end":{"line":565,"column":5}},"181":{"start":{"line":564,"column":6},"end":{"line":564,"column":55}},"182":{"start":{"line":568,"column":17},"end":{"line":568,"column":35}},"183":{"start":{"line":571,"column":18},"end":{"line":571,"column":56}},"184":{"start":{"line":575,"column":23},"end":{"line":585,"column":30}},"185":{"start":{"line":588,"column":4},"end":{"line":588,"column":69}},"186":{"start":{"line":589,"column":4},"end":{"line":589,"column":97}},"187":{"start":{"line":591,"column":4},"end":{"line":602,"column":7}},"188":{"start":{"line":605,"column":4},"end":{"line":605,"column":52}},"189":{"start":{"line":606,"column":4},"end":{"line":610,"column":7}},"190":{"start":{"line":615,"column":27},"end":{"line":664,"column":1}},"191":{"start":{"line":616,"column":2},"end":{"line":663,"column":3}},"192":{"start":{"line":617,"column":28},"end":{"line":617,"column":60}},"193":{"start":{"line":618,"column":4},"end":{"line":618,"column":48}},"194":{"start":{"line":618,"column":25},"end":{"line":618,"column":48}},"195":{"start":{"line":620,"column":19},"end":{"line":620,"column":30}},"196":{"start":{"line":621,"column":39},"end":{"line":621,"column":47}},"197":{"start":{"line":624,"column":20},"end":{"line":624,"column":53}},"198":{"start":{"line":625,"column":4},"end":{"line":631,"column":5}},"199":{"start":{"line":626,"column":6},"end":{"line":630,"column":9}},"200":{"start":{"line":634,"column":4},"end":{"line":640,"column":5}},"201":{"start":{"line":635,"column":6},"end":{"line":639,"column":9}},"202":{"start":{"line":643,"column":4},"end":{"line":643,"column":37}},"203":{"start":{"line":643,"column":15},"end":{"line":643,"column":37}},"204":{"start":{"line":644,"column":4},"end":{"line":644,"column":67}},"205":{"start":{"line":644,"column":25},"end":{"line":644,"column":67}},"206":{"start":{"line":646,"column":4},"end":{"line":646,"column":25}},"207":{"start":{"line":648,"column":4},"end":{"line":654,"column":7}},"208":{"start":{"line":657,"column":4},"end":{"line":657,"column":57}},"209":{"start":{"line":658,"column":4},"end":{"line":662,"column":7}},"210":{"start":{"line":668,"column":27},"end":{"line":718,"column":1}},"211":{"start":{"line":669,"column":2},"end":{"line":717,"column":3}},"212":{"start":{"line":670,"column":28},"end":{"line":670,"column":60}},"213":{"start":{"line":671,"column":4},"end":{"line":671,"column":48}},"214":{"start":{"line":671,"column":25},"end":{"line":671,"column":48}},"215":{"start":{"line":673,"column":19},"end":{"line":673,"column":30}},"216":{"start":{"line":674,"column":62},"end":{"line":674,"column":70}},"217":{"start":{"line":677,"column":22},"end":{"line":677,"column":53}},"218":{"start":{"line":678,"column":4},"end":{"line":684,"column":5}},"219":{"start":{"line":679,"column":6},"end":{"line":683,"column":9}},"220":{"start":{"line":687,"column":4},"end":{"line":693,"column":5}},"221":{"start":{"line":688,"column":6},"end":{"line":692,"column":9}},"222":{"start":{"line":696,"column":4},"end":{"line":696,"column":66}},"223":{"start":{"line":696,"column":24},"end":{"line":696,"column":66}},"224":{"start":{"line":697,"column":4},"end":{"line":697,"column":77}},"225":{"start":{"line":697,"column":37},"end":{"line":697,"column":77}},"226":{"start":{"line":698,"column":4},"end":{"line":698,"column":66}},"227":{"start":{"line":698,"column":24},"end":{"line":698,"column":66}},"228":{"start":{"line":700,"column":4},"end":{"line":700,"column":27}},"229":{"start":{"line":702,"column":4},"end":{"line":708,"column":7}},"230":{"start":{"line":711,"column":4},"end":{"line":711,"column":57}},"231":{"start":{"line":712,"column":4},"end":{"line":716,"column":7}},"232":{"start":{"line":722,"column":23},"end":{"line":790,"column":1}},"233":{"start":{"line":723,"column":2},"end":{"line":789,"column":3}},"234":{"start":{"line":724,"column":19},"end":{"line":724,"column":29}},"235":{"start":{"line":727,"column":4},"end":{"line":733,"column":5}},"236":{"start":{"line":728,"column":6},"end":{"line":732,"column":9}},"237":{"start":{"line":736,"column":17},"end":{"line":736,"column":39}},"238":{"start":{"line":737,"column":4},"end":{"line":743,"column":5}},"239":{"start":{"line":738,"column":6},"end":{"line":742,"column":9}},"240":{"start":{"line":746,"column":4},"end":{"line":752,"column":5}},"241":{"start":{"line":747,"column":6},"end":{"line":751,"column":9}},"242":{"start":{"line":755,"column":4},"end":{"line":761,"column":5}},"243":{"start":{"line":756,"column":6},"end":{"line":760,"column":9}},"244":{"start":{"line":764,"column":4},"end":{"line":764,"column":26}},"245":{"start":{"line":765,"column":4},"end":{"line":765,"column":22}},"246":{"start":{"line":767,"column":4},"end":{"line":780,"column":7}},"247":{"start":{"line":783,"column":4},"end":{"line":783,"column":53}},"248":{"start":{"line":784,"column":4},"end":{"line":788,"column":7}},"249":{"start":{"line":794,"column":23},"end":{"line":844,"column":1}},"250":{"start":{"line":795,"column":2},"end":{"line":843,"column":3}},"251":{"start":{"line":796,"column":19},"end":{"line":796,"column":29}},"252":{"start":{"line":799,"column":4},"end":{"line":805,"column":5}},"253":{"start":{"line":800,"column":6},"end":{"line":804,"column":9}},"254":{"start":{"line":808,"column":17},"end":{"line":808,"column":39}},"255":{"start":{"line":809,"column":4},"end":{"line":815,"column":5}},"256":{"start":{"line":810,"column":6},"end":{"line":814,"column":9}},"257":{"start":{"line":818,"column":4},"end":{"line":818,"column":25}},"258":{"start":{"line":819,"column":4},"end":{"line":819,"column":22}},"259":{"start":{"line":821,"column":4},"end":{"line":834,"column":7}},"260":{"start":{"line":837,"column":4},"end":{"line":837,"column":53}},"261":{"start":{"line":838,"column":4},"end":{"line":842,"column":7}},"262":{"start":{"line":847,"column":19},"end":{"line":916,"column":1}},"263":{"start":{"line":848,"column":2},"end":{"line":915,"column":3}},"264":{"start":{"line":849,"column":19},"end":{"line":849,"column":29}},"265":{"start":{"line":852,"column":4},"end":{"line":858,"column":5}},"266":{"start":{"line":853,"column":6},"end":{"line":857,"column":9}},"267":{"start":{"line":861,"column":17},"end":{"line":861,"column":39}},"268":{"start":{"line":862,"column":4},"end":{"line":868,"column":5}},"269":{"start":{"line":863,"column":6},"end":{"line":867,"column":9}},"270":{"start":{"line":871,"column":4},"end":{"line":877,"column":5}},"271":{"start":{"line":872,"column":6},"end":{"line":876,"column":9}},"272":{"start":{"line":880,"column":4},"end":{"line":886,"column":5}},"273":{"start":{"line":881,"column":6},"end":{"line":885,"column":9}},"274":{"start":{"line":889,"column":28},"end":{"line":895,"column":5}},"275":{"start":{"line":898,"column":4},"end":{"line":898,"column":41}},"276":{"start":{"line":900,"column":4},"end":{"line":906,"column":7}},"277":{"start":{"line":909,"column":4},"end":{"line":909,"column":49}},"278":{"start":{"line":910,"column":4},"end":{"line":914,"column":7}},"279":{"start":{"line":918,"column":0},"end":{"line":933,"column":2}}},"fnMap":{"0":{"name":"(anonymous_0)","decl":{"start":{"line":6,"column":31},"end":{"line":6,"column":32}},"loc":{"start":{"line":6,"column":45},"end":{"line":19,"column":1}},"line":6},"1":{"name":"(anonymous_1)","decl":{"start":{"line":12,"column":33},"end":{"line":12,"column":34}},"loc":{"start":{"line":12,"column":43},"end":{"line":15,"column":7}},"line":12},"2":{"name":"(anonymous_2)","decl":{"start":{"line":22,"column":22},"end":{"line":22,"column":23}},"loc":{"start":{"line":22,"column":34},"end":{"line":28,"column":1}},"line":22},"3":{"name":"(anonymous_3)","decl":{"start":{"line":31,"column":40},"end":{"line":31,"column":41}},"loc":{"start":{"line":31,"column":62},"end":{"line":43,"column":1}},"line":31},"4":{"name":"(anonymous_4)","decl":{"start":{"line":46,"column":17},"end":{"line":46,"column":18}},"loc":{"start":{"line":46,"column":37},"end":{"line":220,"column":1}},"line":46},"5":{"name":"(anonymous_5)","decl":{"start":{"line":202,"column":63},"end":{"line":202,"column":64}},"loc":{"start":{"line":202,"column":71},"end":{"line":205,"column":7}},"line":202},"6":{"name":"(anonymous_6)","decl":{"start":{"line":223,"column":14},"end":{"line":223,"column":15}},"loc":{"start":{"line":223,"column":34},"end":{"line":312,"column":1}},"line":223},"7":{"name":"(anonymous_7)","decl":{"start":{"line":316,"column":19},"end":{"line":316,"column":20}},"loc":{"start":{"line":316,"column":39},"end":{"line":344,"column":1}},"line":316},"8":{"name":"(anonymous_8)","decl":{"start":{"line":347,"column":22},"end":{"line":347,"column":23}},"loc":{"start":{"line":347,"column":42},"end":{"line":387,"column":1}},"line":347},"9":{"name":"(anonymous_9)","decl":{"start":{"line":391,"column":23},"end":{"line":391,"column":24}},"loc":{"start":{"line":391,"column":43},"end":{"line":436,"column":1}},"line":391},"10":{"name":"(anonymous_10)","decl":{"start":{"line":440,"column":29},"end":{"line":440,"column":30}},"loc":{"start":{"line":440,"column":49},"end":{"line":484,"column":1}},"line":440},"11":{"name":"(anonymous_11)","decl":{"start":{"line":488,"column":15},"end":{"line":488,"column":16}},"loc":{"start":{"line":488,"column":35},"end":{"line":505,"column":1}},"line":488},"12":{"name":"(anonymous_12)","decl":{"start":{"line":509,"column":20},"end":{"line":509,"column":21}},"loc":{"start":{"line":509,"column":40},"end":{"line":552,"column":1}},"line":509},"13":{"name":"(anonymous_13)","decl":{"start":{"line":557,"column":22},"end":{"line":557,"column":23}},"loc":{"start":{"line":557,"column":42},"end":{"line":612,"column":1}},"line":557},"14":{"name":"(anonymous_14)","decl":{"start":{"line":615,"column":27},"end":{"line":615,"column":28}},"loc":{"start":{"line":615,"column":47},"end":{"line":664,"column":1}},"line":615},"15":{"name":"(anonymous_15)","decl":{"start":{"line":668,"column":27},"end":{"line":668,"column":28}},"loc":{"start":{"line":668,"column":47},"end":{"line":718,"column":1}},"line":668},"16":{"name":"(anonymous_16)","decl":{"start":{"line":722,"column":23},"end":{"line":722,"column":24}},"loc":{"start":{"line":722,"column":43},"end":{"line":790,"column":1}},"line":722},"17":{"name":"(anonymous_17)","decl":{"start":{"line":794,"column":23},"end":{"line":794,"column":24}},"loc":{"start":{"line":794,"column":43},"end":{"line":844,"column":1}},"line":794},"18":{"name":"(anonymous_18)","decl":{"start":{"line":847,"column":19},"end":{"line":847,"column":20}},"loc":{"start":{"line":847,"column":39},"end":{"line":916,"column":1}},"line":847}},"branchMap":{"0":{"loc":{"start":{"line":8,"column":2},"end":{"line":17,"column":3}},"type":"if","locations":[{"start":{"line":8,"column":2},"end":{"line":17,"column":3}},{"start":{},"end":{}}],"line":8},"1":{"loc":{"start":{"line":25,"column":4},"end":{"line":25,"column":48}},"type":"binary-expr","locations":[{"start":{"line":25,"column":4},"end":{"line":25,"column":26}},{"start":{"line":25,"column":30},"end":{"line":25,"column":48}}],"line":25},"2":{"loc":{"start":{"line":33,"column":2},"end":{"line":41,"column":3}},"type":"if","locations":[{"start":{"line":33,"column":2},"end":{"line":41,"column":3}},{"start":{},"end":{}}],"line":33},"3":{"loc":{"start":{"line":33,"column":6},"end":{"line":33,"column":45}},"type":"binary-expr","locations":[{"start":{"line":33,"column":6},"end":{"line":33,"column":25}},{"start":{"line":33,"column":29},"end":{"line":33,"column":45}}],"line":33},"4":{"loc":{"start":{"line":34,"column":4},"end":{"line":40,"column":5}},"type":"if","locations":[{"start":{"line":34,"column":4},"end":{"line":40,"column":5}},{"start":{},"end":{}}],"line":34},"5":{"loc":{"start":{"line":50,"column":4},"end":{"line":50,"column":48}},"type":"if","locations":[{"start":{"line":50,"column":4},"end":{"line":50,"column":48}},{"start":{},"end":{}}],"line":50},"6":{"loc":{"start":{"line":57,"column":6},"end":{"line":57,"column":25}},"type":"default-arg","locations":[{"start":{"line":57,"column":13},"end":{"line":57,"column":25}}],"line":57},"7":{"loc":{"start":{"line":79,"column":4},"end":{"line":85,"column":5}},"type":"if","locations":[{"start":{"line":79,"column":4},"end":{"line":85,"column":5}},{"start":{},"end":{}}],"line":79},"8":{"loc":{"start":{"line":88,"column":4},"end":{"line":97,"column":5}},"type":"if","locations":[{"start":{"line":88,"column":4},"end":{"line":97,"column":5}},{"start":{},"end":{}}],"line":88},"9":{"loc":{"start":{"line":90,"column":6},"end":{"line":96,"column":7}},"type":"if","locations":[{"start":{"line":90,"column":6},"end":{"line":96,"column":7}},{"start":{},"end":{}}],"line":90},"10":{"loc":{"start":{"line":101,"column":4},"end":{"line":107,"column":5}},"type":"if","locations":[{"start":{"line":101,"column":4},"end":{"line":107,"column":5}},{"start":{},"end":{}}],"line":101},"11":{"loc":{"start":{"line":112,"column":16},"end":{"line":112,"column":31}},"type":"binary-expr","locations":[{"start":{"line":112,"column":16},"end":{"line":112,"column":24}},{"start":{"line":112,"column":28},"end":{"line":112,"column":31}}],"line":112},"12":{"loc":{"start":{"line":120,"column":17},"end":{"line":120,"column":77}},"type":"binary-expr","locations":[{"start":{"line":120,"column":17},"end":{"line":120,"column":26}},{"start":{"line":120,"column":31},"end":{"line":120,"column":76}}],"line":120},"13":{"loc":{"start":{"line":120,"column":31},"end":{"line":120,"column":76}},"type":"cond-expr","locations":[{"start":{"line":120,"column":55},"end":{"line":120,"column":65}},{"start":{"line":120,"column":68},"end":{"line":120,"column":76}}],"line":120},"14":{"loc":{"start":{"line":126,"column":4},"end":{"line":170,"column":5}},"type":"switch","locations":[{"start":{"line":127,"column":6},"end":{"line":145,"column":14}},{"start":{"line":147,"column":6},"end":{"line":155,"column":14}},{"start":{"line":157,"column":6},"end":{"line":162,"column":14}},{"start":{"line":164,"column":6},"end":{"line":169,"column":11}}],"line":126},"15":{"loc":{"start":{"line":130,"column":8},"end":{"line":139,"column":9}},"type":"if","locations":[{"start":{"line":130,"column":8},"end":{"line":139,"column":9}},{"start":{},"end":{}}],"line":130},"16":{"loc":{"start":{"line":130,"column":12},"end":{"line":130,"column":41}},"type":"binary-expr","locations":[{"start":{"line":130,"column":12},"end":{"line":130,"column":21}},{"start":{"line":130,"column":25},"end":{"line":130,"column":41}}],"line":130},"17":{"loc":{"start":{"line":138,"column":33},"end":{"line":138,"column":78}},"type":"binary-expr","locations":[{"start":{"line":138,"column":33},"end":{"line":138,"column":64}},{"start":{"line":138,"column":68},"end":{"line":138,"column":78}}],"line":138},"18":{"loc":{"start":{"line":143,"column":27},"end":{"line":143,"column":61}},"type":"binary-expr","locations":[{"start":{"line":143,"column":27},"end":{"line":143,"column":47}},{"start":{"line":143,"column":51},"end":{"line":143,"column":61}}],"line":143},"19":{"loc":{"start":{"line":160,"column":20},"end":{"line":160,"column":41}},"type":"binary-expr","locations":[{"start":{"line":160,"column":20},"end":{"line":160,"column":28}},{"start":{"line":160,"column":32},"end":{"line":160,"column":41}}],"line":160},"20":{"loc":{"start":{"line":191,"column":4},"end":{"line":198,"column":5}},"type":"if","locations":[{"start":{"line":191,"column":4},"end":{"line":198,"column":5}},{"start":{},"end":{}}],"line":191},"21":{"loc":{"start":{"line":201,"column":4},"end":{"line":212,"column":5}},"type":"if","locations":[{"start":{"line":201,"column":4},"end":{"line":212,"column":5}},{"start":{},"end":{}}],"line":201},"22":{"loc":{"start":{"line":226,"column":4},"end":{"line":226,"column":48}},"type":"if","locations":[{"start":{"line":226,"column":4},"end":{"line":226,"column":48}},{"start":{},"end":{}}],"line":226},"23":{"loc":{"start":{"line":232,"column":4},"end":{"line":238,"column":5}},"type":"if","locations":[{"start":{"line":232,"column":4},"end":{"line":238,"column":5}},{"start":{},"end":{}}],"line":232},"24":{"loc":{"start":{"line":241,"column":4},"end":{"line":247,"column":5}},"type":"if","locations":[{"start":{"line":241,"column":4},"end":{"line":247,"column":5}},{"start":{},"end":{}}],"line":241},"25":{"loc":{"start":{"line":251,"column":4},"end":{"line":257,"column":5}},"type":"if","locations":[{"start":{"line":251,"column":4},"end":{"line":257,"column":5}},{"start":{},"end":{}}],"line":251},"26":{"loc":{"start":{"line":269,"column":4},"end":{"line":285,"column":5}},"type":"if","locations":[{"start":{"line":269,"column":4},"end":{"line":285,"column":5}},{"start":{},"end":{}}],"line":269},"27":{"loc":{"start":{"line":309,"column":13},"end":{"line":309,"column":79}},"type":"cond-expr","locations":[{"start":{"line":309,"column":54},"end":{"line":309,"column":67}},{"start":{"line":309,"column":70},"end":{"line":309,"column":79}}],"line":309},"28":{"loc":{"start":{"line":321,"column":4},"end":{"line":327,"column":5}},"type":"if","locations":[{"start":{"line":321,"column":4},"end":{"line":327,"column":5}},{"start":{},"end":{}}],"line":321},"29":{"loc":{"start":{"line":350,"column":4},"end":{"line":350,"column":48}},"type":"if","locations":[{"start":{"line":350,"column":4},"end":{"line":350,"column":48}},{"start":{},"end":{}}],"line":350},"30":{"loc":{"start":{"line":356,"column":4},"end":{"line":362,"column":5}},"type":"if","locations":[{"start":{"line":356,"column":4},"end":{"line":362,"column":5}},{"start":{},"end":{}}],"line":356},"31":{"loc":{"start":{"line":365,"column":4},"end":{"line":365,"column":46}},"type":"if","locations":[{"start":{"line":365,"column":4},"end":{"line":365,"column":46}},{"start":{},"end":{}}],"line":365},"32":{"loc":{"start":{"line":366,"column":4},"end":{"line":366,"column":43}},"type":"if","locations":[{"start":{"line":366,"column":4},"end":{"line":366,"column":43}},{"start":{},"end":{}}],"line":366},"33":{"loc":{"start":{"line":367,"column":4},"end":{"line":367,"column":48}},"type":"if","locations":[{"start":{"line":367,"column":4},"end":{"line":367,"column":48}},{"start":{},"end":{}}],"line":367},"34":{"loc":{"start":{"line":394,"column":4},"end":{"line":394,"column":48}},"type":"if","locations":[{"start":{"line":394,"column":4},"end":{"line":394,"column":48}},{"start":{},"end":{}}],"line":394},"35":{"loc":{"start":{"line":400,"column":4},"end":{"line":406,"column":5}},"type":"if","locations":[{"start":{"line":400,"column":4},"end":{"line":406,"column":5}},{"start":{},"end":{}}],"line":400},"36":{"loc":{"start":{"line":410,"column":4},"end":{"line":416,"column":5}},"type":"if","locations":[{"start":{"line":410,"column":4},"end":{"line":416,"column":5}},{"start":{},"end":{}}],"line":410},"37":{"loc":{"start":{"line":443,"column":4},"end":{"line":443,"column":48}},"type":"if","locations":[{"start":{"line":443,"column":4},"end":{"line":443,"column":48}},{"start":{},"end":{}}],"line":443},"38":{"loc":{"start":{"line":449,"column":4},"end":{"line":455,"column":5}},"type":"if","locations":[{"start":{"line":449,"column":4},"end":{"line":455,"column":5}},{"start":{},"end":{}}],"line":449},"39":{"loc":{"start":{"line":458,"column":4},"end":{"line":464,"column":5}},"type":"if","locations":[{"start":{"line":458,"column":4},"end":{"line":464,"column":5}},{"start":{},"end":{}}],"line":458},"40":{"loc":{"start":{"line":511,"column":36},"end":{"line":511,"column":44}},"type":"default-arg","locations":[{"start":{"line":511,"column":43},"end":{"line":511,"column":44}}],"line":511},"41":{"loc":{"start":{"line":511,"column":46},"end":{"line":511,"column":56}},"type":"default-arg","locations":[{"start":{"line":511,"column":54},"end":{"line":511,"column":56}}],"line":511},"42":{"loc":{"start":{"line":515,"column":4},"end":{"line":515,"column":37}},"type":"if","locations":[{"start":{"line":515,"column":4},"end":{"line":515,"column":37}},{"start":{},"end":{}}],"line":515},"43":{"loc":{"start":{"line":516,"column":4},"end":{"line":516,"column":67}},"type":"if","locations":[{"start":{"line":516,"column":4},"end":{"line":516,"column":67}},{"start":{},"end":{}}],"line":516},"44":{"loc":{"start":{"line":559,"column":26},"end":{"line":559,"column":34}},"type":"default-arg","locations":[{"start":{"line":559,"column":33},"end":{"line":559,"column":34}}],"line":559},"45":{"loc":{"start":{"line":559,"column":36},"end":{"line":559,"column":46}},"type":"default-arg","locations":[{"start":{"line":559,"column":44},"end":{"line":559,"column":46}}],"line":559},"46":{"loc":{"start":{"line":563,"column":4},"end":{"line":565,"column":5}},"type":"if","locations":[{"start":{"line":563,"column":4},"end":{"line":565,"column":5}},{"start":{},"end":{}}],"line":563},"47":{"loc":{"start":{"line":618,"column":4},"end":{"line":618,"column":48}},"type":"if","locations":[{"start":{"line":618,"column":4},"end":{"line":618,"column":48}},{"start":{},"end":{}}],"line":618},"48":{"loc":{"start":{"line":625,"column":4},"end":{"line":631,"column":5}},"type":"if","locations":[{"start":{"line":625,"column":4},"end":{"line":631,"column":5}},{"start":{},"end":{}}],"line":625},"49":{"loc":{"start":{"line":634,"column":4},"end":{"line":640,"column":5}},"type":"if","locations":[{"start":{"line":634,"column":4},"end":{"line":640,"column":5}},{"start":{},"end":{}}],"line":634},"50":{"loc":{"start":{"line":643,"column":4},"end":{"line":643,"column":37}},"type":"if","locations":[{"start":{"line":643,"column":4},"end":{"line":643,"column":37}},{"start":{},"end":{}}],"line":643},"51":{"loc":{"start":{"line":644,"column":4},"end":{"line":644,"column":67}},"type":"if","locations":[{"start":{"line":644,"column":4},"end":{"line":644,"column":67}},{"start":{},"end":{}}],"line":644},"52":{"loc":{"start":{"line":671,"column":4},"end":{"line":671,"column":48}},"type":"if","locations":[{"start":{"line":671,"column":4},"end":{"line":671,"column":48}},{"start":{},"end":{}}],"line":671},"53":{"loc":{"start":{"line":678,"column":4},"end":{"line":684,"column":5}},"type":"if","locations":[{"start":{"line":678,"column":4},"end":{"line":684,"column":5}},{"start":{},"end":{}}],"line":678},"54":{"loc":{"start":{"line":687,"column":4},"end":{"line":693,"column":5}},"type":"if","locations":[{"start":{"line":687,"column":4},"end":{"line":693,"column":5}},{"start":{},"end":{}}],"line":687},"55":{"loc":{"start":{"line":696,"column":4},"end":{"line":696,"column":66}},"type":"if","locations":[{"start":{"line":696,"column":4},"end":{"line":696,"column":66}},{"start":{},"end":{}}],"line":696},"56":{"loc":{"start":{"line":697,"column":4},"end":{"line":697,"column":77}},"type":"if","locations":[{"start":{"line":697,"column":4},"end":{"line":697,"column":77}},{"start":{},"end":{}}],"line":697},"57":{"loc":{"start":{"line":698,"column":4},"end":{"line":698,"column":66}},"type":"if","locations":[{"start":{"line":698,"column":4},"end":{"line":698,"column":66}},{"start":{},"end":{}}],"line":698},"58":{"loc":{"start":{"line":727,"column":4},"end":{"line":733,"column":5}},"type":"if","locations":[{"start":{"line":727,"column":4},"end":{"line":733,"column":5}},{"start":{},"end":{}}],"line":727},"59":{"loc":{"start":{"line":737,"column":4},"end":{"line":743,"column":5}},"type":"if","locations":[{"start":{"line":737,"column":4},"end":{"line":743,"column":5}},{"start":{},"end":{}}],"line":737},"60":{"loc":{"start":{"line":746,"column":4},"end":{"line":752,"column":5}},"type":"if","locations":[{"start":{"line":746,"column":4},"end":{"line":752,"column":5}},{"start":{},"end":{}}],"line":746},"61":{"loc":{"start":{"line":755,"column":4},"end":{"line":761,"column":5}},"type":"if","locations":[{"start":{"line":755,"column":4},"end":{"line":761,"column":5}},{"start":{},"end":{}}],"line":755},"62":{"loc":{"start":{"line":799,"column":4},"end":{"line":805,"column":5}},"type":"if","locations":[{"start":{"line":799,"column":4},"end":{"line":805,"column":5}},{"start":{},"end":{}}],"line":799},"63":{"loc":{"start":{"line":809,"column":4},"end":{"line":815,"column":5}},"type":"if","locations":[{"start":{"line":809,"column":4},"end":{"line":815,"column":5}},{"start":{},"end":{}}],"line":809},"64":{"loc":{"start":{"line":852,"column":4},"end":{"line":858,"column":5}},"type":"if","locations":[{"start":{"line":852,"column":4},"end":{"line":858,"column":5}},{"start":{},"end":{}}],"line":852},"65":{"loc":{"start":{"line":862,"column":4},"end":{"line":868,"column":5}},"type":"if","locations":[{"start":{"line":862,"column":4},"end":{"line":868,"column":5}},{"start":{},"end":{}}],"line":862},"66":{"loc":{"start":{"line":871,"column":4},"end":{"line":877,"column":5}},"type":"if","locations":[{"start":{"line":871,"column":4},"end":{"line":877,"column":5}},{"start":{},"end":{}}],"line":871},"67":{"loc":{"start":{"line":880,"column":4},"end":{"line":886,"column":5}},"type":"if","locations":[{"start":{"line":880,"column":4},"end":{"line":886,"column":5}},{"start":{},"end":{}}],"line":880}},"s":{"0":0,"1":0,"2":0,"3":0,"4":0,"5":0,"6":0,"7":0,"8":0,"9":0,"10":0,"11":0,"12":0,"13":0,"14":0,"15":0,"16":0,"17":0,"18":0,"19":0,"20":0,"21":0,"22":0,"23":0,"24":0,"25":0,"26":0,"27":0,"28":0,"29":0,"30":0,"31":0,"32":0,"33":0,"34":0,"35":0,"36":0,"37":0,"38":0,"39":0,"40":0,"41":0,"42":0,"43":0,"44":0,"45":0,"46":0,"47":0,"48":0,"49":0,"50":0,"51":0,"52":0,"53":0,"54":0,"55":0,"56":0,"57":0,"58":0,"59":0,"60":0,"61":0,"62":0,"63":0,"64":0,"65":0,"66":0,"67":0,"68":0,"69":0,"70":0,"71":0,"72":0,"73":0,"74":0,"75":0,"76":0,"77":0,"78":0,"79":0,"80":0,"81":0,"82":0,"83":0,"84":0,"85":0,"86":0,"87":0,"88":0,"89":0,"90":0,"91":0,"92":0,"93":0,"94":0,"95":0,"96":0,"97":0,"98":0,"99":0,"100":0,"101":0,"102":0,"103":0,"104":0,"105":0,"106":0,"107":0,"108":0,"109":0,"110":0,"111":0,"112":0,"113":0,"114":0,"115":0,"116":0,"117":0,"118":0,"119":0,"120":0,"121":0,"122":0,"123":0,"124":0,"125":0,"126":0,"127":0,"128":0,"129":0,"130":0,"131":0,"132":0,"133":0,"134":0,"135":0,"136":0,"137":0,"138":0,"139":0,"140":0,"141":0,"142":0,"143":0,"144":0,"145":0,"146":0,"147":0,"148":0,"149":0,"150":0,"151":0,"152":0,"153":0,"154":0,"155":0,"156":0,"157":0,"158":0,"159":0,"160":0,"161":0,"162":0,"163":0,"164":0,"165":0,"166":0,"167":0,"168":0,"169":0,"170":0,"171":0,"172":0,"173":0,"174":0,"175":0,"176":0,"177":0,"178":0,"179":0,"180":0,"181":0,"182":0,"183":0,"184":0,"185":0,"186":0,"187":0,"188":0,"189":0,"190":0,"191":0,"192":0,"193":0,"194":0,"195":0,"196":0,"197":0,"198":0,"199":0,"200":0,"201":0,"202":0,"203":0,"204":0,"205":0,"206":0,"207":0,"208":0,"209":0,"210":0,"211":0,"212":0,"213":0,"214":0,"215":0,"216":0,"217":0,"218":0,"219":0,"220":0,"221":0,"222":0,"223":0,"224":0,"225":0,"226":0,"227":0,"228":0,"229":0,"230":0,"231":0,"232":0,"233":0,"234":0,"235":0,"236":0,"237":0,"238":0,"239":0,"240":0,"241":0,"242":0,"243":0,"244":0,"245":0,"246":0,"247":0,"248":0,"249":0,"250":0,"251":0,"252":0,"253":0,"254":0,"255":0,"256":0,"257":0,"258":0,"259":0,"260":0,"261":0,"262":0,"263":0,"264":0,"265":0,"266":0,"267":0,"268":0,"269":0,"270":0,"271":0,"272":0,"273":0,"274":0,"275":0,"276":0,"277":0,"278":0,"279":0},"f":{"0":0,"1":0,"2":0,"3":0,"4":0,"5":0,"6":0,"7":0,"8":0,"9":0,"10":0,"11":0,"12":0,"13":0,"14":0,"15":0,"16":0,"17":0,"18":0},"b":{"0":[0,0],"1":[0,0],"2":[0,0],"3":[0,0],"4":[0,0],"5":[0,0],"6":[0],"7":[0,0],"8":[0,0],"9":[0,0],"10":[0,0],"11":[0,0],"12":[0,0],"13":[0,0],"14":[0,0,0,0],"15":[0,0],"16":[0,0],"17":[0,0],"18":[0,0],"19":[0,0],"20":[0,0],"21":[0,0],"22":[0,0],"23":[0,0],"24":[0,0],"25":[0,0],"26":[0,0],"27":[0,0],"28":[0,0],"29":[0,0],"30":[0,0],"31":[0,0],"32":[0,0],"33":[0,0],"34":[0,0],"35":[0,0],"36":[0,0],"37":[0,0],"38":[0,0],"39":[0,0],"40":[0],"41":[0],"42":[0,0],"43":[0,0],"44":[0],"45":[0],"46":[0,0],"47":[0,0],"48":[0,0],"49":[0,0],"50":[0,0],"51":[0,0],"52":[0,0],"53":[0,0],"54":[0,0],"55":[0,0],"56":[0,0],"57":[0,0],"58":[0,0],"59":[0,0],"60":[0,0],"61":[0,0],"62":[0,0],"63":[0,0],"64":[0,0],"65":[0,0],"66":[0,0],"67":[0,0]}}
,"C:\\Users\\Daniela\\Desktop\\TPI_Tech_Moms\\server\\controllers\\autorizarFactura.controller.js": {"path":"C:\\Users\\Daniela\\Desktop\\TPI_Tech_Moms\\server\\controllers\\autorizarFactura.controller.js","statementMap":{"0":{"start":{"line":7,"column":0},"end":{"line":68,"column":2}},"1":{"start":{"line":8,"column":4},"end":{"line":67,"column":5}},"2":{"start":{"line":9,"column":23},"end":{"line":9,"column":33}},"3":{"start":{"line":10,"column":24},"end":{"line":10,"column":58}},"4":{"start":{"line":13,"column":30},"end":{"line":13,"column":56}},"5":{"start":{"line":14,"column":8},"end":{"line":19,"column":9}},"6":{"start":{"line":15,"column":12},"end":{"line":18,"column":15}},"7":{"start":{"line":21,"column":8},"end":{"line":26,"column":9}},"8":{"start":{"line":22,"column":12},"end":{"line":25,"column":15}},"9":{"start":{"line":29,"column":29},"end":{"line":29,"column":80}},"10":{"start":{"line":31,"column":41},"end":{"line":36,"column":37}},"11":{"start":{"line":39,"column":37},"end":{"line":42,"column":10}},"12":{"start":{"line":40,"column":31},"end":{"line":40,"column":70}},"13":{"start":{"line":41,"column":12},"end":{"line":41,"column":45}},"14":{"start":{"line":44,"column":8},"end":{"line":51,"column":9}},"15":{"start":{"line":45,"column":38},"end":{"line":45,"column":95}},"16":{"start":{"line":45,"column":68},"end":{"line":45,"column":83}},"17":{"start":{"line":46,"column":12},"end":{"line":50,"column":15}},"18":{"start":{"line":54,"column":31},"end":{"line":54,"column":77}},"19":{"start":{"line":55,"column":26},"end":{"line":55,"column":67}},"20":{"start":{"line":57,"column":8},"end":{"line":61,"column":11}},"21":{"start":{"line":63,"column":8},"end":{"line":66,"column":11}}},"fnMap":{"0":{"name":"(anonymous_0)","decl":{"start":{"line":7,"column":31},"end":{"line":7,"column":32}},"loc":{"start":{"line":7,"column":51},"end":{"line":68,"column":1}},"line":7},"1":{"name":"(anonymous_1)","decl":{"start":{"line":39,"column":69},"end":{"line":39,"column":70}},"loc":{"start":{"line":39,"column":74},"end":{"line":42,"column":9}},"line":39},"2":{"name":"(anonymous_2)","decl":{"start":{"line":45,"column":63},"end":{"line":45,"column":64}},"loc":{"start":{"line":45,"column":68},"end":{"line":45,"column":83}},"line":45}},"branchMap":{"0":{"loc":{"start":{"line":14,"column":8},"end":{"line":19,"column":9}},"type":"if","locations":[{"start":{"line":14,"column":8},"end":{"line":19,"column":9}},{"start":{},"end":{}}],"line":14},"1":{"loc":{"start":{"line":21,"column":8},"end":{"line":26,"column":9}},"type":"if","locations":[{"start":{"line":21,"column":8},"end":{"line":26,"column":9}},{"start":{},"end":{}}],"line":21},"2":{"loc":{"start":{"line":44,"column":8},"end":{"line":51,"column":9}},"type":"if","locations":[{"start":{"line":44,"column":8},"end":{"line":51,"column":9}},{"start":{},"end":{}}],"line":44}},"s":{"0":0,"1":0,"2":0,"3":0,"4":0,"5":0,"6":0,"7":0,"8":0,"9":0,"10":0,"11":0,"12":0,"13":0,"14":0,"15":0,"16":0,"17":0,"18":0,"19":0,"20":0,"21":0},"f":{"0":0,"1":0,"2":0},"b":{"0":[0,0],"1":[0,0],"2":[0,0]}}
,"C:\\Users\\Daniela\\Desktop\\TPI_Tech_Moms\\server\\controllers\\clasesController.js": {"path":"C:\\Users\\Daniela\\Desktop\\TPI_Tech_Moms\\server\\controllers\\clasesController.js","statementMap":{"0":{"start":{"line":2,"column":22},"end":{"line":2,"column":58}},"1":{"start":{"line":8,"column":0},"end":{"line":33,"column":2}},"2":{"start":{"line":9,"column":2},"end":{"line":32,"column":3}},"3":{"start":{"line":10,"column":20},"end":{"line":18,"column":5}},"4":{"start":{"line":20,"column":22},"end":{"line":20,"column":105}},"5":{"start":{"line":22,"column":4},"end":{"line":26,"column":7}},"6":{"start":{"line":28,"column":4},"end":{"line":31,"column":7}},"7":{"start":{"line":39,"column":0},"end":{"line":53,"column":2}},"8":{"start":{"line":40,"column":2},"end":{"line":52,"column":3}},"9":{"start":{"line":41,"column":18},"end":{"line":41,"column":65}},"10":{"start":{"line":43,"column":4},"end":{"line":46,"column":7}},"11":{"start":{"line":48,"column":4},"end":{"line":51,"column":7}},"12":{"start":{"line":59,"column":0},"end":{"line":74,"column":2}},"13":{"start":{"line":60,"column":2},"end":{"line":73,"column":3}},"14":{"start":{"line":61,"column":18},"end":{"line":61,"column":59}},"15":{"start":{"line":63,"column":4},"end":{"line":67,"column":7}},"16":{"start":{"line":69,"column":4},"end":{"line":72,"column":7}},"17":{"start":{"line":80,"column":0},"end":{"line":95,"column":2}},"18":{"start":{"line":81,"column":2},"end":{"line":94,"column":3}},"19":{"start":{"line":82,"column":18},"end":{"line":82,"column":74}},"20":{"start":{"line":84,"column":4},"end":{"line":88,"column":7}},"21":{"start":{"line":90,"column":4},"end":{"line":93,"column":7}},"22":{"start":{"line":101,"column":0},"end":{"line":117,"column":2}},"23":{"start":{"line":102,"column":2},"end":{"line":116,"column":3}},"24":{"start":{"line":103,"column":23},"end":{"line":103,"column":31}},"25":{"start":{"line":104,"column":18},"end":{"line":104,"column":74}},"26":{"start":{"line":106,"column":4},"end":{"line":110,"column":7}},"27":{"start":{"line":112,"column":4},"end":{"line":115,"column":7}},"28":{"start":{"line":123,"column":0},"end":{"line":149,"column":2}},"29":{"start":{"line":124,"column":2},"end":{"line":148,"column":3}},"30":{"start":{"line":125,"column":23},"end":{"line":125,"column":31}},"31":{"start":{"line":127,"column":4},"end":{"line":132,"column":5}},"32":{"start":{"line":128,"column":6},"end":{"line":131,"column":9}},"33":{"start":{"line":134,"column":18},"end":{"line":134,"column":65}},"34":{"start":{"line":135,"column":4},"end":{"line":135,"column":26}},"35":{"start":{"line":136,"column":4},"end":{"line":136,"column":23}},"36":{"start":{"line":138,"column":4},"end":{"line":142,"column":7}},"37":{"start":{"line":144,"column":4},"end":{"line":147,"column":7}},"38":{"start":{"line":155,"column":0},"end":{"line":180,"column":2}},"39":{"start":{"line":156,"column":2},"end":{"line":179,"column":3}},"40":{"start":{"line":157,"column":64},"end":{"line":157,"column":72}},"41":{"start":{"line":158,"column":26},"end":{"line":158,"column":53}},"42":{"start":{"line":160,"column":18},"end":{"line":167,"column":5}},"43":{"start":{"line":169,"column":4},"end":{"line":173,"column":7}},"44":{"start":{"line":175,"column":4},"end":{"line":178,"column":7}},"45":{"start":{"line":186,"column":0},"end":{"line":237,"column":2}},"46":{"start":{"line":187,"column":2},"end":{"line":236,"column":3}},"47":{"start":{"line":188,"column":52},"end":{"line":188,"column":60}},"48":{"start":{"line":189,"column":25},"end":{"line":189,"column":52}},"49":{"start":{"line":190,"column":26},"end":{"line":190,"column":38}},"50":{"start":{"line":193,"column":18},"end":{"line":193,"column":65}},"51":{"start":{"line":194,"column":30},"end":{"line":196,"column":5}},"52":{"start":{"line":195,"column":13},"end":{"line":195,"column":68}},"53":{"start":{"line":198,"column":4},"end":{"line":203,"column":5}},"54":{"start":{"line":199,"column":6},"end":{"line":202,"column":9}},"55":{"start":{"line":206,"column":18},"end":{"line":206,"column":28}},"56":{"start":{"line":207,"column":23},"end":{"line":207,"column":48}},"57":{"start":{"line":208,"column":28},"end":{"line":208,"column":67}},"58":{"start":{"line":210,"column":4},"end":{"line":215,"column":5}},"59":{"start":{"line":211,"column":6},"end":{"line":214,"column":9}},"60":{"start":{"line":217,"column":29},"end":{"line":224,"column":5}},"61":{"start":{"line":226,"column":4},"end":{"line":230,"column":7}},"62":{"start":{"line":232,"column":4},"end":{"line":235,"column":7}},"63":{"start":{"line":243,"column":0},"end":{"line":265,"column":2}},"64":{"start":{"line":244,"column":2},"end":{"line":264,"column":3}},"65":{"start":{"line":245,"column":28},"end":{"line":245,"column":36}},"66":{"start":{"line":246,"column":26},"end":{"line":246,"column":53}},"67":{"start":{"line":248,"column":18},"end":{"line":252,"column":5}},"68":{"start":{"line":254,"column":4},"end":{"line":258,"column":7}},"69":{"start":{"line":260,"column":4},"end":{"line":263,"column":7}},"70":{"start":{"line":271,"column":0},"end":{"line":289,"column":2}},"71":{"start":{"line":272,"column":2},"end":{"line":288,"column":3}},"72":{"start":{"line":273,"column":18},"end":{"line":273,"column":65}},"73":{"start":{"line":275,"column":4},"end":{"line":282,"column":7}},"74":{"start":{"line":284,"column":4},"end":{"line":287,"column":7}},"75":{"start":{"line":295,"column":0},"end":{"line":319,"column":2}},"76":{"start":{"line":296,"column":2},"end":{"line":318,"column":3}},"77":{"start":{"line":297,"column":38},"end":{"line":297,"column":48}},"78":{"start":{"line":300,"column":4},"end":{"line":305,"column":5}},"79":{"start":{"line":301,"column":6},"end":{"line":304,"column":9}},"80":{"start":{"line":307,"column":25},"end":{"line":307,"column":91}},"81":{"start":{"line":309,"column":4},"end":{"line":312,"column":7}},"82":{"start":{"line":314,"column":4},"end":{"line":317,"column":7}},"83":{"start":{"line":325,"column":0},"end":{"line":340,"column":2}},"84":{"start":{"line":326,"column":2},"end":{"line":339,"column":3}},"85":{"start":{"line":327,"column":18},"end":{"line":327,"column":67}},"86":{"start":{"line":329,"column":4},"end":{"line":333,"column":7}},"87":{"start":{"line":335,"column":4},"end":{"line":338,"column":7}},"88":{"start":{"line":346,"column":0},"end":{"line":367,"column":2}},"89":{"start":{"line":347,"column":2},"end":{"line":366,"column":3}},"90":{"start":{"line":348,"column":23},"end":{"line":348,"column":50}},"91":{"start":{"line":349,"column":20},"end":{"line":353,"column":5}},"92":{"start":{"line":355,"column":19},"end":{"line":355,"column":79}},"93":{"start":{"line":357,"column":4},"end":{"line":360,"column":7}},"94":{"start":{"line":362,"column":4},"end":{"line":365,"column":7}},"95":{"start":{"line":373,"column":0},"end":{"line":393,"column":2}},"96":{"start":{"line":374,"column":2},"end":{"line":392,"column":3}},"97":{"start":{"line":375,"column":20},"end":{"line":379,"column":5}},"98":{"start":{"line":381,"column":19},"end":{"line":381,"column":90}},"99":{"start":{"line":383,"column":4},"end":{"line":386,"column":7}},"100":{"start":{"line":388,"column":4},"end":{"line":391,"column":7}},"101":{"start":{"line":399,"column":0},"end":{"line":421,"column":2}},"102":{"start":{"line":400,"column":2},"end":{"line":420,"column":3}},"103":{"start":{"line":401,"column":25},"end":{"line":401,"column":52}},"104":{"start":{"line":402,"column":4},"end":{"line":402,"column":70}},"105":{"start":{"line":403,"column":20},"end":{"line":407,"column":5}},"106":{"start":{"line":409,"column":19},"end":{"line":409,"column":83}},"107":{"start":{"line":411,"column":4},"end":{"line":414,"column":7}},"108":{"start":{"line":416,"column":4},"end":{"line":419,"column":7}},"109":{"start":{"line":427,"column":0},"end":{"line":444,"column":2}},"110":{"start":{"line":428,"column":2},"end":{"line":443,"column":3}},"111":{"start":{"line":429,"column":25},"end":{"line":429,"column":52}},"112":{"start":{"line":430,"column":20},"end":{"line":430,"column":35}},"113":{"start":{"line":432,"column":25},"end":{"line":432,"column":91}},"114":{"start":{"line":434,"column":4},"end":{"line":437,"column":7}},"115":{"start":{"line":439,"column":4},"end":{"line":442,"column":7}},"116":{"start":{"line":450,"column":0},"end":{"line":467,"column":2}},"117":{"start":{"line":451,"column":2},"end":{"line":466,"column":3}},"118":{"start":{"line":452,"column":22},"end":{"line":452,"column":49}},"119":{"start":{"line":453,"column":19},"end":{"line":453,"column":51}},"120":{"start":{"line":455,"column":19},"end":{"line":455,"column":75}},"121":{"start":{"line":457,"column":4},"end":{"line":460,"column":7}},"122":{"start":{"line":462,"column":4},"end":{"line":465,"column":7}},"123":{"start":{"line":473,"column":0},"end":{"line":511,"column":2}},"124":{"start":{"line":474,"column":2},"end":{"line":510,"column":3}},"125":{"start":{"line":475,"column":22},"end":{"line":475,"column":49}},"126":{"start":{"line":476,"column":38},"end":{"line":476,"column":47}},"127":{"start":{"line":478,"column":29},"end":{"line":478,"column":66}},"128":{"start":{"line":481,"column":4},"end":{"line":499,"column":5}},"129":{"start":{"line":482,"column":6},"end":{"line":486,"column":8}},"130":{"start":{"line":489,"column":21},"end":{"line":489,"column":31}},"131":{"start":{"line":490,"column":6},"end":{"line":490,"column":24}},"132":{"start":{"line":491,"column":6},"end":{"line":491,"column":34}},"133":{"start":{"line":493,"column":18},"end":{"line":493,"column":28}},"134":{"start":{"line":494,"column":6},"end":{"line":494,"column":39}},"135":{"start":{"line":495,"column":6},"end":{"line":495,"column":21}},"136":{"start":{"line":496,"column":6},"end":{"line":496,"column":36}},"137":{"start":{"line":498,"column":6},"end":{"line":498,"column":84}},"138":{"start":{"line":501,"column":4},"end":{"line":504,"column":7}},"139":{"start":{"line":506,"column":4},"end":{"line":509,"column":7}},"140":{"start":{"line":517,"column":0},"end":{"line":539,"column":2}},"141":{"start":{"line":518,"column":2},"end":{"line":538,"column":3}},"142":{"start":{"line":519,"column":26},"end":{"line":519,"column":36}},"143":{"start":{"line":520,"column":38},"end":{"line":520,"column":47}},"144":{"start":{"line":522,"column":29},"end":{"line":522,"column":66}},"145":{"start":{"line":524,"column":19},"end":{"line":524,"column":67}},"146":{"start":{"line":525,"column":16},"end":{"line":525,"column":95}},"147":{"start":{"line":527,"column":20},"end":{"line":527,"column":87}},"148":{"start":{"line":529,"column":4},"end":{"line":532,"column":7}},"149":{"start":{"line":534,"column":4},"end":{"line":537,"column":7}},"150":{"start":{"line":545,"column":0},"end":{"line":563,"column":2}},"151":{"start":{"line":546,"column":2},"end":{"line":562,"column":3}},"152":{"start":{"line":547,"column":22},"end":{"line":547,"column":49}},"153":{"start":{"line":548,"column":29},"end":{"line":548,"column":66}},"154":{"start":{"line":550,"column":27},"end":{"line":550,"column":85}},"155":{"start":{"line":552,"column":4},"end":{"line":556,"column":7}},"156":{"start":{"line":558,"column":4},"end":{"line":561,"column":7}},"157":{"start":{"line":569,"column":0},"end":{"line":583,"column":2}},"158":{"start":{"line":570,"column":2},"end":{"line":582,"column":3}},"159":{"start":{"line":571,"column":25},"end":{"line":571,"column":85}},"160":{"start":{"line":573,"column":4},"end":{"line":576,"column":7}},"161":{"start":{"line":578,"column":4},"end":{"line":581,"column":7}},"162":{"start":{"line":589,"column":0},"end":{"line":603,"column":2}},"163":{"start":{"line":590,"column":2},"end":{"line":602,"column":3}},"164":{"start":{"line":591,"column":25},"end":{"line":591,"column":71}},"165":{"start":{"line":593,"column":4},"end":{"line":596,"column":7}},"166":{"start":{"line":598,"column":4},"end":{"line":601,"column":7}}},"fnMap":{"0":{"name":"(anonymous_0)","decl":{"start":{"line":8,"column":23},"end":{"line":8,"column":24}},"loc":{"start":{"line":8,"column":43},"end":{"line":33,"column":1}},"line":8},"1":{"name":"(anonymous_1)","decl":{"start":{"line":39,"column":28},"end":{"line":39,"column":29}},"loc":{"start":{"line":39,"column":48},"end":{"line":53,"column":1}},"line":39},"2":{"name":"(anonymous_2)","decl":{"start":{"line":59,"column":21},"end":{"line":59,"column":22}},"loc":{"start":{"line":59,"column":41},"end":{"line":74,"column":1}},"line":59},"3":{"name":"(anonymous_3)","decl":{"start":{"line":80,"column":22},"end":{"line":80,"column":23}},"loc":{"start":{"line":80,"column":42},"end":{"line":95,"column":1}},"line":80},"4":{"name":"(anonymous_4)","decl":{"start":{"line":101,"column":24},"end":{"line":101,"column":25}},"loc":{"start":{"line":101,"column":44},"end":{"line":117,"column":1}},"line":101},"5":{"name":"(anonymous_5)","decl":{"start":{"line":123,"column":29},"end":{"line":123,"column":30}},"loc":{"start":{"line":123,"column":49},"end":{"line":149,"column":1}},"line":123},"6":{"name":"(anonymous_6)","decl":{"start":{"line":155,"column":30},"end":{"line":155,"column":31}},"loc":{"start":{"line":155,"column":50},"end":{"line":180,"column":1}},"line":155},"7":{"name":"(anonymous_7)","decl":{"start":{"line":186,"column":32},"end":{"line":186,"column":33}},"loc":{"start":{"line":186,"column":52},"end":{"line":237,"column":1}},"line":186},"8":{"name":"(anonymous_8)","decl":{"start":{"line":195,"column":6},"end":{"line":195,"column":7}},"loc":{"start":{"line":195,"column":13},"end":{"line":195,"column":68}},"line":195},"9":{"name":"(anonymous_9)","decl":{"start":{"line":243,"column":38},"end":{"line":243,"column":39}},"loc":{"start":{"line":243,"column":58},"end":{"line":265,"column":1}},"line":243},"10":{"name":"(anonymous_10)","decl":{"start":{"line":271,"column":33},"end":{"line":271,"column":34}},"loc":{"start":{"line":271,"column":53},"end":{"line":289,"column":1}},"line":271},"11":{"name":"(anonymous_11)","decl":{"start":{"line":295,"column":40},"end":{"line":295,"column":41}},"loc":{"start":{"line":295,"column":60},"end":{"line":319,"column":1}},"line":295},"12":{"name":"(anonymous_12)","decl":{"start":{"line":325,"column":25},"end":{"line":325,"column":26}},"loc":{"start":{"line":325,"column":45},"end":{"line":340,"column":1}},"line":325},"13":{"name":"(anonymous_13)","decl":{"start":{"line":346,"column":32},"end":{"line":346,"column":33}},"loc":{"start":{"line":346,"column":52},"end":{"line":367,"column":1}},"line":346},"14":{"name":"(anonymous_14)","decl":{"start":{"line":373,"column":35},"end":{"line":373,"column":36}},"loc":{"start":{"line":373,"column":55},"end":{"line":393,"column":1}},"line":373},"15":{"name":"(anonymous_15)","decl":{"start":{"line":399,"column":34},"end":{"line":399,"column":35}},"loc":{"start":{"line":399,"column":54},"end":{"line":421,"column":1}},"line":399},"16":{"name":"(anonymous_16)","decl":{"start":{"line":427,"column":26},"end":{"line":427,"column":27}},"loc":{"start":{"line":427,"column":46},"end":{"line":444,"column":1}},"line":427},"17":{"name":"(anonymous_17)","decl":{"start":{"line":450,"column":32},"end":{"line":450,"column":33}},"loc":{"start":{"line":450,"column":52},"end":{"line":467,"column":1}},"line":450},"18":{"name":"(anonymous_18)","decl":{"start":{"line":473,"column":30},"end":{"line":473,"column":31}},"loc":{"start":{"line":473,"column":50},"end":{"line":511,"column":1}},"line":473},"19":{"name":"(anonymous_19)","decl":{"start":{"line":517,"column":35},"end":{"line":517,"column":36}},"loc":{"start":{"line":517,"column":55},"end":{"line":539,"column":1}},"line":517},"20":{"name":"(anonymous_20)","decl":{"start":{"line":545,"column":32},"end":{"line":545,"column":33}},"loc":{"start":{"line":545,"column":52},"end":{"line":563,"column":1}},"line":545},"21":{"name":"(anonymous_21)","decl":{"start":{"line":569,"column":35},"end":{"line":569,"column":36}},"loc":{"start":{"line":569,"column":55},"end":{"line":583,"column":1}},"line":569},"22":{"name":"(anonymous_22)","decl":{"start":{"line":589,"column":39},"end":{"line":589,"column":40}},"loc":{"start":{"line":589,"column":59},"end":{"line":603,"column":1}},"line":589}},"branchMap":{"0":{"loc":{"start":{"line":20,"column":64},"end":{"line":20,"column":104}},"type":"binary-expr","locations":[{"start":{"line":20,"column":64},"end":{"line":20,"column":78}},{"start":{"line":20,"column":82},"end":{"line":20,"column":104}}],"line":20},"1":{"loc":{"start":{"line":127,"column":4},"end":{"line":132,"column":5}},"type":"if","locations":[{"start":{"line":127,"column":4},"end":{"line":132,"column":5}},{"start":{},"end":{}}],"line":127},"2":{"loc":{"start":{"line":158,"column":26},"end":{"line":158,"column":53}},"type":"binary-expr","locations":[{"start":{"line":158,"column":26},"end":{"line":158,"column":37}},{"start":{"line":158,"column":41},"end":{"line":158,"column":53}}],"line":158},"3":{"loc":{"start":{"line":189,"column":25},"end":{"line":189,"column":52}},"type":"binary-expr","locations":[{"start":{"line":189,"column":25},"end":{"line":189,"column":36}},{"start":{"line":189,"column":40},"end":{"line":189,"column":52}}],"line":189},"4":{"loc":{"start":{"line":195,"column":14},"end":{"line":195,"column":28}},"type":"binary-expr","locations":[{"start":{"line":195,"column":14},"end":{"line":195,"column":21}},{"start":{"line":195,"column":25},"end":{"line":195,"column":28}}],"line":195},"5":{"loc":{"start":{"line":198,"column":4},"end":{"line":203,"column":5}},"type":"if","locations":[{"start":{"line":198,"column":4},"end":{"line":203,"column":5}},{"start":{},"end":{}}],"line":198},"6":{"loc":{"start":{"line":210,"column":4},"end":{"line":215,"column":5}},"type":"if","locations":[{"start":{"line":210,"column":4},"end":{"line":215,"column":5}},{"start":{},"end":{}}],"line":210},"7":{"loc":{"start":{"line":221,"column":6},"end":{"line":221,"column":23}},"type":"binary-expr","locations":[{"start":{"line":221,"column":6},"end":{"line":221,"column":18}},{"start":{"line":221,"column":22},"end":{"line":221,"column":23}}],"line":221},"8":{"loc":{"start":{"line":222,"column":6},"end":{"line":222,"column":23}},"type":"binary-expr","locations":[{"start":{"line":222,"column":6},"end":{"line":222,"column":17}},{"start":{"line":222,"column":21},"end":{"line":222,"column":23}}],"line":222},"9":{"loc":{"start":{"line":246,"column":26},"end":{"line":246,"column":53}},"type":"binary-expr","locations":[{"start":{"line":246,"column":26},"end":{"line":246,"column":37}},{"start":{"line":246,"column":41},"end":{"line":246,"column":53}}],"line":246},"10":{"loc":{"start":{"line":300,"column":4},"end":{"line":305,"column":5}},"type":"if","locations":[{"start":{"line":300,"column":4},"end":{"line":305,"column":5}},{"start":{},"end":{}}],"line":300},"11":{"loc":{"start":{"line":300,"column":8},"end":{"line":300,"column":99}},"type":"binary-expr","locations":[{"start":{"line":300,"column":8},"end":{"line":300,"column":38}},{"start":{"line":300,"column":42},"end":{"line":300,"column":99}}],"line":300},"12":{"loc":{"start":{"line":300,"column":43},"end":{"line":300,"column":70}},"type":"binary-expr","locations":[{"start":{"line":300,"column":43},"end":{"line":300,"column":54}},{"start":{"line":300,"column":58},"end":{"line":300,"column":70}}],"line":300},"13":{"loc":{"start":{"line":348,"column":23},"end":{"line":348,"column":50}},"type":"binary-expr","locations":[{"start":{"line":348,"column":23},"end":{"line":348,"column":34}},{"start":{"line":348,"column":38},"end":{"line":348,"column":50}}],"line":348},"14":{"loc":{"start":{"line":401,"column":25},"end":{"line":401,"column":52}},"type":"binary-expr","locations":[{"start":{"line":401,"column":25},"end":{"line":401,"column":36}},{"start":{"line":401,"column":40},"end":{"line":401,"column":52}}],"line":401},"15":{"loc":{"start":{"line":429,"column":25},"end":{"line":429,"column":52}},"type":"binary-expr","locations":[{"start":{"line":429,"column":25},"end":{"line":429,"column":36}},{"start":{"line":429,"column":40},"end":{"line":429,"column":52}}],"line":429},"16":{"loc":{"start":{"line":452,"column":22},"end":{"line":452,"column":49}},"type":"binary-expr","locations":[{"start":{"line":452,"column":22},"end":{"line":452,"column":33}},{"start":{"line":452,"column":37},"end":{"line":452,"column":49}}],"line":452},"17":{"loc":{"start":{"line":453,"column":19},"end":{"line":453,"column":51}},"type":"binary-expr","locations":[{"start":{"line":453,"column":19},"end":{"line":453,"column":45}},{"start":{"line":453,"column":49},"end":{"line":453,"column":51}}],"line":453},"18":{"loc":{"start":{"line":475,"column":22},"end":{"line":475,"column":49}},"type":"binary-expr","locations":[{"start":{"line":475,"column":22},"end":{"line":475,"column":33}},{"start":{"line":475,"column":37},"end":{"line":475,"column":49}}],"line":475},"19":{"loc":{"start":{"line":481,"column":4},"end":{"line":499,"column":5}},"type":"if","locations":[{"start":{"line":481,"column":4},"end":{"line":499,"column":5}},{"start":{"line":487,"column":11},"end":{"line":499,"column":5}}],"line":481},"20":{"loc":{"start":{"line":481,"column":8},"end":{"line":481,"column":31}},"type":"binary-expr","locations":[{"start":{"line":481,"column":8},"end":{"line":481,"column":19}},{"start":{"line":481,"column":23},"end":{"line":481,"column":31}}],"line":481},"21":{"loc":{"start":{"line":524,"column":19},"end":{"line":524,"column":67}},"type":"cond-expr","locations":[{"start":{"line":524,"column":33},"end":{"line":524,"column":54}},{"start":{"line":524,"column":57},"end":{"line":524,"column":67}}],"line":524},"22":{"loc":{"start":{"line":525,"column":16},"end":{"line":525,"column":95}},"type":"cond-expr","locations":[{"start":{"line":525,"column":27},"end":{"line":525,"column":45}},{"start":{"line":525,"column":48},"end":{"line":525,"column":95}}],"line":525},"23":{"loc":{"start":{"line":547,"column":22},"end":{"line":547,"column":49}},"type":"binary-expr","locations":[{"start":{"line":547,"column":22},"end":{"line":547,"column":33}},{"start":{"line":547,"column":37},"end":{"line":547,"column":49}}],"line":547}},"s":{"0":0,"1":0,"2":0,"3":0,"4":0,"5":0,"6":0,"7":0,"8":0,"9":0,"10":0,"11":0,"12":0,"13":0,"14":0,"15":0,"16":0,"17":0,"18":0,"19":0,"20":0,"21":0,"22":0,"23":0,"24":0,"25":0,"26":0,"27":0,"28":0,"29":0,"30":0,"31":0,"32":0,"33":0,"34":0,"35":0,"36":0,"37":0,"38":0,"39":0,"40":0,"41":0,"42":0,"43":0,"44":0,"45":0,"46":0,"47":0,"48":0,"49":0,"50":0,"51":0,"52":0,"53":0,"54":0,"55":0,"56":0,"57":0,"58":0,"59":0,"60":0,"61":0,"62":0,"63":0,"64":0,"65":0,"66":0,"67":0,"68":0,"69":0,"70":0,"71":0,"72":0,"73":0,"74":0,"75":0,"76":0,"77":0,"78":0,"79":0,"80":0,"81":0,"82":0,"83":0,"84":0,"85":0,"86":0,"87":0,"88":0,"89":0,"90":0,"91":0,"92":0,"93":0,"94":0,"95":0,"96":0,"97":0,"98":0,"99":0,"100":0,"101":0,"102":0,"103":0,"104":0,"105":0,"106":0,"107":0,"108":0,"109":0,"110":0,"111":0,"112":0,"113":0,"114":0,"115":0,"116":0,"117":0,"118":0,"119":0,"120":0,"121":0,"122":0,"123":0,"124":0,"125":0,"126":0,"127":0,"128":0,"129":0,"130":0,"131":0,"132":0,"133":0,"134":0,"135":0,"136":0,"137":0,"138":0,"139":0,"140":0,"141":0,"142":0,"143":0,"144":0,"145":0,"146":0,"147":0,"148":0,"149":0,"150":0,"151":0,"152":0,"153":0,"154":0,"155":0,"156":0,"157":0,"158":0,"159":0,"160":0,"161":0,"162":0,"163":0,"164":0,"165":0,"166":0},"f":{"0":0,"1":0,"2":0,"3":0,"4":0,"5":0,"6":0,"7":0,"8":0,"9":0,"10":0,"11":0,"12":0,"13":0,"14":0,"15":0,"16":0,"17":0,"18":0,"19":0,"20":0,"21":0,"22":0},"b":{"0":[0,0],"1":[0,0],"2":[0,0],"3":[0,0],"4":[0,0],"5":[0,0],"6":[0,0],"7":[0,0],"8":[0,0],"9":[0,0],"10":[0,0],"11":[0,0],"12":[0,0],"13":[0,0],"14":[0,0],"15":[0,0],"16":[0,0],"17":[0,0],"18":[0,0],"19":[0,0],"20":[0,0],"21":[0,0],"22":[0,0],"23":[0,0]}}
,"C:\\Users\\Daniela\\Desktop\\TPI_Tech_Moms\\server\\controllers\\cobros.controller.js": {"path":"C:\\Users\\Daniela\\Desktop\\TPI_Tech_Moms\\server\\controllers\\cobros.controller.js","statementMap":{"0":{"start":{"line":1,"column":21},"end":{"line":1,"column":57}},"1":{"start":{"line":3,"column":18},"end":{"line":3,"column":20}},"2":{"start":{"line":31,"column":0},"end":{"line":63,"column":2}},"3":{"start":{"line":32,"column":4},"end":{"line":62,"column":5}},"4":{"start":{"line":36,"column":8},"end":{"line":47,"column":9}},"5":{"start":{"line":38,"column":12},"end":{"line":38,"column":76}},"6":{"start":{"line":39,"column":15},"end":{"line":47,"column":9}},"7":{"start":{"line":41,"column":12},"end":{"line":41,"column":68}},"8":{"start":{"line":43,"column":12},"end":{"line":46,"column":15}},"9":{"start":{"line":49,"column":8},"end":{"line":56,"column":11}},"10":{"start":{"line":58,"column":8},"end":{"line":61,"column":11}},"11":{"start":{"line":69,"column":0},"end":{"line":112,"column":2}},"12":{"start":{"line":70,"column":4},"end":{"line":111,"column":5}},"13":{"start":{"line":71,"column":29},"end":{"line":71,"column":56}},"14":{"start":{"line":74,"column":27},"end":{"line":77,"column":9}},"15":{"start":{"line":79,"column":8},"end":{"line":79,"column":70}},"16":{"start":{"line":84,"column":8},"end":{"line":95,"column":9}},"17":{"start":{"line":86,"column":12},"end":{"line":86,"column":78}},"18":{"start":{"line":87,"column":15},"end":{"line":95,"column":9}},"19":{"start":{"line":89,"column":12},"end":{"line":89,"column":70}},"20":{"start":{"line":91,"column":12},"end":{"line":94,"column":15}},"21":{"start":{"line":97,"column":8},"end":{"line":104,"column":11}},"22":{"start":{"line":106,"column":8},"end":{"line":106,"column":57}},"23":{"start":{"line":107,"column":8},"end":{"line":110,"column":11}},"24":{"start":{"line":118,"column":0},"end":{"line":134,"column":2}},"25":{"start":{"line":119,"column":4},"end":{"line":133,"column":5}},"26":{"start":{"line":120,"column":29},"end":{"line":120,"column":56}},"27":{"start":{"line":121,"column":23},"end":{"line":121,"column":82}},"28":{"start":{"line":123,"column":8},"end":{"line":127,"column":11}},"29":{"start":{"line":129,"column":8},"end":{"line":132,"column":11}},"30":{"start":{"line":140,"column":0},"end":{"line":175,"column":2}},"31":{"start":{"line":141,"column":4},"end":{"line":174,"column":5}},"32":{"start":{"line":142,"column":23},"end":{"line":142,"column":33}},"33":{"start":{"line":143,"column":29},"end":{"line":143,"column":56}},"34":{"start":{"line":144,"column":24},"end":{"line":144,"column":77}},"35":{"start":{"line":146,"column":22},"end":{"line":146,"column":62}},"36":{"start":{"line":149,"column":34},"end":{"line":149,"column":74}},"37":{"start":{"line":151,"column":8},"end":{"line":151,"column":54}},"38":{"start":{"line":152,"column":8},"end":{"line":152,"column":77}},"39":{"start":{"line":153,"column":8},"end":{"line":153,"column":74}},"40":{"start":{"line":154,"column":8},"end":{"line":154,"column":44}},"41":{"start":{"line":157,"column":8},"end":{"line":162,"column":9}},"42":{"start":{"line":158,"column":12},"end":{"line":161,"column":15}},"43":{"start":{"line":164,"column":8},"end":{"line":167,"column":11}},"44":{"start":{"line":169,"column":8},"end":{"line":169,"column":54}},"45":{"start":{"line":170,"column":8},"end":{"line":173,"column":11}},"46":{"start":{"line":181,"column":0},"end":{"line":197,"column":2}},"47":{"start":{"line":182,"column":4},"end":{"line":196,"column":5}},"48":{"start":{"line":183,"column":33},"end":{"line":183,"column":43}},"49":{"start":{"line":184,"column":23},"end":{"line":184,"column":82}},"50":{"start":{"line":186,"column":8},"end":{"line":190,"column":11}},"51":{"start":{"line":192,"column":8},"end":{"line":195,"column":11}},"52":{"start":{"line":203,"column":0},"end":{"line":218,"column":2}},"53":{"start":{"line":204,"column":4},"end":{"line":217,"column":5}},"54":{"start":{"line":205,"column":23},"end":{"line":205,"column":65}},"55":{"start":{"line":207,"column":8},"end":{"line":211,"column":11}},"56":{"start":{"line":213,"column":8},"end":{"line":216,"column":11}},"57":{"start":{"line":224,"column":0},"end":{"line":240,"column":2}},"58":{"start":{"line":225,"column":4},"end":{"line":239,"column":5}},"59":{"start":{"line":226,"column":30},"end":{"line":226,"column":40}},"60":{"start":{"line":227,"column":23},"end":{"line":227,"column":76}},"61":{"start":{"line":229,"column":8},"end":{"line":233,"column":11}},"62":{"start":{"line":235,"column":8},"end":{"line":238,"column":11}},"63":{"start":{"line":242,"column":0},"end":{"line":242,"column":27}}},"fnMap":{"0":{"name":"(anonymous_0)","decl":{"start":{"line":31,"column":24},"end":{"line":31,"column":25}},"loc":{"start":{"line":31,"column":44},"end":{"line":63,"column":1}},"line":31},"1":{"name":"(anonymous_1)","decl":{"start":{"line":69,"column":28},"end":{"line":69,"column":29}},"loc":{"start":{"line":69,"column":48},"end":{"line":112,"column":1}},"line":69},"2":{"name":"(anonymous_2)","decl":{"start":{"line":118,"column":25},"end":{"line":118,"column":26}},"loc":{"start":{"line":118,"column":45},"end":{"line":134,"column":1}},"line":118},"3":{"name":"(anonymous_3)","decl":{"start":{"line":140,"column":25},"end":{"line":140,"column":26}},"loc":{"start":{"line":140,"column":45},"end":{"line":175,"column":1}},"line":140},"4":{"name":"(anonymous_4)","decl":{"start":{"line":181,"column":34},"end":{"line":181,"column":35}},"loc":{"start":{"line":181,"column":54},"end":{"line":197,"column":1}},"line":181},"5":{"name":"(anonymous_5)","decl":{"start":{"line":203,"column":25},"end":{"line":203,"column":26}},"loc":{"start":{"line":203,"column":45},"end":{"line":218,"column":1}},"line":203},"6":{"name":"(anonymous_6)","decl":{"start":{"line":224,"column":31},"end":{"line":224,"column":32}},"loc":{"start":{"line":224,"column":51},"end":{"line":240,"column":1}},"line":224}},"branchMap":{"0":{"loc":{"start":{"line":36,"column":8},"end":{"line":47,"column":9}},"type":"if","locations":[{"start":{"line":36,"column":8},"end":{"line":47,"column":9}},{"start":{"line":39,"column":15},"end":{"line":47,"column":9}}],"line":36},"1":{"loc":{"start":{"line":36,"column":12},"end":{"line":36,"column":65}},"type":"binary-expr","locations":[{"start":{"line":36,"column":12},"end":{"line":36,"column":29}},{"start":{"line":36,"column":33},"end":{"line":36,"column":65}}],"line":36},"2":{"loc":{"start":{"line":39,"column":15},"end":{"line":47,"column":9}},"type":"if","locations":[{"start":{"line":39,"column":15},"end":{"line":47,"column":9}},{"start":{"line":42,"column":15},"end":{"line":47,"column":9}}],"line":39},"3":{"loc":{"start":{"line":39,"column":19},"end":{"line":39,"column":53}},"type":"binary-expr","locations":[{"start":{"line":39,"column":19},"end":{"line":39,"column":35}},{"start":{"line":39,"column":39},"end":{"line":39,"column":53}}],"line":39},"4":{"loc":{"start":{"line":54,"column":38},"end":{"line":54,"column":102}},"type":"binary-expr","locations":[{"start":{"line":54,"column":38},"end":{"line":54,"column":68}},{"start":{"line":54,"column":72},"end":{"line":54,"column":102}}],"line":54},"5":{"loc":{"start":{"line":71,"column":29},"end":{"line":71,"column":56}},"type":"binary-expr","locations":[{"start":{"line":71,"column":29},"end":{"line":71,"column":41}},{"start":{"line":71,"column":45},"end":{"line":71,"column":56}}],"line":71},"6":{"loc":{"start":{"line":84,"column":8},"end":{"line":95,"column":9}},"type":"if","locations":[{"start":{"line":84,"column":8},"end":{"line":95,"column":9}},{"start":{"line":87,"column":15},"end":{"line":95,"column":9}}],"line":84},"7":{"loc":{"start":{"line":84,"column":12},"end":{"line":84,"column":69}},"type":"binary-expr","locations":[{"start":{"line":84,"column":12},"end":{"line":84,"column":31}},{"start":{"line":84,"column":35},"end":{"line":84,"column":69}}],"line":84},"8":{"loc":{"start":{"line":87,"column":15},"end":{"line":95,"column":9}},"type":"if","locations":[{"start":{"line":87,"column":15},"end":{"line":95,"column":9}},{"start":{"line":90,"column":15},"end":{"line":95,"column":9}}],"line":87},"9":{"loc":{"start":{"line":87,"column":19},"end":{"line":87,"column":57}},"type":"binary-expr","locations":[{"start":{"line":87,"column":19},"end":{"line":87,"column":37}},{"start":{"line":87,"column":41},"end":{"line":87,"column":57}}],"line":87},"10":{"loc":{"start":{"line":102,"column":38},"end":{"line":102,"column":102}},"type":"binary-expr","locations":[{"start":{"line":102,"column":38},"end":{"line":102,"column":68}},{"start":{"line":102,"column":72},"end":{"line":102,"column":102}}],"line":102},"11":{"loc":{"start":{"line":120,"column":29},"end":{"line":120,"column":56}},"type":"binary-expr","locations":[{"start":{"line":120,"column":29},"end":{"line":120,"column":41}},{"start":{"line":120,"column":45},"end":{"line":120,"column":56}}],"line":120},"12":{"loc":{"start":{"line":143,"column":29},"end":{"line":143,"column":56}},"type":"binary-expr","locations":[{"start":{"line":143,"column":29},"end":{"line":143,"column":41}},{"start":{"line":143,"column":45},"end":{"line":143,"column":56}}],"line":143},"13":{"loc":{"start":{"line":144,"column":24},"end":{"line":144,"column":77}},"type":"binary-expr","locations":[{"start":{"line":144,"column":24},"end":{"line":144,"column":48}},{"start":{"line":144,"column":52},"end":{"line":144,"column":77}}],"line":144},"14":{"loc":{"start":{"line":149,"column":34},"end":{"line":149,"column":74}},"type":"binary-expr","locations":[{"start":{"line":149,"column":34},"end":{"line":149,"column":54}},{"start":{"line":149,"column":58},"end":{"line":149,"column":74}}],"line":149},"15":{"loc":{"start":{"line":157,"column":8},"end":{"line":162,"column":9}},"type":"if","locations":[{"start":{"line":157,"column":8},"end":{"line":162,"column":9}},{"start":{},"end":{}}],"line":157},"16":{"loc":{"start":{"line":157,"column":12},"end":{"line":157,"column":80}},"type":"binary-expr","locations":[{"start":{"line":157,"column":12},"end":
[...]
end":{"line":31,"column":28}},"9":{"start":{"line":32,"column":11},"end":{"line":34,"column":5}},"10":{"start":{"line":33,"column":6},"end":{"line":33,"column":29}},"11":{"start":{"line":38,"column":2},"end":{"line":40,"column":3}},"12":{"start":{"line":39,"column":4},"end":{"line":39,"column":32}},"13":{"start":{"line":45,"column":2},"end":{"line":119,"column":3}},"14":{"start":{"line":46,"column":27},"end":{"line":46,"column":44}},"15":{"start":{"line":50,"column":4},"end":{"line":100,"column":5}},"16":{"start":{"line":55,"column":8},"end":{"line":61,"column":10}},"17":{"start":{"line":62,"column":8},"end":{"line":62,"column":14}},"18":{"start":{"line":68,"column":8},"end":{"line":74,"column":10}},"19":{"start":{"line":75,"column":8},"end":{"line":75,"column":14}},"20":{"start":{"line":80,"column":8},"end":{"line":92,"column":10}},"21":{"start":{"line":93,"column":8},"end":{"line":93,"column":14}},"22":{"start":{"line":97,"column":8},"end":{"line":97,"column":41}},"23":{"start":{"line":98,"column":8},"end":{"line":98,"column":31}},"24":{"start":{"line":99,"column":8},"end":{"line":99,"column":14}},"25":{"start":{"line":103,"column":4},"end":{"line":118,"column":5}},"26":{"start":{"line":105,"column":6},"end":{"line":117,"column":7}},"27":{"start":{"line":106,"column":8},"end":{"line":106,"column":48}},"28":{"start":{"line":107,"column":8},"end":{"line":107,"column":45}},"29":{"start":{"line":108,"column":8},"end":{"line":108,"column":25}},"30":{"start":{"line":109,"column":8},"end":{"line":109,"column":36}},"31":{"start":{"line":112,"column":8},"end":{"line":116,"column":9}},"32":{"start":{"line":113,"column":10},"end":{"line":113,"column":42}},"33":{"start":{"line":115,"column":10},"end":{"line":115,"column":48}},"34":{"start":{"line":121,"column":2},"end":{"line":121,"column":15}},"35":{"start":{"line":130,"column":0},"end":{"line":143,"column":2}},"36":{"start":{"line":131,"column":16},"end":{"line":131,"column":52}},"37":{"start":{"line":133,"column":25},"end":{"line":138,"column":3}},"38":{"start":{"line":140,"column":23},"end":{"line":140,"column":57}},"39":{"start":{"line":142,"column":2},"end":{"line":142,"column":58}},"40":{"start":{"line":149,"column":0},"end":{"line":225,"column":2}},"41":{"start":{"line":150,"column":24},"end":{"line":150,"column":76}},"42":{"start":{"line":153,"column":25},"end":{"line":160,"column":4}},"43":{"start":{"line":162,"column":27},"end":{"line":165,"column":4}},"44":{"start":{"line":168,"column":28},"end":{"line":181,"column":4}},"45":{"start":{"line":184,"column":21},"end":{"line":197,"column":4}},"46":{"start":{"line":200,"column":25},"end":{"line":213,"column":4}},"47":{"start":{"line":215,"column":2},"end":{"line":224,"column":4}},"48":{"start":{"line":233,"column":0},"end":{"line":241,"column":2}},"49":{"start":{"line":234,"column":18},"end":{"line":234,"column":62}},"50":{"start":{"line":236,"column":2},"end":{"line":238,"column":3}},"51":{"start":{"line":237,"column":4},"end":{"line":237,"column":48}},"52":{"start":{"line":240,"column":2},"end":{"line":240,"column":17}},"53":{"start":{"line":249,"column":0},"end":{"line":275,"column":2}},"54":{"start":{"line":251,"column":2},"end":{"line":251,"column":53}},"55":{"start":{"line":254,"column":34},"end":{"line":254,"column":67}},"56":{"start":{"line":255,"column":21},"end":{"line":255,"column":46}},"57":{"start":{"line":257,"column":2},"end":{"line":259,"column":3}},"58":{"start":{"line":258,"column":4},"end":{"line":258,"column":94}},"59":{"start":{"line":260,"column":2},"end":{"line":262,"column":3}},"60":{"start":{"line":261,"column":4},"end":{"line":261,"column":90}},"61":{"start":{"line":265,"column":2},"end":{"line":272,"column":3}},"62":{"start":{"line":266,"column":22},"end":{"line":270,"column":5}},"63":{"start":{"line":271,"column":4},"end":{"line":271,"column":79}},"64":{"start":{"line":274,"column":2},"end":{"line":274,"column":64}},"65":{"start":{"line":282,"column":0},"end":{"line":285,"column":2}},"66":{"start":{"line":283,"column":2},"end":{"line":283,"column":53}},"67":{"start":{"line":284,"column":2},"end":{"line":284,"column":73}},"68":{"start":{"line":292,"column":0},"end":{"line":295,"column":2}},"69":{"start":{"line":293,"column":2},"end":{"line":293,"column":53}},"70":{"start":{"line":294,"column":2},"end":{"line":294,"column":72}}},"fnMap":{"0":{"name":"(anonymous_0)","decl":{"start":{"line":14,"column":36},"end":{"line":14,"column":37}},"loc":{"start":{"line":14,"column":54},"end":{"line":122,"column":1}},"line":14},"1":{"name":"(anonymous_1)","decl":{"start":{"line":130,"column":28},"end":{"line":130,"column":29}},"loc":{"start":{"line":130,"column":67},"end":{"line":143,"column":1}},"line":130},"2":{"name":"(anonymous_2)","decl":{"start":{"line":149,"column":41},"end":{"line":149,"column":42}},"loc":{"start":{"line":149,"column":53},"end":{"line":225,"column":1}},"line":149},"3":{"name":"(anonymous_3)","decl":{"start":{"line":233,"column":33},"end":{"line":233,"column":34}},"loc":{"start":{"line":233,"column":57},"end":{"line":241,"column":1}},"line":233},"4":{"name":"(anonymous_4)","decl":{"start":{"line":249,"column":31},"end":{"line":249,"column":32}},"loc":{"start":{"line":249,"column":75},"end":{"line":275,"column":1}},"line":249},"5":{"name":"(anonymous_5)","decl":{"start":{"line":282,"column":31},"end":{"line":282,"column":32}},"loc":{"start":{"line":282,"column":55},"end":{"line":285,"column":1}},"line":282},"6":{"name":"(anonymous_6)","decl":{"start":{"line":292,"column":30},"end":{"line":292,"column":31}},"loc":{"start":{"line":292,"column":54},"end":{"line":295,"column":1}},"line":292}},"branchMap":{"0":{"loc":{"start":{"line":14,"column":37},"end":{"line":14,"column":49}},"type":"default-arg","locations":[{"start":{"line":14,"column":47},"end":{"line":14,"column":49}}],"line":14},"1":{"loc":{"start":{"line":19,"column":2},"end":{"line":26,"column":3}},"type":"if","locations":[{"start":{"line":19,"column":2},"end":{"line":26,"column":3}},{"start":{},"end":{}}],"line":19},"2":{"loc":{"start":{"line":29,"column":2},"end":{"line":35,"column":3}},"type":"if","locations":[{"start":{"line":29,"column":2},"end":{"line":35,"column":3}},{"start":{},"end":{}}],"line":29},"3":{"loc":{"start":{"line":30,"column":4},"end":{"line":34,"column":5}},"type":"if","locations":[{"start":{"line":30,"column":4},"end":{"line":34,"column":5}},{"start":{"line":32,"column":11},"end":{"line":34,"column":5}}],"line":30},"4":{"loc":{"start":{"line":32,"column":11},"end":{"line":34,"column":5}},"type":"if","locations":[{"start":{"line":32,"column":11},"end":{"line":34,"column":5}},{"start":{},"end":{}}],"line":32},"5":{"loc":{"start":{"line":38,"column":2},"end":{"line":40,"column":3}},"type":"if","locations":[{"start":{"line":38,"column":2},"end":{"line":40,"column":3}},{"start":{},"end":{}}],"line":38},"6":{"loc":{"start":{"line":45,"column":2},"end":{"line":119,"column":3}},"type":"if","locations":[{"start":{"line":45,"column":2},"end":{"line":119,"column":3}},{"start":{},"end":{}}],"line":45},"7":{"loc":{"start":{"line":50,"column":4},"end":{"line":100,"column":5}},"type":"switch","locations":[{"start":{"line":51,"column":6},"end":{"line":51,"column":20}},{"start":{"line":52,"column":6},"end":{"line":62,"column":14}},{"start":{"line":64,"column":6},"end":{"line":75,"column":14}},{"start":{"line":77,"column":6},"end":{"line":93,"column":14}},{"start":{"line":95,"column":6},"end":{"line":99,"column":14}}],"line":50},"8":{"loc":{"start":{"line":103,"column":4},"end":{"line":118,"column":5}},"type":"if","locations":[{"start":{"line":103,"column":4},"end":{"line":118,"column":5}},{"start":{},"end":{}}],"line":103},"9":{"loc":{"start":{"line":105,"column":6},"end":{"line":117,"column":7}},"type":"if","locations":[{"start":{"line":105,"column":6},"end":{"line":117,"column":7}},{"start":{"line":110,"column":13},"end":{"line":117,"column":7}}],"line":105},"10":{"loc":{"start":{"line":112,"column":8},"end":{"line":116,"column":9}},"type":"if","locations":[{"start":{"line":112,"column":8},"end":{"line":116,"column":9}},{"start":{"line":114,"column":15},"end":{"line":116,"column":9}}],"line":112},"11":{"loc":{"start":{"line":130,"column":35},"end":{"line":130,"column":47}},"type":"default-arg","locations":[{"start":{"line":130,"column":45},"end":{"line":130,"column":47}}],"line":130},"12":{"loc":{"start":{"line":130,"column":49},"end":{"line":130,"column":62}},"type":"default-arg","locations":[{"start":{"line":130,"column":60},"end":{"line":130,"column":62}}],"line":130},"13":{"loc":{"start":{"line":236,"column":2},"end":{"line":238,"column":3}},"type":"if","locations":[{"start":{"line":236,"column":2},"end":{"line":238,"column":3}},{"start":{},"end":{}}],"line":236},"14":{"loc":{"start":{"line":236,"column":6},"end":{"line":236,"column":47}},"type":"binary-expr","locations":[{"start":{"line":236,"column":6},"end":{"line":236,"column":14}},{"start":{"line":236,"column":18},"end":{"line":236,"column":47}}],"line":236},"15":{"loc":{"start":{"line":257,"column":2},"end":{"line":259,"column":3}},"type":"if","locations":[{"start":{"line":257,"column":2},"end":{"line":259,"column":3}},{"start":{},"end":{}}],"line":257},"16":{"loc":{"start":{"line":260,"column":2},"end":{"line":262,"column":3}},"type":"if","locations":[{"start":{"line":260,"column":2},"end":{"line":262,"column":3}},{"start":{},"end":{}}],"line":260},"17":{"loc":{"start":{"line":265,"column":2},"end":{"line":272,"column":3}},"type":"if","locations":[{"start":{"line":265,"column":2},"end":{"line":272,"column":3}},{"start":{},"end":{}}],"line":265},"18":{"loc":{"start":{"line":271,"column":33},"end":{"line":271,"column":78}},"type":"binary-expr","locations":[{"start":{"line":271,"column":33},"end":{"line":271,"column":64}},{"start":{"line":271,"column":68},"end":{"line":271,"column":78}}],"line":271}},"s":{"0":0,"1":0,"2":0,"3":0,"4":0,"5":0,"6":0,"7":0,"8":0,"9":0,"10":0,"11":0,"12":0,"13":0,"14":0,"15":0,"16":0,"17":0,"18":0,"19":0,"20":0,"21":0,"22":0,"23":0,"24":0,"25":0,"26":0,"27":0,"28":0,"29":0,"30":0,"31":0,"32":0,"33":0,"34":0,"35":0,"36":0,"37":0,"38":0,"39":0,"40":0,"41":0,"42":0,"43":0,"44":0,"45":0,"46":0,"47":0,"48":0,"49":0,"50":0,"51":0,"52":0,"53":0,"54":0,"55":0,"56":0,"57":0,"58":0,"59":0,"60":0,"61":0,"62":0,"63":0,"64":0,"65":0,"66":0,"67":0,"68":0,"69":0,"70":0},"f":{"0":0,"1":0,"2":0,"3":0,"4":0,"5":0,"6":0},"b":{"0":[0],"1":[0,0],"2":[0,0],"3":[0,0],"4":[0,0],"5":[0,0],"6":[0,0],"7":[0,0,0,0,0],"8":[0,0],"9":[0,0],"10":[0,0],"11":[0],"12":[0],"13":[0,0],"14":[0,0],"15":[0,0],"16":[0,0],"17":[0,0],"18":[0,0]}}
,"C:\\Users\\Daniela\\Desktop\\TPI_Tech_Moms\\server\\services\\userService.js": {"path":"C:\\Users\\Daniela\\Desktop\\TPI_Tech_Moms\\server\\services\\userService.js","statementMap":{"0":{"start":{"line":1,"column":35},"end":{"line":1,"column":55}},"1":{"start":{"line":2,"column":12},"end":{"line":2,"column":35}},"2":{"start":{"line":6,"column":20},"end":{"line":6,"column":43}},"3":{"start":{"line":7,"column":15},"end":{"line":7,"column":34}},"4":{"start":{"line":8,"column":2},"end":{"line":8,"column":20}},"5":{"start":{"line":9,"column":2},"end":{"line":9,"column":14}},"6":{"start":{"line":15,"column":26},"end":{"line":15,"column":68}},"7":{"start":{"line":16,"column":2},"end":{"line":16,"column":60}},"8":{"start":{"line":21,"column":2},"end":{"line":21,"column":46}},"9":{"start":{"line":26,"column":2},"end":{"line":26,"column":75}},"10":{"start":{"line":31,"column":16},"end":{"line":31,"column":61}},"11":{"start":{"line":32,"column":15},"end":{"line":32,"column":33}},"12":{"start":{"line":34,"column":2},"end":{"line":37,"column":3}},"13":{"start":{"line":35,"column":4},"end":{"line":35,"column":75}},"14":{"start":{"line":36,"column":4},"end":{"line":36,"column":46}},"15":{"start":{"line":39,"column":2},"end":{"line":39,"column":14}},"16":{"start":{"line":44,"column":15},"end":{"line":44,"column":46}},"17":{"start":{"line":45,"column":2},"end":{"line":48,"column":3}},"18":{"start":{"line":46,"column":4},"end":{"line":46,"column":75}},"19":{"start":{"line":47,"column":4},"end":{"line":47,"column":46}},"20":{"start":{"line":49,"column":2},"end":{"line":49,"column":14}},"21":{"start":{"line":55,"column":15},"end":{"line":55,"column":46}},"22":{"start":{"line":56,"column":2},"end":{"line":58,"column":3}},"23":{"start":{"line":57,"column":4},"end":{"line":57,"column":45}},"24":{"start":{"line":61,"column":2},"end":{"line":63,"column":5}},"25":{"start":{"line":62,"column":4},"end":{"line":62,"column":32}},"26":{"start":{"line":65,"column":2},"end":{"line":65,"column":20}},"27":{"start":{"line":67,"column":17},"end":{"line":67,"column":68}},"28":{"start":{"line":68,"column":2},"end":{"line":68,"column":16}},"29":{"start":{"line":73,"column":16},"end":{"line":77,"column":28}},"30":{"start":{"line":80,"column":2},"end":{"line":82,"column":3}},"31":{"start":{"line":81,"column":4},"end":{"line":81,"column":70}},"32":{"start":{"line":84,"column":2},"end":{"line":84,"column":28}},"33":{"start":{"line":89,"column":2},"end":{"line":89,"column":48}},"34":{"start":{"line":99,"column":6},"end":{"line":99,"column":13}},"35":{"start":{"line":101,"column":15},"end":{"line":101,"column":33}},"36":{"start":{"line":103,"column":16},"end":{"line":107,"column":17}},"37":{"start":{"line":110,"column":2},"end":{"line":122,"column":3}},"38":{"start":{"line":111,"column":4},"end":{"line":116,"column":7}},"39":{"start":{"line":117,"column":4},"end":{"line":121,"column":7}},"40":{"start":{"line":124,"column":28},"end":{"line":127,"column":4}},"41":{"start":{"line":129,"column":21},"end":{"line":129,"column":49}},"42":{"start":{"line":130,"column":22},"end":{"line":130,"column":39}},"43":{"start":{"line":131,"column":22},"end":{"line":131,"column":30}},"44":{"start":{"line":133,"column":2},"end":{"line":141,"column":4}},"45":{"start":{"line":146,"column":2},"end":{"line":146,"column":48}},"46":{"start":{"line":151,"column":2},"end":{"line":151,"column":44}},"47":{"start":{"line":154,"column":0},"end":{"line":167,"column":2}}},"fnMap":{"0":{"name":"createUser","decl":{"start":{"line":5,"column":15},"end":{"line":5,"column":25}},"loc":{"start":{"line":5,"column":32},"end":{"line":10,"column":1}},"line":5},"1":{"name":"findUserByEmail","decl":{"start":{"line":13,"column":15},"end":{"line":13,"column":30}},"loc":{"start":{"line":13,"column":38},"end":{"line":17,"column":1}},"line":13},"2":{"name":"validatePassword","decl":{"start":{"line":20,"column":15},"end":{"line":20,"column":31}},"loc":{"start":{"line":20,"column":48},"end":{"line":22,"column":1}},"line":20},"3":{"name":"generateToken","decl":{"start":{"line":25,"column":9},"end":{"line":25,"column":22}},"loc":{"start":{"line":25,"column":31},"end":{"line":27,"column":1}},"line":25},"4":{"name":"getUserProfile","decl":{"start":{"line":30,"column":15},"end":{"line":30,"column":29}},"loc":{"start":{"line":30,"column":38},"end":{"line":40,"column":1}},"line":30},"5":{"name":"findUserById","decl":{"start":{"line":43,"column":15},"end":{"line":43,"column":27}},"loc":{"start":{"line":43,"column":36},"end":{"line":50,"column":1}},"line":43},"6":{"name":"updateUser","decl":{"start":{"line":53,"column":15},"end":{"line":53,"column":25}},"loc":{"start":{"line":53,"column":46},"end":{"line":69,"column":1}},"line":53},"7":{"name":"(anonymous_7)","decl":{"start":{"line":61,"column":34},"end":{"line":61,"column":35}},"loc":{"start":{"line":61,"column":41},"end":{"line":63,"column":3}},"line":61},"8":{"name":"findUsersWithFilters","decl":{"start":{"line":72,"column":15},"end":{"line":72,"column":35}},"loc":{"start":{"line":72,"column":67},"end":{"line":85,"column":1}},"line":72},"9":{"name":"countUsersWithFilters","decl":{"start":{"line":88,"column":15},"end":{"line":88,"column":36}},"loc":{"start":{"line":88,"column":46},"end":{"line":90,"column":1}},"line":88},"10":{"name":"findUsers","decl":{"start":{"line":93,"column":15},"end":{"line":93,"column":24}},"loc":{"start":{"line":93,"column":48},"end":{"line":142,"column":1}},"line":93},"11":{"name":"countUsers","decl":{"start":{"line":145,"column":15},"end":{"line":145,"column":25}},"loc":{"start":{"line":145,"column":35},"end":{"line":147,"column":1}},"line":145},"12":{"name":"getAggregateStats","decl":{"start":{"line":150,"column":15},"end":{"line":150,"column":32}},"loc":{"start":{"line":150,"column":43},"end":{"line":152,"column":1}},"line":150}},"branchMap":{"0":{"loc":{"start":{"line":15,"column":26},"end":{"line":15,"column":68}},"type":"cond-expr","locations":[{"start":{"line":15,"column":34},"end":{"line":15,"column":60}},{"start":{"line":15,"column":63},"end":{"line":15,"column":68}}],"line":15},"1":{"loc":{"start":{"line":34,"column":2},"end":{"line":37,"column":3}},"type":"if","locations":[{"start":{"line":34,"column":2},"end":{"line":37,"column":3}},{"start":{},"end":{}}],"line":34},"2":{"loc":{"start":{"line":34,"column":6},"end":{"line":34,"column":38}},"type":"binary-expr","locations":[{"start":{"line":34,"column":6},"end":{"line":34,"column":10}},{"start":{"line":34,"column":14},"end":{"line":34,"column":38}}],"line":34},"3":{"loc":{"start":{"line":45,"column":2},"end":{"line":48,"column":3}},"type":"if","locations":[{"start":{"line":45,"column":2},"end":{"line":48,"column":3}},{"start":{},"end":{}}],"line":45},"4":{"loc":{"start":{"line":45,"column":6},"end":{"line":45,"column":38}},"type":"binary-expr","locations":[{"start":{"line":45,"column":6},"end":{"line":45,"column":10}},{"start":{"line":45,"column":14},"end":{"line":45,"column":38}}],"line":45},"5":{"loc":{"start":{"line":56,"column":2},"end":{"line":58,"column":3}},"type":"if","locations":[{"start":{"line":56,"column":2},"end":{"line":58,"column":3}},{"start":{},"end":{}}],"line":56},"6":{"loc":{"start":{"line":72,"column":45},"end":{"line":72,"column":53}},"type":"default-arg","locations":[{"start":{"line":72,"column":52},"end":{"line":72,"column":53}}],"line":72},"7":{"loc":{"start":{"line":72,"column":55},"end":{"line":72,"column":65}},"type":"default-arg","locations":[{"start":{"line":72,"column":63},"end":{"line":72,"column":65}}],"line":72},"8":{"loc":{"start":{"line":80,"column":2},"end":{"line":82,"column":3}},"type":"if","locations":[{"start":{"line":80,"column":2},"end":{"line":82,"column":3}},{"start":{},"end":{}}],"line":80},"9":{"loc":{"start":{"line":93,"column":34},"end":{"line":93,"column":46}},"type":"default-arg","locations":[{"start":{"line":93,"column":44},"end":{"line":93,"column":46}}],"line":93},"10":{"loc":{"start":{"line":95,"column":4},"end":{"line":95,"column":12}},"type":"default-arg","locations":[{"start":{"line":95,"column":11},"end":{"line":95,"column":12}}],"line":95},"11":{"loc":{"start":{"line":96,"column":4},"end":{"line":96,"column":14}},"type":"default-arg","locations":[{"start":{"line":96,"column":12},"end":{"line":96,"column":14}}],"line":96},"12":{"loc":{"start":{"line":97,"column":4},"end":{"line":97,"column":28}},"type":"default-arg","locations":[{"start":{"line":97,"column":11},"end":{"line":97,"column":28}}],"line":97},"13":{"loc":{"start":{"line":98,"column":4},"end":{"line":98,"column":24}},"type":"default-arg","locations":[{"start":{"line":98,"column":13},"end":{"line":98,"column":24}}],"line":98},"14":{"loc":{"start":{"line":110,"column":2},"end":{"line":122,"column":3}},"type":"if","locations":[{"start":{"line":110,"column":2},"end":{"line":122,"column":3}},{"start":{},"end":{}}],"line":110}},"s":{"0":0,"1":0,"2":0,"3":0,"4":0,"5":0,"6":0,"7":0,"8":0,"9":0,"10":0,"11":0,"12":0,"13":0,"14":0,"15":0,"16":0,"17":0,"18":0,"19":0,"20":0,"21":0,"22":0,"23":0,"24":0,"25":0,"26":0,"27":0,"28":0,"29":0,"30":0,"31":0,"32":0,"33":0,"34":0,"35":0,"36":0,"37":0,"38":0,"39":0,"40":0,"41":0,"42":0,"43":0,"44":0,"45":0,"46":0,"47":0},"f":{"0":0,"1":0,"2":0,"3":0,"4":0,"5":0,"6":0,"7":0,"8":0,"9":0,"10":0,"11":0,"12":0},"b":{"0":[0,0],"1":[0,0],"2":[0,0],"3":[0,0],"4":[0,0],"5":[0,0],"6":[0],"7":[0],"8":[0,0],"9":[0],"10":[0],"11":[0],"12":[0],"13":[0],"14":[0,0]}}
}
