TN:
SF:controllers\auditoriaController.js
FN:14,(anonymous_0)
FN:36,(anonymous_1)
FN:53,(anonymous_2)
FNF:3
FNH:0
FNDA:0,(anonymous_0)
FNDA:0,(anonymous_1)
FNDA:0,(anonymous_2)
DA:7,0
DA:8,0
DA:14,0
DA:15,0
DA:16,0
DA:17,0
DA:24,0
DA:26,0
DA:28,0
DA:36,0
DA:37,0
DA:38,0
DA:39,0
DA:41,0
DA:43,0
DA:45,0
DA:53,0
DA:54,0
DA:55,0
DA:57,0
DA:59,0
LF:21
LH:0
BRDA:39,0,0,0
BRDA:39,0,1,0
BRF:2
BRH:0
end_of_record
TN:
SF:controllers\authControllerNew.js
FN:6,(anonymous_0)
FN:12,(anonymous_1)
FN:22,(anonymous_2)
FN:31,(anonymous_3)
FN:46,(anonymous_4)
FN:202,(anonymous_5)
FN:223,(anonymous_6)
FN:316,(anonymous_7)
FN:347,(anonymous_8)
FN:391,(anonymous_9)
FN:440,(anonymous_10)
FN:488,(anonymous_11)
FN:509,(anonymous_12)
FN:557,(anonymous_13)
FN:615,(anonymous_14)
FN:668,(anonymous_15)
FN:722,(anonymous_16)
FN:794,(anonymous_17)
FN:847,(anonymous_18)
FNF:19
FNH:0
FNDA:0,(anonymous_0)
FNDA:0,(anonymous_1)
FNDA:0,(anonymous_2)
FNDA:0,(anonymous_3)
FNDA:0,(anonymous_4)
FNDA:0,(anonymous_5)
FNDA:0,(anonymous_6)
FNDA:0,(anonymous_7)
FNDA:0,(anonymous_8)
FNDA:0,(anonymous_9)
FNDA:0,(anonymous_10)
FNDA:0,(anonymous_11)
FNDA:0,(anonymous_12)
FNDA:0,(anonymous_13)
FNDA:0,(anonymous_14)
FNDA:0,(anonymous_15)
FNDA:0,(anonymous_16)
FNDA:0,(anonymous_17)
FNDA:0,(anonymous_18)
DA:1,0
DA:2,0
DA:3,0
DA:6,0
DA:7,0
DA:8,0
DA:9,0
DA:12,0
DA:18,0
DA:22,0
DA:23,0
DA:31,0
DA:33,0
DA:34,0
DA:35,0
DA:42,0
DA:46,0
DA:47,0
DA:49,0
DA:50,0
DA:69,0
DA:72,0
DA:73,0
DA:74,0
DA:75,0
DA:78,0
DA:79,0
DA:80,0
DA:88,0
DA:89,0
DA:90,0
DA:91,0
DA:100,0
DA:101,0
DA:102,0
DA:110,0
DA:126,0
DA:129,0
DA:130,0
DA:132,0
DA:138,0
DA:140,0
DA:145,0
DA:148,0
DA:155,0
DA:158,0
DA:162,0
DA:165,0
DA:173,0
DA:176,0
DA:178,0
DA:188,0
DA:191,0
DA:192,0
DA:193,0
DA:201,0
DA:202,0
DA:207,0
DA:214,0
DA:223,0
DA:224,0
DA:225,0
DA:226,0
DA:228,0
DA:231,0
DA:232,0
DA:233,0
DA:241,0
DA:242,0
DA:250,0
DA:251,0
DA:252,0
DA:260,0
DA:266,0
DA:269,0
DA:270,0
DA:271,0
DA:272,0
DA:282,0
DA:283,0
DA:287,0
DA:288,0
DA:289,0
DA:298,0
DA:299,0
DA:303,0
DA:304,0
DA:305,0
DA:316,0
DA:317,0
DA:318,0
DA:319,0
DA:321,0
DA:322,0
DA:329,0
DA:337,0
DA:338,0
DA:347,0
DA:348,0
DA:349,0
DA:350,0
DA:352,0
DA:353,0
DA:355,0
DA:356,0
DA:357,0
DA:365,0
DA:366,0
DA:367,0
DA:369,0
DA:371,0
DA:380,0
DA:381,0
DA:391,0
DA:392,0
DA:393,0
DA:394,0
DA:396,0
DA:397,0
DA:399,0
DA:400,0
DA:401,0
DA:409,0
DA:410,0
DA:411,0
DA:419,0
DA:420,0
DA:421,0
DA:423,0
DA:429,0
DA:430,0
DA:440,0
DA:441,0
DA:442,0
DA:443,0
DA:445,0
DA:446,0
DA:448,0
DA:449,0
DA:450,0
DA:458,0
DA:459,0
DA:467,0
DA:468,0
DA:469,0
DA:471,0
DA:477,0
DA:478,0
DA:488,0
DA:489,0
DA:492,0
DA:498,0
DA:499,0
DA:509,0
DA:510,0
DA:511,0
DA:514,0
DA:515,0
DA:516,0
DA:519,0
DA:522,0
DA:529,0
DA:531,0
DA:545,0
DA:546,0
DA:557,0
DA:558,0
DA:559,0
DA:562,0
DA:563,0
DA:564,0
DA:568,0
DA:571,0
DA:575,0
DA:588,0
DA:589,0
DA:591,0
DA:605,0
DA:606,0
DA:615,0
DA:616,0
DA:617,0
DA:618,0
DA:620,0
DA:621,0
DA:624,0
DA:625,0
DA:626,0
DA:634,0
DA:635,0
DA:643,0
DA:644,0
DA:646,0
DA:648,0
DA:657,0
DA:658,0
DA:668,0
DA:669,0
DA:670,0
DA:671,0
DA:673,0
DA:674,0
DA:677,0
DA:678,0
DA:679,0
DA:687,0
DA:688,0
DA:696,0
DA:697,0
DA:698,0
DA:700,0
DA:702,0
DA:711,0
DA:712,0
DA:722,0
DA:723,0
DA:724,0
DA:727,0
DA:728,0
DA:736,0
DA:737,0
DA:738,0
DA:746,0
DA:747,0
DA:755,0
DA:756,0
DA:764,0
DA:765,0
DA:767,0
DA:783,0
DA:784,0
DA:794,0
DA:795,0
DA:796,0
DA:799,0
DA:800,0
DA:808,0
DA:809,0
DA:810,0
DA:818,0
DA:819,0
DA:821,0
DA:837,0
DA:838,0
DA:847,0
DA:848,0
DA:849,0
DA:852,0
DA:853,0
DA:861,0
DA:862,0
DA:863,0
DA:871,0
DA:872,0
DA:880,0
DA:881,0
DA:889,0
DA:898,0
DA:900,0
DA:909,0
DA:910,0
DA:918,0
LF:262
LH:0
BRDA:8,0,0,0
BRDA:8,0,1,0
BRDA:25,1,0,0
BRDA:25,1,1,0
BRDA:33,2,0,0
BRDA:33,2,1,0
BRDA:33,3,0,0
BRDA:33,3,1,0
BRDA:34,4,0,0
BRDA:34,4,1,0
BRDA:50,5,0,0
BRDA:50,5,1,0
BRDA:57,6,0,0
BRDA:79,7,0,0
BRDA:79,7,1,0
BRDA:88,8,0,0
BRDA:88,8,1,0
BRDA:90,9,0,0
BRDA:90,9,1,0
BRDA:101,10,0,0
BRDA:101,10,1,0
BRDA:112,11,0,0
BRDA:112,11,1,0
BRDA:120,12,0,0
BRDA:120,12,1,0
BRDA:120,13,0,0
BRDA:120,13,1,0
BRDA:126,14,0,0
BRDA:126,14,1,0
BRDA:126,14,2,0
BRDA:126,14,3,0
BRDA:130,15,0,0
BRDA:130,15,1,0
BRDA:130,16,0,0
BRDA:130,16,1,0
BRDA:138,17,0,0
BRDA:138,17,1,0
BRDA:143,18,0,0
BRDA:143,18,1,0
BRDA:160,19,0,0
BRDA:160,19,1,0
BRDA:191,20,0,0
BRDA:191,20,1,0
BRDA:201,21,0,0
BRDA:201,21,1,0
BRDA:226,22,0,0
BRDA:226,22,1,0
BRDA:232,23,0,0
BRDA:232,23,1,0
BRDA:241,24,0,0
BRDA:241,24,1,0
BRDA:251,25,0,0
BRDA:251,25,1,0
BRDA:269,26,0,0
BRDA:269,26,1,0
BRDA:309,27,0,0
BRDA:309,27,1,0
BRDA:321,28,0,0
BRDA:321,28,1,0
BRDA:350,29,0,0
BRDA:350,29,1,0
BRDA:356,30,0,0
BRDA:356,30,1,0
BRDA:365,31,0,0
BRDA:365,31,1,0
BRDA:366,32,0,0
BRDA:366,32,1,0
BRDA:367,33,0,0
BRDA:367,33,1,0
BRDA:394,34,0,0
BRDA:394,34,1,0
BRDA:400,35,0,0
BRDA:400,35,1,0
BRDA:410,36,0,0
BRDA:410,36,1,0
BRDA:443,37,0,0
BRDA:443,37,1,0
BRDA:449,38,0,0
BRDA:449,38,1,0
BRDA:458,39,0,0
BRDA:458,39,1,0
BRDA:511,40,0,0
BRDA:511,41,0,0
BRDA:515,42,0,0
BRDA:515,42,1,0
BRDA:516,43,0,0
BRDA:516,43,1,0
BRDA:559,44,0,0
BRDA:559,45,0,0
BRDA:563,46,0,0
BRDA:563,46,1,0
BRDA:618,47,0,0
BRDA:618,47,1,0
BRDA:625,48,0,0
BRDA:625,48,1,0
BRDA:634,49,0,0
BRDA:634,49,1,0
BRDA:643,50,0,0
BRDA:643,50,1,0
BRDA:644,51,0,0
BRDA:644,51,1,0
BRDA:671,52,0,0
BRDA:671,52,1,0
BRDA:678,53,0,0
BRDA:678,53,1,0
BRDA:687,54,0,0
BRDA:687,54,1,0
BRDA:696,55,0,0
BRDA:696,55,1,0
BRDA:697,56,0,0
BRDA:697,56,1,0
BRDA:698,57,0,0
BRDA:698,57,1,0
BRDA:727,58,0,0
BRDA:727,58,1,0
BRDA:737,59,0,0
BRDA:737,59,1,0
BRDA:746,60,0,0
BRDA:746,60,1,0
BRDA:755,61,0,0
BRDA:755,61,1,0
BRDA:799,62,0,0
BRDA:799,62,1,0
BRDA:809,63,0,0
BRDA:809,63,1,0
BRDA:852,64,0,0
BRDA:852,64,1,0
BRDA:862,65,0,0
BRDA:862,65,1,0
BRDA:871,66,0,0
BRDA:871,66,1,0
BRDA:880,67,0,0
BRDA:880,67,1,0
BRF:133
BRH:0
end_of_record
TN:
SF:controllers\autorizarFactura.controller.js
FN:7,(anonymous_0)
FN:39,(anonymous_1)
FN:45,(anonymous_2)
FNF:3
FNH:0
FNDA:0,(anonymous_0)
FNDA:0,(anonymous_1)
FNDA:0,(anonymous_2)
DA:7,0
DA:8,0
DA:9,0
DA:10,0
DA:13,0
DA:14,0
DA:15,0
DA:21,0
DA:22,0
DA:29,0
DA:31,0
DA:39,0
DA:40,0
DA:41,0
DA:44,0
DA:45,0
DA:46,0
DA:54,0
DA:55,0
DA:57,0
DA:63,0
LF:21
LH:0
BRDA:14,0,0,0
BRDA:14,0,1,0
BRDA:21,1,0,0
BRDA:21,1,1,0
BRDA:44,2,0,0
BRDA:44,2,1,0
BRF:6
BRH:0
end_of_record
TN:
SF:controllers\clasesController.js
FN:8,(anonymous_0)
FN:39,(anonymous_1)
FN:59,(anonymous_2)
FN:80,(anonymous_3)
FN:101,(anonymous_4)
FN:123,(anonymous_5)
FN:155,(anonymous_6)
FN:186,(anonymous_7)
FN:195,(anonymous_8)
FN:243,(anonymous_9)
FN:271,(anonymous_10)
FN:295,(anonymous_11)
FN:325,(anonymous_12)
FN:346,(anonymous_13)
FN:373,(anonymous_14)
FN:399,(anonymous_15)
FN:427,(anonymous_16)
FN:450,(anonymous_17)
FN:473,(anonymous_18)
FN:517,(anonymous_19)
FN:545,(anonymous_20)
FN:569,(anonymous_21)
FN:589,(anonymous_22)
FNF:23
FNH:0
FNDA:0,(anonymous_0)
FNDA:0,(anonymous_1)
FNDA:0,(anonymous_2)
FNDA:0,(anonymous_3)
FNDA:0,(anonymous_4)
FNDA:0,(anonymous_5)
FNDA:0,(anonymous_6)
FNDA:0,(anonymous_7)
FNDA:0,(anonymous_8)
FNDA:0,(anonymous_9)
FNDA:0,(anonymous_10)
FNDA:0,(anonymous_11)
FNDA:0,(anonymous_12)
FNDA:0,(anonymous_13)
FNDA:0,(anonymous_14)
FNDA:0,(anonymous_15)
FNDA:0,(anonymous_16)
FNDA:0,(anonymous_17)
FNDA:0,(anonymous_18)
FNDA:0,(anonymous_19)
FNDA:0,(anonymous_20)
FNDA:0,(anonymous_21)
FNDA:0,(anonymous_22)
DA:2,0
DA:8,0
DA:9,0
DA:10,0
DA:20,0
DA:22,0
DA:28,0
DA:39,0
DA:40,0
DA:41,0
DA:43,0
DA:48,0
DA:59,0
DA:60,0
DA:61,0
DA:63,0
DA:69,0
DA:80,0
DA:81,0
DA:82,0
DA:84,0
DA:90,0
DA:101,0
DA:102,0
DA:103,0
DA:104,0
DA:106,0
DA:112,0
DA:123,0
DA:124,0
DA:125,0
DA:127,0
DA:128,0
DA:134,0
DA:135,0
DA:136,0
DA:138,0
DA:144,0
DA:155,0
DA:156,0
DA:157,0
DA:158,0
DA:160,0
DA:169,0
DA:175,0
DA:186,0
DA:187,0
DA:188,0
DA:189,0
DA:190,0
DA:193,0
DA:194,0
DA:195,0
DA:198,0
DA:199,0
DA:206,0
DA:207,0
DA:208,0
DA:210,0
DA:211,0
DA:217,0
DA:226,0
DA:232,0
DA:243,0
DA:244,0
DA:245,0
DA:246,0
DA:248,0
DA:254,0
DA:260,0
DA:271,0
DA:272,0
DA:273,0
DA:275,0
DA:284,0
DA:295,0
DA:296,0
DA:297,0
DA:300,0
DA:301,0
DA:307,0
DA:309,0
DA:314,0
DA:325,0
DA:326,0
DA:327,0
DA:329,0
DA:335,0
DA:346,0
DA:347,0
DA:348,0
DA:349,0
DA:355,0
DA:357,0
DA:362,0
DA:373,0
DA:374,0
DA:375,0
DA:381,0
DA:383,0
DA:388,0
DA:399,0
DA:400,0
DA:401,0
DA:402,0
DA:403,0
DA:409,0
DA:411,0
DA:416,0
DA:427,0
DA:428,0
DA:429,0
DA:430,0
DA:432,0
DA:434,0
DA:439,0
DA:450,0
DA:451,0
DA:452,0
DA:453,0
DA:455,0
DA:457,0
DA:462,0
DA:473,0
DA:474,0
DA:475,0
DA:476,0
DA:478,0
DA:481,0
DA:482,0
DA:489,0
DA:490,0
DA:491,0
DA:493,0
DA:494,0
DA:495,0
DA:496,0
DA:498,0
DA:501,0
DA:506,0
DA:517,0
DA:518,0
DA:519,0
DA:520,0
DA:522,0
DA:524,0
DA:525,0
DA:527,0
DA:529,0
DA:534,0
DA:545,0
DA:546,0
DA:547,0
DA:548,0
DA:550,0
DA:552,0
DA:558,0
DA:569,0
DA:570,0
DA:571,0
DA:573,0
DA:578,0
DA:589,0
DA:590,0
DA:591,0
DA:593,0
DA:598,0
LF:167
LH:0
BRDA:20,0,0,0
BRDA:20,0,1,0
BRDA:127,1,0,0
BRDA:127,1,1,0
BRDA:158,2,0,0
BRDA:158,2,1,0
BRDA:189,3,0,0
BRDA:189,3,1,0
BRDA:195,4,0,0
BRDA:195,4,1,0
BRDA:198,5,0,0
BRDA:198,5,1,0
BRDA:210,6,0,0
BRDA:210,6,1,0
BRDA:221,7,0,0
BRDA:221,7,1,0
BRDA:222,8,0,0
BRDA:222,8,1,0
BRDA:246,9,0,0
BRDA:246,9,1,0
BRDA:300,10,0,0
BRDA:300,10,1,0
BRDA:300,11,0,0
BRDA:300,11,1,0
BRDA:300,12,0,0
BRDA:300,12,1,0
BRDA:348,13,0,0
BRDA:348,13,1,0
BRDA:401,14,0,0
BRDA:401,14,1,0
BRDA:429,15,0,0
BRDA:429,15,1,0
BRDA:452,16,0,0
BRDA:452,16,1,0
BRDA:453,17,0,0
BRDA:453,17,1,0
BRDA:475,18,0,0
BRDA:475,18,1,0
BRDA:481,19,0,0
BRDA:481,19,1,0
BRDA:481,20,0,0
BRDA:481,20,1,0
BRDA:524,21,0,0
BRDA:524,21,1,0
BRDA:525,22,0,0
BRDA:525,22,1,0
BRDA:547,23,0,0
BRDA:547,23,1,0
BRF:48
BRH:0
end_of_record
TN:
SF:controllers\cobros.controller.js
FN:31,(anonymous_0)
FN:69,(anonymous_1)
FN:118,(anonymous_2)
FN:140,(anonymous_3)
FN:181,(anonymous_4)
FN:203,(anonymous_5)
FN:224,(anonymous_6)
FNF:7
FNH:0
FNDA:0,(anonymous_0)
FNDA:0,(anonymous_1)
FNDA:0,(anonymous_2)
FNDA:0,(anonymous_3)
FNDA:0,(anonymous_4)
FNDA:0,(anonymous_5)
FNDA:0,(anonymous_6)
DA:1,0
DA:3,0
DA:31,0
DA:32,0
DA:36,0
DA:38,0
DA:39,0
DA:41,0
DA:43,0
DA:49,0
DA:58,0
DA:69,0
DA:70,0
DA:71,0
DA:74,0
DA:79,0
DA:84,0
DA:86,0
DA:87,0
DA:89,0
DA:91,0
DA:97,0
DA:106,0
DA:107,0
DA:118,0
DA:119,0
DA:120,0
DA:121,0
DA:123,0
DA:129,0
DA:140,0
DA:141,0
DA:142,0
DA:143,0
DA:144,0
DA:146,0
DA:149,0
DA:151,0
DA:152,0
DA:153,0
DA:154,0
DA:157,0
DA:158,0
DA:164,0
DA:169,0
DA:170,0
DA:181,0
DA:182,0
DA:183,0
DA:184,0
DA:186,0
DA:192,0
DA:203,0
DA:204,0
DA:205,0
DA:207,0
DA:213,0
DA:224,0
DA:225,0
DA:226,0
DA:227,0
DA:229,0
DA:235,0
DA:242,0
LF:64
LH:0
BRDA:36,0,0,0
BRDA:36,0,1,0
BRDA:36,1,0,0
BRDA:36,1,1,0
BRDA:39,2,0,0
BRDA:39,2,1,0
BRDA:39,3,0,0
BRDA:39,3,1,0
BRDA:54,4,0,0
BRDA:54,4,1,0
BRDA:71,5,0,0
BRDA:71,5,1,0
BRDA:84,6,0,0
BRDA:84,6,1,0
BRDA:84,7,0,0
BRDA:84,7,1,0
BRDA:87,8,0,0
BRDA:87,8,1,0
BRDA:87,9,0,0
BRDA:87,9,1,0
BRDA:102,10,0,0
BRDA:102,10,1,0
BRDA:120,11,0,0
BRDA:120,11,1,0
BRDA:143,12,0,0
BRDA:143,12,1,0
BRDA:144,13,0,0
BRDA:144,13,1,0
BRDA:149,14,0,0
BRDA:149,14,1,0
BRDA:157,15,0,0
BRDA:157,15,1,0
BRDA:157,16,0,0
BRDA:157,16,1,0
BRF:34
BRH:0
end_of_record
TN:
SF:controllers\conceptCategory.controller.js
FN:7,(anonymous_0)
FN:20,(anonymous_1)
FN:29,(anonymous_2)
FN:43,(anonymous_3)
FN:56,(anonymous_4)
FNF:5
FNH:0
FNDA:0,(anonymous_0)
FNDA:0,(anonymous_1)
FNDA:0,(anonymous_2)
FNDA:0,(anonymous_3)
FNDA:0,(anonymous_4)
DA:1,0
DA:2,0
DA:4,0
DA:7,0
DA:8,0
DA:9,0
DA:10,0
DA:11,0
DA:12,0
DA:14,0
DA:20,0
DA:21,0
DA:22,0
DA:23,0
DA:25,0
DA:29,0
DA:30,0
DA:31,0
DA:32,0
DA:33,0
DA:35,0
DA:37,0
DA:43,0
DA:44,0
DA:45,0
DA:46,0
DA:47,0
DA:49,0
DA:51,0
DA:56,0
DA:57,0
DA:58,0
DA:59,0
DA:61,0
DA:62,0
DA:67,0
DA:68,0
DA:71,0
DA:76,0
DA:77,0
DA:78,0
DA:80,0
DA:83,0
DA:89,0
LF:44
LH:0
BRDA:32,0,0,0
BRDA:32,0,1,0
BRDA:46,1,0,0
BRDA:46,1,1,0
BRDA:61,2,0,0
BRDA:61,2,1,0
BRDA:67,3,0,0
BRDA:67,3,1,0
BRDA:77,4,0,0
BRDA:77,4,1,0
BRF:10
BRH:0
end_of_record
TN:
SF:controllers\conceptosCobros.controller.js
FN:7,(anonymous_0)
FN:33,(anonymous_1)
FN:45,(anonymous_2)
FN:60,(anonymous_3)
FN:81,(anonymous_4)
FNF:5
FNH:0
FNDA:0,(anonymous_0)
FNDA:0,(anonymous_1)
FNDA:0,(anonymous_2)
FNDA:0,(anonymous_3)
FNDA:0,(anonymous_4)
DA:1,0
DA:2,0
DA:4,0
DA:7,0
DA:8,0
DA:9,0
DA:10,0
DA:11,0
DA:12,0
DA:14,0
DA:21,0
DA:22,0
DA:25,0
DA:26,0
DA:28,0
DA:33,0
DA:34,0
DA:35,0
DA:38,0
DA:40,0
DA:45,0
DA:46,0
DA:47,0
DA:50,0
DA:51,0
DA:53,0
DA:55,0
DA:60,0
DA:61,0
DA:62,0
DA:63,0
DA:64,0
DA:65,0
DA:66,0
DA:70,0
DA:71,0
DA:72,0
DA:74,0
DA:76,0
DA:81,0
DA:82,0
DA:83,0
DA:89,0
DA:90,0
DA:92,0
DA:94,0
DA:98,0
LF:47
LH:0
BRDA:11,0,0,0
BRDA:11,0,1,0
BRDA:25,1,0,0
BRDA:25,1,1,0
BRDA:50,2,0,0
BRDA:50,2,1,0
BRDA:63,3,0,0
BRDA:63,3,1,0
BRDA:65,4,0,0
BRDA:65,4,1,0
BRDA:71,5,0,0
BRDA:71,5,1,0
BRDA:89,6,0,0
BRDA:89,6,1,0
BRF:14
BRH:0
end_of_record
TN:
SF:controllers\cursoController.js
FN:8,(anonymous_0)
FN:20,(anonymous_1)
FN:58,(anonymous_2)
FN:92,(anonymous_3)
FNF:4
FNH:0
FNDA:0,(anonymous_0)
FNDA:0,(anonymous_1)
FNDA:0,(anonymous_2)
FNDA:0,(anonymous_3)
DA:1,0
DA:2,0
DA:3,0
DA:8,0
DA:9,0
DA:10,0
DA:11,0
DA:13,0
DA:20,0
DA:21,0
DA:22,0
DA:23,0
DA:25,0
DA:28,0
DA:30,0
DA:37,0
DA:40,0
DA:41,0
DA:45,0
DA:46,0
DA:50,0
DA:58,0
DA:59,0
DA:60,0
DA:61,0
DA:63,0
DA:65,0
DA:67,0
DA:78,0
DA:80,0
DA:81,0
DA:84,0
DA:92,0
DA:93,0
DA:94,0
DA:95,0
DA:97,0
DA:99,0
DA:101,0
DA:108,0
DA:110,0
DA:111,0
DA:114,0
LF:43
LH:0
BRDA:10,0,0,0
BRDA:10,0,1,0
BRDA:23,1,0,0
BRDA:23,1,1,0
BRDA:40,2,0,0
BRDA:40,2,1,0
BRDA:45,3,0,0
BRDA:45,3,1,0
BRDA:61,4,0,0
BRDA:61,4,1,0
BRDA:74,5,0,0
BRDA:74,5,1,0
BRDA:80,6,0,0
BRDA:80,6,1,0
BRDA:95,7,0,0
BRDA:95,7,1,0
BRDA:110,8,0,0
BRDA:110,8,1,0
BRF:18
BRH:0
end_of_record
TN:
SF:controllers\cursosController.js
FN:8,(anonymous_0)
FN:39,(anonymous_1)
FN:85,(anonymous_2)
FN:113,(anonymous_3)
FN:133,(anonymous_4)
FN:154,(anonymous_5)
FN:189,(anonymous_6)
FN:210,(anonymous_7)
FN:240,(anonymous_8)
FN:262,(anonymous_9)
FN:284,(anonymous_10)
FN:312,(anonymous_11)
FN:332,(anonymous_12)
FN:353,(anonymous_13)
FN:378,(anonymous_14)
FN:402,(anonymous_15)
FN:424,(anonymous_16)
FN:445,(anonymous_17)
FN:465,(anonymous_18)
FN:487,(anonymous_19)
FN:518,(anonymous_20)
FN:536,(anonymous_21)
FNF:22
FNH:0
FNDA:0,(anonymous_0)
FNDA:0,(anonymous_1)
FNDA:0,(anonymous_2)
FNDA:0,(anonymous_3)
FNDA:0,(anonymous_4)
FNDA:0,(anonymous_5)
FNDA:0,(anonymous_6)
FNDA:0,(anonymous_7)
FNDA:0,(anonymous_8)
FNDA:0,(anonymous_9)
FNDA:0,(anonymous_10)
FNDA:0,(anonymous_11)
FNDA:0,(anonymous_12)
FNDA:0,(anonymous_13)
FNDA:0,(anonymous_14)
FNDA:0,(anonymous_15)
FNDA:0,(anonymous_16)
FNDA:0,(anonymous_17)
FNDA:0,(anonymous_18)
FNDA:0,(anonymous_19)
FNDA:0,(anonymous_20)
FNDA:0,(anonymous_21)
DA:2,0
DA:8,0
DA:9,0
DA:10,0
DA:18,0
DA:20,0
DA:22,0
DA:28,0
DA:39,0
DA:40,0
DA:41,0
DA:48,0
DA:49,0
DA:52,0
DA:53,0
DA:54,0
DA:55,0
DA:58,0
DA:63,0
DA:66,0
DA:68,0
DA:74,0
DA:85,0
DA:86,0
DA:87,0
DA:90,0
DA:91,0
DA:97,0
DA:102,0
DA:113,0
DA:114,0
DA:115,0
DA:117,0
DA:122,0
DA:133,0
DA:134,0
DA:135,0
DA:137,0
DA:143,0
DA:154,0
DA:155,0
DA:157,0
DA:158,0
DA:164,0
DA:165,0
DA:167,0
DA:169,0
DA:175,0
DA:176,0
DA:177,0
DA:189,0
DA:190,0
DA:191,0
DA:193,0
DA:199,0
DA:210,0
DA:211,0
DA:212,0
DA:214,0
DA:215,0
DA:221,0
DA:223,0
DA:229,0
DA:240,0
DA:241,0
DA:242,0
DA:243,0
DA:245,0
DA:251,0
DA:262,0
DA:263,0
DA:264,0
DA:265,0
DA:267,0
DA:273,0
DA:284,0
DA:285,0
DA:286,0
DA:287,0
DA:289,0
DA:295,0
DA:301,0
DA:312,0
DA:313,0
DA:314,0
DA:316,0
DA:321,0
DA:332,0
DA:333,0
DA:334,0
DA:335,0
DA:337,0
DA:342,0
DA:353,0
DA:354,0
DA:355,0
DA:356,0
DA:358,0
DA:359,0
DA:361,0
DA:366,0
DA:367,0
DA:378,0
DA:379,0
DA:380,0
DA:381,0
DA:382,0
DA:383,0
DA:385,0
DA:390,0
DA:391,0
DA:402,0
DA:403,0
DA:404,0
DA:405,0
DA:407,0
DA:412,0
DA:413,0
DA:424,0
DA:425,0
DA:426,0
DA:427,0
DA:429,0
DA:434,0
DA:445,0
DA:446,0
DA:447,0
DA:449,0
DA:454,0
DA:465,0
DA:466,0
DA:467,0
DA:469,0
DA:474,0
DA:487,0
DA:488,0
DA:489,0
DA:490,0
DA:492,0
DA:494,0
DA:499,0
DA:507,0
DA:518,0
DA:519,0
DA:520,0
DA:523,0
DA:533,0
DA:536,0
DA:537,0
DA:538,0
DA:539,0
DA:540,0
DA:543,0
DA:548,0
LF:154
LH:0
BRDA:18,0,0,0
BRDA:18,0,1,0
BRDA:48,1,0,0
BRDA:48,1,1,0
BRDA:52,2,0,0
BRDA:52,2,1,0
BRDA:53,3,0,0
BRDA:53,3,1,0
BRDA:54,4,0,0
BRDA:54,4,1,0
BRDA:66,5,0,0
BRDA:66,5,1,0
BRDA:90,6,0,0
BRDA:90,6,1,0
BRDA:157,7,0,0
BRDA:157,7,1,0
BRDA:179,8,0,0
BRDA:179,8,1,0
BRDA:180,9,0,0
BRDA:180,9,1,0
BRDA:214,10,0,0
BRDA:214,10,1,0
BRDA:287,11,0,0
BRDA:287,11,1,0
BRDA:334,12,0,0
BRDA:334,12,1,0
BRDA:380,13,0,0
BRDA:380,13,1,0
BRDA:496,14,0,0
BRDA:496,14,1,0
BRDA:537,15,0,0
BRDA:537,15,1,0
BRDA:538,16,0,0
BRDA:538,16,1,0
BRDA:539,17,0,0
BRDA:539,17,1,0
BRF:36
BRH:0
end_of_record
TN:
SF:controllers\dashboardcontroller.js
FN:12,(anonymous_0)
FN:26,(anonymous_1)
FN:40,(anonymous_2)
FN:55,(anonymous_3)
FN:70,(anonymous_4)
FN:84,(anonymous_5)
FN:98,(anonymous_6)
FNF:7
FNH:0
FNDA:0,(anonymous_0)
FNDA:0,(anonymous_1)
FNDA:0,(anonymous_2)
FNDA:0,(anonymous_3)
FNDA:0,(anonymous_4)
FNDA:0,(anonymous_5)
FNDA:0,(anonymous_6)
DA:6,0
DA:7,0
DA:12,0
DA:13,0
DA:14,0
DA:16,0
DA:18,0
DA:26,0
DA:27,0
DA:28,0
DA:30,0
DA:32,0
DA:40,0
DA:41,0
DA:43,0
DA:45,0
DA:47,0
DA:55,0
DA:56,0
DA:57,0
DA:59,0
DA:61,0
DA:70,0
DA:71,0
DA:72,0
DA:74,0
DA:76,0
DA:84,0
DA:85,0
DA:86,0
DA:88,0
DA:90,0
DA:98,0
DA:99,0
DA:100,0
DA:102,0
DA:104,0
LF:37
LH:0
BRF:0
BRH:0
end_of_record
TN:
SF:controllers\facturaBorrador.controller.js
FNF:0
FNH:0
LF:0
LH:0
BRF:0
BRH:0
end_of_record
TN:
SF:controllers\facturas.controller.js
FN:9,(anonymous_0)
FN:30,(anonymous_1)
FN:54,(anonymous_2)
FN:75,(anonymous_3)
FN:97,(anonymous_4)
FN:118,(anonymous_5)
FN:144,(anonymous_6)
FN:161,(anonymous_7)
FN:171,(anonymous_8)
FN:173,(anonymous_9)
FN:205,(anonymous_10)
FN:227,(anonymous_11)
FN:248,(anonymous_12)
FNF:13
FNH:0
FNDA:0,(anonymous_0)
FNDA:0,(anonymous_1)
FNDA:0,(anonymous_2)
FNDA:0,(anonymous_3)
FNDA:0,(anonymous_4)
FNDA:0,(anonymous_5)
FNDA:0,(anonymous_6)
FNDA:0,(anonymous_7)
FNDA:0,(anonymous_8)
FNDA:0,(anonymous_9)
FNDA:0,(anonymous_10)
FNDA:0,(anonymous_11)
FNDA:0,(anonymous_12)
DA:1,0
DA:3,0
DA:9,0
DA:10,0
DA:11,0
DA:13,0
DA:19,0
DA:30,0
DA:31,0
DA:32,0
DA:33,0
DA:37,0
DA:43,0
DA:54,0
DA:55,0
DA:56,0
DA:57,0
DA:59,0
DA:64,0
DA:75,0
DA:76,0
DA:77,0
DA:78,0
DA:80,0
DA:86,0
DA:97,0
DA:98,0
DA:99,0
DA:100,0
DA:102,0
DA:107,0
DA:118,0
DA:119,0
DA:120,0
DA:121,0
DA:123,0
DA:133,0
DA:144,0
DA:145,0
DA:146,0
DA:147,0
DA:148,0
DA:151,0
DA:152,0
DA:154,0
DA:158,0
DA:161,0
DA:162,0
DA:165,0
DA:170,0
DA:171,0
DA:172,0
DA:173,0
DA:175,0
DA:176,0
DA:181,0
DA:182,0
DA:184,0
DA:187,0
DA:193,0
DA:194,0
DA:205,0
DA:206,0
DA:207,0
DA:208,0
DA:210,0
DA:216,0
DA:227,0
DA:228,0
DA:229,0
DA:230,0
DA:232,0
DA:237,0
DA:248,0
DA:249,0
DA:250,0
DA:252,0
DA:257,0
DA:264,0
LF:79
LH:0
BRDA:146,0,0,0
BRDA:146,0,1,0
BRDA:175,1,0,0
BRDA:175,1,1,0
BRF:4
BRH:0
end_of_record
TN:
SF:controllers\horarioController.js
FN:18,(anonymous_0)
FN:29,(anonymous_1)
FN:50,(anonymous_2)
FN:87,(anonymous_3)
FN:106,(anonymous_4)
FN:133,(anonymous_5)
FN:147,(anonymous_6)
FN:172,(anonymous_7)
FN:229,(anonymous_8)
FN:248,(anonymous_9)
FN:306,(anonymous_10)
FN:321,(anonymous_11)
FN:335,(anonymous_12)
FN:356,(anonymous_13)
FN:419,(anonymous_14)
FN:438,(anonymous_15)
FN:448,(anonymous_16)
FN:462,(anonymous_17)
FN:480,(anonymous_18)
FNF:19
FNH:0
FNDA:0,(anonymous_0)
FNDA:0,(anonymous_1)
FNDA:0,(anonymous_2)
FNDA:0,(anonymous_3)
FNDA:0,(anonymous_4)
FNDA:0,(anonymous_5)
FNDA:0,(anonymous_6)
FNDA:0,(anonymous_7)
FNDA:0,(anonymous_8)
FNDA:0,(anonymous_9)
FNDA:0,(anonymous_10)
FNDA:0,(anonymous_11)
FNDA:0,(anonymous_12)
FNDA:0,(anonymous_13)
FNDA:0,(anonymous_14)
FNDA:0,(anonymous_15)
FNDA:0,(anonymous_16)
FNDA:0,(anonymous_17)
FNDA:0,(anonymous_18)
DA:1,0
DA:2,0
DA:3,0
DA:4,0
DA:5,0
DA:9,0
DA:10,0
DA:12,0
DA:18,0
DA:19,0
DA:20,0
DA:21,0
DA:23,0
DA:29,0
DA:30,0
DA:31,0
DA:32,0
DA:41,0
DA:50,0
DA:51,0
DA:52,0
DA:53,0
DA:55,0
DA:58,0
DA:65,0
DA:68,0
DA:75,0
DA:83,0
DA:86,0
DA:87,0
DA:91,0
DA:94,0
DA:95,0
DA:98,0
DA:106,0
DA:107,0
DA:108,0
DA:109,0
DA:112,0
DA:114,0
DA:115,0
DA:118,0
DA:124,0
DA:130,0
DA:133,0
DA:135,0
DA:138,0
DA:139,0
DA:147,0
DA:148,0
DA:149,0
DA:150,0
DA:152,0
DA:154,0
DA:156,0
DA:157,0
DA:160,0
DA:163,0
DA:164,0
DA:172,0
DA:173,0
DA:174,0
DA:175,0
DA:177,0
DA:178,0
DA:180,0
DA:182,0
DA:183,0
DA:187,0
DA:195,0
DA:196,0
DA:197,0
DA:198,0
DA:200,0
DA:203,0
DA:219,0
DA:226,0
DA:228,0
DA:229,0
DA:233,0
DA:236,0
DA:237,0
DA:240,0
DA:248,0
DA:249,0
DA:250,0
DA:251,0
DA:253,0
DA:255,0
DA:257,0
DA:258,0
DA:262,0
DA:264,0
DA:266,0
DA:272,0
DA:273,0
DA:276,0
DA:287,0
DA:297,0
DA:298,0
DA:306,0
DA:307,0
DA:308,0
DA:309,0
DA:311,0
DA:312,0
DA:314,0
DA:319,0
DA:321,0
DA:323,0
DA:326,0
DA:327,0
DA:335,0
DA:336,0
DA:337,0
DA:338,0
DA:340,0
DA:342,0
DA:344,0
DA:347,0
DA:348,0
DA:356,0
DA:357,0
DA:358,0
DA:359,0
DA:361,0
DA:364,0
DA:365,0
DA:366,0
DA:370,0
DA:371,0
DA:372,0
DA:376,0
DA:377,0
DA:381,0
DA:382,0
DA:385,0
DA:396,0
DA:410,0
DA:411,0
DA:419,0
DA:420,0
DA:421,0
DA:422,0
DA:424,0
DA:425,0
DA:428,0
DA:430,0
DA:431,0
DA:435,0
DA:436,0
DA:437,0
DA:440,0
DA:441,0
DA:443,0
DA:444,0
DA:448,0
DA:450,0
DA:453,0
DA:454,0
DA:462,0
DA:463,0
DA:464,0
DA:467,0
DA:468,0
DA:469,0
DA:473,0
DA:474,0
DA:475,0
DA:479,0
DA:480,0
DA:483,0
DA:486,0
DA:497,0
DA:511,0
DA:512,0
DA:516,0
LF:177
LH:0
BRDA:20,0,0,0
BRDA:20,0,1,0
BRDA:29,1,0,0
BRDA:30,2,0,0
BRDA:30,2,1,0
BRDA:30,3,0,0
BRDA:30,3,1,0
BRDA:53,4,0,0
BRDA:53,4,1,0
BRDA:55,5,0,0
BRDA:86,6,0,0
BRDA:86,6,1,0
BRDA:94,7,0,0
BRDA:94,7,1,0
BRDA:114,8,0,0
BRDA:114,8,1,0
BRDA:115,9,0,0
BRDA:115,9,1,0
BRDA:118,10,0,0
BRDA:118,10,1,0
BRDA:118,11,0,0
BRDA:118,11,1,0
BRDA:150,12,0,0
BRDA:150,12,1,0
BRDA:156,13,0,0
BRDA:156,13,1,0
BRDA:175,14,0,0
BRDA:175,14,1,0
BRDA:182,15,0,0
BRDA:182,15,1,0
BRDA:195,16,0,0
BRDA:195,16,1,0
BRDA:196,17,0,0
BRDA:196,17,1,0
BRDA:197,18,0,0
BRDA:197,18,1,0
BRDA:198,19,0,0
BRDA:198,19,1,0
BRDA:228,20,0,0
BRDA:228,20,1,0
BRDA:236,21,0,0
BRDA:236,21,1,0
BRDA:251,22,0,0
BRDA:251,22,1,0
BRDA:257,23,0,0
BRDA:257,23,1,0
BRDA:264,24,0,0
BRDA:264,24,1,0
BRDA:309,25,0,0
BRDA:309,25,1,0
BRDA:338,26,0,0
BRDA:338,26,1,0
BRDA:359,27,0,0
BRDA:359,27,1,0
BRDA:365,28,0,0
BRDA:365,28,1,0
BRDA:371,29,0,0
BRDA:371,29,1,0
BRDA:376,30,0,0
BRDA:376,30,1,0
BRDA:422,31,0,0
BRDA:422,31,1,0
BRDA:430,32,0,0
BRDA:430,32,1,0
BRDA:435,33,0,0
BRDA:435,33,1,0
BRDA:440,34,0,0
BRDA:440,34,1,0
BRDA:468,35,0,0
BRDA:468,35,1,0
BRDA:474,36,0,0
BRDA:474,36,1,0
BRF:72
BRH:0
end_of_record
TN:
SF:controllers\languageController.js
FN:5,(anonymous_0)
FN:11,(anonymous_1)
FN:21,(anonymous_2)
FN:49,(anonymous_3)
FN:88,(anonymous_4)
FN:122,(anonymous_5)
FN:171,(anonymous_6)
FN:193,(anonymous_7)
FN:269,(anonymous_8)
FN:313,(anonymous_9)
FN:359,(anonymous_10)
FNF:11
FNH:0
FNDA:0,(anonymous_0)
FNDA:0,(anonymous_1)
FNDA:0,(anonymous_2)
FNDA:0,(anonymous_3)
FNDA:0,(anonymous_4)
FNDA:0,(anonymous_5)
FNDA:0,(anonymous_6)
FNDA:0,(anonymous_7)
FNDA:0,(anonymous_8)
FNDA:0,(anonymous_9)
FNDA:0,(anonymous_10)
DA:1,0
DA:2,0
DA:5,0
DA:6,0
DA:7,0
DA:8,0
DA:11,0
DA:17,0
DA:21,0
DA:22,0
DA:23,0
DA:26,0
DA:28,0
DA:30,0
DA:40,0
DA:41,0
DA:49,0
DA:50,0
DA:51,0
DA:53,0
DA:55,0
DA:56,0
DA:63,0
DA:72,0
DA:73,0
DA:74,0
DA:80,0
DA:88,0
DA:89,0
DA:90,0
DA:92,0
DA:94,0
DA:95,0
DA:102,0
DA:111,0
DA:112,0
DA:122,0
DA:123,0
DA:124,0
DA:125,0
DA:127,0
DA:130,0
DA:131,0
DA:132,0
DA:140,0
DA:149,0
DA:151,0
DA:160,0
DA:162,0
DA:163,0
DA:170,0
DA:171,0
DA:176,0
DA:183,0
DA:193,0
DA:194,0
DA:195,0
DA:196,0
DA:198,0
DA:199,0
DA:201,0
DA:203,0
DA:204,0
DA:212,0
DA:213,0
DA:214,0
DA:215,0
DA:224,0
DA:225,0
DA:226,0
DA:227,0
DA:228,0
DA:229,0
DA:230,0
DA:232,0
DA:234,0
DA:243,0
DA:245,0
DA:246,0
DA:253,0
DA:254,0
DA:261,0
DA:269,0
DA:270,0
DA:271,0
DA:273,0
DA:275,0
DA:276,0
DA:283,0
DA:285,0
DA:294,0
DA:296,0
DA:297,0
DA:304,0
DA:313,0
DA:314,0
DA:315,0
DA:317,0
DA:319,0
DA:320,0
DA:328,0
DA:329,0
DA:331,0
DA:340,0
DA:342,0
DA:343,0
DA:350,0
DA:359,0
DA:360,0
DA:361,0
DA:362,0
DA:363,0
DA:366,0
DA:372,0
DA:378,0
DA:393,0
DA:394,0
DA:402,0
LF:118
LH:0
BRDA:7,0,0,0
BRDA:7,0,1,0
BRDA:26,1,0,0
BRDA:26,1,1,0
BRDA:55,2,0,0
BRDA:55,2,1,0
BRDA:73,3,0,0
BRDA:73,3,1,0
BRDA:94,4,0,0
BRDA:94,4,1,0
BRDA:125,5,0,0
BRDA:125,5,1,0
BRDA:131,6,0,0
BRDA:131,6,1,0
BRDA:162,7,0,0
BRDA:162,7,1,0
BRDA:170,8,0,0
BRDA:170,8,1,0
BRDA:196,9,0,0
BRDA:196,9,1,0
BRDA:203,10,0,0
BRDA:203,10,1,0
BRDA:212,11,0,0
BRDA:212,11,1,0
BRDA:212,12,0,0
BRDA:212,12,1,0
BRDA:214,13,0,0
BRDA:214,13,1,0
BRDA:224,14,0,0
BRDA:224,14,1,0
BRDA:225,15,0,0
BRDA:225,15,1,0
BRDA:226,16,0,0
BRDA:226,16,1,0
BRDA:227,17,0,0
BRDA:227,17,1,0
BRDA:228,18,0,0
BRDA:228,18,1,0
BRDA:229,19,0,0
BRDA:229,19,1,0
BRDA:230,20,0,0
BRDA:230,20,1,0
BRDA:245,21,0,0
BRDA:245,21,1,0
BRDA:253,22,0,0
BRDA:253,22,1,0
BRDA:275,23,0,0
BRDA:275,23,1,0
BRDA:287,24,0,0
BRDA:287,24,1,0
BRDA:296,25,0,0
BRDA:296,25,1,0
BRDA:319,26,0,0
BRDA:319,26,1,0
BRDA:342,27,0,0
BRDA:342,27,1,0
BRF:56
BRH:0
end_of_record
TN:
SF:controllers\perfilesController.js
FN:14,(anonymous_0)
FN:22,(anonymous_1)
FN:36,(anonymous_2)
FN:61,(anonymous_3)
FN:90,(anonymous_4)
FN:111,(anonymous_5)
FN:140,(anonymous_6)
FN:170,(anonymous_7)
FN:195,(anonymous_8)
FN:222,(anonymous_9)
FN:247,(anonymous_10)
FN:276,(anonymous_11)
FN:297,(anonymous_12)
FN:322,(anonymous_13)
FNF:14
FNH:0
FNDA:0,(anonymous_0)
FNDA:0,(anonymous_1)
FNDA:0,(anonymous_2)
FNDA:0,(anonymous_3)
FNDA:0,(anonymous_4)
FNDA:0,(anonymous_5)
FNDA:0,(anonymous_6)
FNDA:0,(anonymous_7)
FNDA:0,(anonymous_8)
FNDA:0,(anonymous_9)
FNDA:0,(anonymous_10)
FNDA:0,(anonymous_11)
FNDA:0,(anonymous_12)
FNDA:0,(anonymous_13)
DA:1,0
DA:14,0
DA:15,0
DA:22,0
DA:23,0
DA:36,0
DA:37,0
DA:38,0
DA:40,0
DA:42,0
DA:43,0
DA:46,0
DA:48,0
DA:49,0
DA:53,0
DA:61,0
DA:62,0
DA:63,0
DA:66,0
DA:67,0
DA:69,0
DA:70,0
DA:73,0
DA:75,0
DA:76,0
DA:79,0
DA:81,0
DA:82,0
DA:90,0
DA:91,0
DA:92,0
DA:94,0
DA:96,0
DA:98,0
DA:99,0
DA:111,0
DA:112,0
DA:113,0
DA:116,0
DA:117,0
DA:119,0
DA:120,0
DA:123,0
DA:125,0
DA:126,0
DA:129,0
DA:131,0
DA:132,0
DA:140,0
DA:141,0
DA:142,0
DA:143,0
DA:146,0
DA:147,0
DA:149,0
DA:150,0
DA:153,0
DA:155,0
DA:157,0
DA:158,0
DA:170,0
DA:171,0
DA:172,0
DA:175,0
DA:176,0
DA:178,0
DA:179,0
DA:182,0
DA:184,0
DA:186,0
DA:187,0
DA:195,0
DA:196,0
DA:197,0
DA:198,0
DA:201,0
DA:202,0
DA:205,0
DA:211,0
DA:213,0
DA:214,0
DA:222,0
DA:223,0
DA:224,0
DA:226,0
DA:228,0
DA:229,0
DA:232,0
DA:234,0
DA:235,0
DA:247,0
DA:248,0
DA:249,0
DA:252,0
DA:253,0
DA:255,0
DA:256,0
DA:259,0
DA:261,0
DA:262,0
DA:265,0
DA:267,0
DA:268,0
DA:276,0
DA:277,0
DA:278,0
DA:280,0
DA:282,0
DA:284,0
DA:285,0
DA:297,0
DA:298,0
DA:299,0
DA:302,0
DA:303,0
DA:305,0
DA:306,0
DA:309,0
DA:311,0
DA:313,0
DA:314,0
DA:322,0
DA:323,0
DA:324,0
DA:325,0
DA:328,0
DA:329,0
DA:332,0
DA:341,0
DA:343,0
DA:344,0
LF:131
LH:0
BRDA:14,0,0,0
BRDA:14,1,0,0
BRDA:22,2,0,0
BRDA:25,3,0,0
BRDA:25,3,1,0
BRDA:42,4,0,0
BRDA:42,4,1,0
BRDA:69,5,0,0
BRDA:69,5,1,0
BRDA:69,6,0,0
BRDA:69,6,1,0
BRDA:75,7,0,0
BRDA:75,7,1,0
BRDA:119,8,0,0
BRDA:119,8,1,0
BRDA:119,9,0,0
BRDA:119,9,1,0
BRDA:125,10,0,0
BRDA:125,10,1,0
BRDA:149,11,0,0
BRDA:149,11,1,0
BRDA:149,12,0,0
BRDA:149,12,1,0
BRDA:178,13,0,0
BRDA:178,13,1,0
BRDA:178,14,0,0
BRDA:178,14,1,0
BRDA:201,15,0,0
BRDA:201,15,1,0
BRDA:201,16,0,0
BRDA:201,16,1,0
BRDA:201,16,2,0
BRDA:228,17,0,0
BRDA:228,17,1,0
BRDA:255,18,0,0
BRDA:255,18,1,0
BRDA:255,19,0,0
BRDA:255,19,1,0
BRDA:261,20,0,0
BRDA:261,20,1,0
BRDA:305,21,0,0
BRDA:305,21,1,0
BRDA:305,22,0,0
BRDA:305,22,1,0
BRDA:328,23,0,0
BRDA:328,23,1,0
BRDA:328,24,0,0
BRDA:328,24,1,0
BRF:48
BRH:0
end_of_record
TN:
SF:controllers\reportesAcademicosController.js
FN:14,(anonymous_0)
FN:22,(anonymous_1)
FN:37,(anonymous_2)
FN:85,(anonymous_3)
FN:110,(anonymous_4)
FN:128,(anonymous_5)
FN:146,(anonymous_6)
FN:175,(anonymous_7)
FN:205,(anonymous_8)
FN:225,(anonymous_9)
FN:251,(anonymous_10)
FN:278,(anonymous_11)
FN:299,(anonymous_12)
FN:320,(anonymous_13)
FN:352,(anonymous_14)
FN:377,(anonymous_15)
FN:403,(anonymous_16)
FN:427,(anonymous_17)
FN:448,(anonymous_18)
FNF:19
FNH:0
FNDA:0,(anonymous_0)
FNDA:0,(anonymous_1)
FNDA:0,(anonymous_2)
FNDA:0,(anonymous_3)
FNDA:0,(anonymous_4)
FNDA:0,(anonymous_5)
FNDA:0,(anonymous_6)
FNDA:0,(anonymous_7)
FNDA:0,(anonymous_8)
FNDA:0,(anonymous_9)
FNDA:0,(anonymous_10)
FNDA:0,(anonymous_11)
FNDA:0,(anonymous_12)
FNDA:0,(anonymous_13)
FNDA:0,(anonymous_14)
FNDA:0,(anonymous_15)
FNDA:0,(anonymous_16)
FNDA:0,(anonymous_17)
FNDA:0,(anonymous_18)
DA:1,0
DA:2,0
DA:3,0
DA:4,0
DA:14,0
DA:15,0
DA:22,0
DA:23,0
DA:37,0
DA:38,0
DA:50,0
DA:53,0
DA:54,0
DA:58,0
DA:60,0
DA:74,0
DA:76,0
DA:77,0
DA:85,0
DA:86,0
DA:87,0
DA:88,0
DA:90,0
DA:95,0
DA:97,0
DA:98,0
DA:110,0
DA:111,0
DA:112,0
DA:113,0
DA:116,0
DA:117,0
DA:119,0
DA:120,0
DA:128,0
DA:129,0
DA:130,0
DA:131,0
DA:134,0
DA:135,0
DA:137,0
DA:138,0
DA:146,0
DA:147,0
DA:148,0
DA:150,0
DA:152,0
DA:153,0
DA:157,0
DA:158,0
DA:160,0
DA:161,0
DA:164,0
DA:166,0
DA:167,0
DA:175,0
DA:176,0
DA:177,0
DA:178,0
DA:181,0
DA:182,0
DA:184,0
DA:185,0
DA:188,0
DA:193,0
DA:195,0
DA:196,0
DA:205,0
DA:206,0
DA:207,0
DA:208,0
DA:211,0
DA:212,0
DA:214,0
DA:216,0
DA:217,0
DA:225,0
DA:226,0
DA:227,0
DA:228,0
DA:231,0
DA:232,0
DA:235,0
DA:240,0
DA:242,0
DA:243,0
DA:251,0
DA:252,0
DA:253,0
DA:256,0
DA:257,0
DA:260,0
DA:262,0
DA:264,0
DA:265,0
DA:278,0
DA:279,0
DA:280,0
DA:282,0
DA:283,0
DA:286,0
DA:288,0
DA:290,0
DA:291,0
DA:299,0
DA:300,0
DA:301,0
DA:302,0
DA:304,0
DA:309,0
DA:311,0
DA:312,0
DA:320,0
DA:321,0
DA:322,0
DA:323,0
DA:326,0
DA:327,0
DA:330,0
DA:337,0
DA:339,0
DA:340,0
DA:352,0
DA:353,0
DA:354,0
DA:357,0
DA:358,0
DA:360,0
DA:361,0
DA:364,0
DA:366,0
DA:368,0
DA:369,0
DA:377,0
DA:378,0
DA:379,0
DA:382,0
DA:383,0
DA:386,0
DA:388,0
DA:390,0
DA:391,0
DA:403,0
DA:404,0
DA:405,0
DA:407,0
DA:409,0
DA:410,0
DA:413,0
DA:414,0
DA:416,0
DA:417,0
DA:420,0
DA:421,0
DA:423,0
DA:424,0
DA:425,0
DA:427,0
DA:428,0
DA:429,0
DA:430,0
DA:434,0
DA:435,0
DA:437,0
DA:438,0
DA:439,0
DA:448,0
DA:449,0
DA:450,0
DA:452,0
DA:454,0
DA:455,0
DA:458,0
DA:459,0
DA:461,0
DA:462,0
DA:465,0
DA:466,0
DA:467,0
DA:469,0
DA:470,0
DA:471,0
DA:473,0
DA:475,0
DA:476,0
DA:477,0
DA:482,0
LF:187
LH:0
BRDA:14,0,0,0
BRDA:14,1,0,0
BRDA:22,2,0,0
BRDA:25,3,0,0
BRDA:25,3,1,0
BRDA:53,4,0,0
BRDA:53,4,1,0
BRDA:53,5,0,0
BRDA:53,5,1,0
BRDA:112,6,0,0
BRDA:112,6,1,0
BRDA:130,7,0,0
BRDA:130,7,1,0
BRDA:152,8,0,0
BRDA:152,8,1,0
BRDA:160,9,0,0
BRDA:160,9,1,0
BRDA:160,10,0,0
BRDA:160,10,1,0
BRDA:184,11,0,0
BRDA:184,11,1,0
BRDA:184,12,0,0
BRDA:184,12,1,0
BRDA:207,13,0,0
BRDA:207,13,1,0
BRDA:211,14,0,0
BRDA:211,14,1,0
BRDA:231,15,0,0
BRDA:231,15,1,0
BRDA:256,16,0,0
BRDA:256,16,1,0
BRDA:282,17,0,0
BRDA:282,17,1,0
BRDA:326,18,0,0
BRDA:326,18,1,0
BRDA:326,19,0,0
BRDA:326,19,1,0
BRDA:360,20,0,0
BRDA:360,20,1,0
BRDA:360,21,0,0
BRDA:360,21,1,0
BRDA:382,22,0,0
BRDA:382,22,1,0
BRDA:409,23,0,0
BRDA:409,23,1,0
BRDA:416,24,0,0
BRDA:416,24,1,0
BRDA:416,25,0,0
BRDA:416,25,1,0
BRDA:425,26,0,0
BRDA:425,26,1,0
BRDA:429,27,0,0
BRDA:429,27,1,0
BRDA:438,28,0,0
BRDA:438,28,1,0
BRDA:454,29,0,0
BRDA:454,29,1,0
BRDA:461,30,0,0
BRDA:461,30,1,0
BRDA:461,31,0,0
BRDA:461,31,1,0
BRDA:476,32,0,0
BRDA:476,32,1,0
BRF:63
BRH:0
end_of_record
TN:
SF:controllers\reportesFinancierosController.js
FN:14,(anonymous_0)
FN:22,(anonymous_1)
FN:37,(anonymous_2)
FN:94,(anonymous_3)
FN:115,(anonymous_4)
FN:136,(anonymous_5)
FN:154,(anonymous_6)
FN:178,(anonymous_7)
FN:199,(anonymous_8)
FN:230,(anonymous_9)
FN:247,(anonymous_10)
FN:265,(anonymous_11)
FN:280,(anonymous_12)
FN:303,(anonymous_13)
FN:320,(anonymous_14)
FN:341,(anonymous_15)
FN:372,(anonymous_16)
FNF:17
FNH:0
FNDA:0,(anonymous_0)
FNDA:0,(anonymous_1)
FNDA:0,(anonymous_2)
FNDA:0,(anonymous_3)
FNDA:0,(anonymous_4)
FNDA:0,(anonymous_5)
FNDA:0,(anonymous_6)
FNDA:0,(anonymous_7)
FNDA:0,(anonymous_8)
FNDA:0,(anonymous_9)
FNDA:0,(anonymous_10)
FNDA:0,(anonymous_11)
FNDA:0,(anonymous_12)
FNDA:0,(anonymous_13)
FNDA:0,(anonymous_14)
FNDA:0,(anonymous_15)
FNDA:0,(anonymous_16)
DA:1,0
DA:2,0
DA:3,0
DA:4,0
DA:14,0
DA:15,0
DA:22,0
DA:23,0
DA:37,0
DA:38,0
DA:55,0
DA:58,0
DA:59,0
DA:62,0
DA:64,0
DA:83,0
DA:85,0
DA:86,0
DA:94,0
DA:95,0
DA:96,0
DA:98,0
DA:100,0
DA:102,0
DA:103,0
DA:115,0
DA:116,0
DA:117,0
DA:119,0
DA:121,0
DA:122,0
DA:125,0
DA:127,0
DA:128,0
DA:136,0
DA:137,0
DA:138,0
DA:139,0
DA:141,0
DA:143,0
DA:145,0
DA:146,0
DA:154,0
DA:155,0
DA:156,0
DA:158,0
DA:163,0
DA:165,0
DA:166,0
DA:178,0
DA:179,0
DA:180,0
DA:181,0
DA:183,0
DA:188,0
DA:190,0
DA:191,0
DA:199,0
DA:200,0
DA:201,0
DA:202,0
DA:204,0
DA:205,0
DA:208,0
DA:215,0
DA:217,0
DA:218,0
DA:230,0
DA:231,0
DA:232,0
DA:234,0
DA:236,0
DA:238,0
DA:239,0
DA:247,0
DA:248,0
DA:249,0
DA:250,0
DA:252,0
DA:254,0
DA:256,0
DA:257,0
DA:265,0
DA:266,0
DA:267,0
DA:269,0
DA:271,0
DA:272,0
DA:280,0
DA:281,0
DA:282,0
DA:284,0
DA:290,0
DA:291,0
DA:303,0
DA:304,0
DA:305,0
DA:307,0
DA:309,0
DA:310,0
DA:313,0
DA:314,0
DA:316,0
DA:317,0
DA:318,0
DA:320,0
DA:321,0
DA:322,0
DA:323,0
DA:327,0
DA:328,0
DA:330,0
DA:331,0
DA:332,0
DA:341,0
DA:342,0
DA:343,0
DA:345,0
DA:347,0
DA:348,0
DA:351,0
DA:352,0
DA:353,0
DA:355,0
DA:356,0
DA:357,0
DA:359,0
DA:361,0
DA:362,0
DA:363,0
DA:372,0
DA:373,0
DA:374,0
DA:375,0
DA:378,0
DA:379,0
DA:381,0
DA:382,0
DA:386,0
LF:139
LH:0
BRDA:14,0,0,0
BRDA:14,1,0,0
BRDA:22,2,0,0
BRDA:25,3,0,0
BRDA:25,3,1,0
BRDA:58,4,0,0
BRDA:58,4,1,0
BRDA:121,5,0,0
BRDA:121,5,1,0
BRDA:139,6,0,0
BRDA:139,6,1,0
BRDA:204,7,0,0
BRDA:204,7,1,0
BRDA:204,8,0,0
BRDA:204,8,1,0
BRDA:250,9,0,0
BRDA:250,9,1,0
BRDA:309,10,0,0
BRDA:309,10,1,0
BRDA:318,11,0,0
BRDA:318,11,1,0
BRDA:322,12,0,0
BRDA:322,12,1,0
BRDA:331,13,0,0
BRDA:331,13,1,0
BRDA:347,14,0,0
BRDA:347,14,1,0
BRDA:362,15,0,0
BRDA:362,15,1,0
BRDA:374,16,0,0
BRDA:374,16,1,0
BRF:31
BRH:0
end_of_record
TN:
SF:controllers\studentController.js
FN:5,(anonymous_0)
FN:11,(anonymous_1)
FN:25,(anonymous_2)
FN:76,(anonymous_3)
FN:114,(anonymous_4)
FN:187,(anonymous_5)
FN:225,(anonymous_6)
FN:263,(anonymous_7)
FNF:8
FNH:0
FNDA:0,(anonymous_0)
FNDA:0,(anonymous_1)
FNDA:0,(anonymous_2)
FNDA:0,(anonymous_3)
FNDA:0,(anonymous_4)
FNDA:0,(anonymous_5)
FNDA:0,(anonymous_6)
FNDA:0,(anonymous_7)
DA:1,0
DA:2,0
DA:5,0
DA:6,0
DA:7,0
DA:8,0
DA:11,0
DA:17,0
DA:25,0
DA:26,0
DA:34,0
DA:36,0
DA:37,0
DA:42,0
DA:44,0
DA:61,0
DA:62,0
DA:76,0
DA:77,0
DA:78,0
DA:80,0
DA:82,0
DA:91,0
DA:93,0
DA:94,0
DA:101,0
DA:114,0
DA:115,0
DA:116,0
DA:117,0
DA:119,0
DA:131,0
DA:133,0
DA:134,0
DA:135,0
DA:136,0
DA:137,0
DA:138,0
DA:139,0
DA:140,0
DA:141,0
DA:142,0
DA:143,0
DA:145,0
DA:147,0
DA:156,0
DA:158,0
DA:159,0
DA:166,0
DA:167,0
DA:174,0
DA:187,0
DA:188,0
DA:189,0
DA:191,0
DA:193,0
DA:202,0
DA:204,0
DA:205,0
DA:212,0
DA:225,0
DA:226,0
DA:227,0
DA:229,0
DA:231,0
DA:240,0
DA:242,0
DA:243,0
DA:250,0
DA:263,0
DA:264,0
DA:265,0
DA:267,0
DA:274,0
DA:275,0
DA:283,0
LF:76
LH:0
BRDA:7,0,0,0
BRDA:7,0,1,0
BRDA:28,1,0,0
BRDA:29,2,0,0
BRDA:93,3,0,0
BRDA:93,3,1,0
BRDA:117,4,0,0
BRDA:117,4,1,0
BRDA:134,5,0,0
BRDA:134,5,1,0
BRDA:135,6,0,0
BRDA:135,6,1,0
BRDA:136,7,0,0
BRDA:136,7,1,0
BRDA:137,8,0,0
BRDA:137,8,1,0
BRDA:138,9,0,0
BRDA:138,9,1,0
BRDA:139,10,0,0
BRDA:139,10,1,0
BRDA:140,11,0,0
BRDA:140,11,1,0
BRDA:141,12,0,0
BRDA:141,12,1,0
BRDA:142,13,0,0
BRDA:142,13,1,0
BRDA:143,14,0,0
BRDA:143,14,1,0
BRDA:158,15,0,0
BRDA:158,15,1,0
BRDA:166,16,0,0
BRDA:166,16,1,0
BRDA:204,17,0,0
BRDA:204,17,1,0
BRDA:242,18,0,0
BRDA:242,18,1,0
BRF:36
BRH:0
end_of_record
TN:
SF:controllers\teacherController.js
FN:5,(anonymous_0)
FN:11,(anonymous_1)
FN:21,(anonymous_2)
FN:124,(anonymous_3)
FN:158,(anonymous_4)
FN:241,(anonymous_5)
FN:263,(anonymous_6)
FN:301,(anonymous_7)
FN:321,(anonymous_8)
FN:367,(anonymous_9)
FN:415,(anonymous_10)
FNF:11
FNH:0
FNDA:0,(anonymous_0)
FNDA:0,(anonymous_1)
FNDA:0,(anonymous_2)
FNDA:0,(anonymous_3)
FNDA:0,(anonymous_4)
FNDA:0,(anonymous_5)
FNDA:0,(anonymous_6)
FNDA:0,(anonymous_7)
FNDA:0,(anonymous_8)
FNDA:0,(anonymous_9)
FNDA:0,(anonymous_10)
DA:1,0
DA:2,0
DA:5,0
DA:6,0
DA:7,0
DA:8,0
DA:11,0
DA:17,0
DA:21,0
DA:22,0
DA:30,0
DA:32,0
DA:35,0
DA:36,0
DA:44,0
DA:45,0
DA:47,0
DA:48,0
DA:54,0
DA:56,0
DA:57,0
DA:67,0
DA:68,0
DA:72,0
DA:73,0
DA:74,0
DA:75,0
DA:78,0
DA:87,0
DA:88,0
DA:90,0
DA:93,0
DA:95,0
DA:114,0
DA:115,0
DA:124,0
DA:125,0
DA:126,0
DA:128,0
DA:130,0
DA:131,0
DA:138,0
DA:147,0
DA:148,0
DA:158,0
DA:159,0
DA:160,0
DA:161,0
DA:163,0
DA:178,0
DA:180,0
DA:182,0
DA:183,0
DA:190,0
DA:191,0
DA:192,0
DA:193,0
DA:194,0
DA:195,0
DA:197,0
DA:198,0
DA:202,0
DA:203,0
DA:206,0
DA:207,0
DA:208,0
DA:209,0
DA:210,0
DA:212,0
DA:213,0
DA:218,0
DA:220,0
DA:229,0
DA:231,0
DA:232,0
DA:240,0
DA:241,0
DA:246,0
DA:254,0
DA:263,0
DA:264,0
DA:265,0
DA:267,0
DA:269,0
DA:270,0
DA:277,0
DA:282,0
DA:291,0
DA:292,0
DA:301,0
DA:302,0
DA:303,0
DA:305,0
DA:307,0
DA:308,0
DA:316,0
DA:317,0
DA:320,0
DA:321,0
DA:327,0
DA:339,0
DA:340,0
DA:342,0
DA:356,0
DA:357,0
DA:367,0
DA:368,0
DA:369,0
DA:371,0
DA:373,0
DA:374,0
DA:382,0
DA:383,0
DA:396,0
DA:405,0
DA:406,0
DA:415,0
DA:416,0
DA:417,0
DA:420,0
DA:422,0
DA:425,0
DA:455,0
DA:469,0
DA:470,0
DA:478,0
LF:126
LH:0
BRDA:7,0,0,0
BRDA:7,0,1,0
BRDA:24,1,0,0
BRDA:25,2,0,0
BRDA:35,3,0,0
BRDA:35,3,1,0
BRDA:44,4,0,0
BRDA:44,4,1,0
BRDA:45,5,0,0
BRDA:45,5,1,0
BRDA:47,6,0,0
BRDA:47,6,1,0
BRDA:54,7,0,0
BRDA:54,7,1,0
BRDA:56,8,0,0
BRDA:56,8,1,0
BRDA:67,9,0,0
BRDA:67,9,1,0
BRDA:72,10,0,0
BRDA:72,10,1,0
BRDA:74,11,0,0
BRDA:74,11,1,0
BRDA:130,12,0,0
BRDA:130,12,1,0
BRDA:130,13,0,0
BRDA:130,13,1,0
BRDA:161,14,0,0
BRDA:161,14,1,0
BRDA:182,15,0,0
BRDA:182,15,1,0
BRDA:182,16,0,0
BRDA:182,16,1,0
BRDA:191,17,0,0
BRDA:191,17,1,0
BRDA:192,18,0,0
BRDA:192,18,1,0
BRDA:193,19,0,0
BRDA:193,19,1,0
BRDA:194,20,0,0
BRDA:194,20,1,0
BRDA:195,21,0,0
BRDA:195,21,1,0
BRDA:197,22,0,0
BRDA:197,22,1,0
BRDA:197,23,0,0
BRDA:197,23,1,0
BRDA:202,24,0,0
BRDA:202,24,1,0
BRDA:202,25,0,0
BRDA:202,25,1,0
BRDA:206,26,0,0
BRDA:206,26,1,0
BRDA:207,27,0,0
BRDA:207,27,1,0
BRDA:208,28,0,0
BRDA:208,28,1,0
BRDA:209,29,0,0
BRDA:209,29,1,0
BRDA:210,30,0,0
BRDA:210,30,1,0
BRDA:212,31,0,0
BRDA:212,31,1,0
BRDA:213,32,0,0
BRDA:213,32,1,0
BRDA:231,33,0,0
BRDA:231,33,1,0
BRDA:240,34,0,0
BRDA:240,34,1,0
BRDA:241,35,0,0
BRDA:241,35,1,0
BRDA:269,36,0,0
BRDA:269,36,1,0
BRDA:269,37,0,0
BRDA:269,37,1,0
BRDA:307,38,0,0
BRDA:307,38,1,0
BRDA:307,39,0,0
BRDA:307,39,1,0
BRDA:320,40,0,0
BRDA:320,40,1,0
BRDA:373,41,0,0
BRDA:373,41,1,0
BRDA:373,42,0,0
BRDA:373,42,1,0
BRF:84
BRH:0
end_of_record
TN:
SF:controllers\uploadsController.js
FN:3,(anonymous_0)
FNF:1
FNH:0
FNDA:0,(anonymous_0)
DA:1,0
DA:3,0
DA:4,0
DA:5,0
DA:6,0
DA:12,0
DA:13,0
DA:19,0
DA:21,0
DA:35,0
DA:36,0
DA:37,0
LF:12
LH:0
BRDA:5,0,0,0
BRDA:5,0,1,0
BRDA:12,1,0,0
BRDA:12,1,1,0
BRDA:36,2,0,0
BRDA:36,2,1,0
BRDA:39,3,0,0
BRDA:39,3,1,0
BRF:8
BRH:0
end_of_record
TN:
SF:models\Admin.js
FNF:0
FNH:0
DA:1,1
DA:2,1
DA:5,1
DA:16,1
DA:18,1
LF:5
LH:5
BRF:0
BRH:0
end_of_record
TN:
SF:models\AuditoriaLog.js
FNF:0
FNH:0
DA:7,0
DA:8,0
DA:10,0
DA:45,0
DA:46,0
DA:47,0
DA:49,0
DA:51,0
LF:8
LH:0
BRF:0
BRH:0
end_of_record
TN:
SF:models\BaseUser.js
FN:39,(anonymous_0)
FN:48,(anonymous_1)
FN:85,(anonymous_2)
FN:100,(anonymous_3)
FN:105,(anonymous_4)
FN:113,(anonymous_5)
FNF:6
FNH:4
FNDA:34,(anonymous_0)
FNDA:34,(anonymous_1)
FNDA:25,(anonymous_2)
FNDA:4,(anonymous_3)
FNDA:0,(anonymous_4)
FNDA:0,(anonymous_5)
DA:1,3
DA:2,3
DA:5,3
DA:40,34
DA:49,34
DA:85,3
DA:87,25
DA:89,25
DA:91,25
DA:92,25
DA:93,25
DA:95,0
DA:100,3
DA:101,4
DA:105,3
DA:106,0
DA:107,0
DA:108,0
DA:109,0
DA:113,3
DA:114,0
DA:118,3
DA:120,3
LF:23
LH:17
BRDA:40,0,0,34
BRDA:40,0,1,25
BRDA:49,1,0,34
BRDA:49,1,1,25
BRDA:87,2,0,0
BRDA:87,2,1,25
BRDA:118,3,0,3
BRDA:118,3,1,3
BRF:8
BRH:7
end_of_record
TN:
SF:models\Clase.js
FN:107,(anonymous_0)
FN:170,(anonymous_1)
FN:178,(anonymous_2)
FN:183,(anonymous_3)
FN:185,(anonymous_4)
FN:190,(anonymous_5)
FN:191,(anonymous_6)
FN:195,(anonymous_7)
FN:200,(anonymous_8)
FN:217,(anonymous_9)
FN:235,(anonymous_10)
FN:248,(anonymous_11)
FN:251,(anonymous_12)
FN:277,(anonymous_13)
FN:285,(anonymous_14)
FN:286,(anonymous_15)
FN:305,(anonymous_16)
FN:316,(anonymous_17)
FN:355,(anonymous_18)
FN:376,(anonymous_19)
FN:386,(anonymous_20)
FN:402,(anonymous_21)
FN:409,(anonymous_22)
FN:426,(anonymous_23)
FN:439,(anonymous_24)
FN:440,(anonymous_25)
FNF:26
FNH:0
FNDA:0,(anonymous_0)
FNDA:0,(anonymous_1)
FNDA:0,(anonymous_2)
FNDA:0,(anonymous_3)
FNDA:0,(anonymous_4)
FNDA:0,(anonymous_5)
FNDA:0,(anonymous_6)
FNDA:0,(anonymous_7)
FNDA:0,(anonymous_8)
FNDA:0,(anonymous_9)
FNDA:0,(anonymous_10)
FNDA:0,(anonymous_11)
FNDA:0,(anonymous_12)
FNDA:0,(anonymous_13)
FNDA:0,(anonymous_14)
FNDA:0,(anonymous_15)
FNDA:0,(anonymous_16)
FNDA:0,(anonymous_17)
FNDA:0,(anonymous_18)
FNDA:0,(anonymous_19)
FNDA:0,(anonymous_20)
FNDA:0,(anonymous_21)
FNDA:0,(anonymous_22)
FNDA:0,(anonymous_23)
FNDA:0,(anonymous_24)
FNDA:0,(anonymous_25)
DA:2,0
DA:5,0
DA:35,0
DA:109,0
DA:110,0
DA:112,0
DA:164,0
DA:165,0
DA:166,0
DA:167,0
DA:170,0
DA:171,0
DA:172,0
DA:174,0
DA:178,0
DA:179,0
DA:183,0
DA:184,0
DA:185,0
DA:186,0
DA:190,0
DA:191,0
DA:195,0
DA:196,0
DA:200,0
DA:201,0
DA:202,0
DA:203,0
DA:205,0
DA:206,0
DA:209,0
DA:210,0
DA:213,0
DA:217,0
DA:218,0
DA:219,0
DA:220,0
DA:222,0
DA:223,0
DA:227,0
DA:228,0
DA:231,0
DA:235,0
DA:236,0
DA:237,0
DA:240,0
DA:241,0
DA:244,0
DA:248,0
DA:250,0
DA:251,0
DA:254,0
DA:256,0
DA:257,0
DA:258,0
DA:259,0
DA:260,0
DA:263,0
DA:273,0
DA:277,0
DA:278,0
DA:279,0
DA:280,0
DA:283,0
DA:284,0
DA:285,0
DA:286,0
DA:288,0
DA:289,0
DA:295,0
DA:296,0
DA:301,0
DA:305,0
DA:306,0
DA:307,0
DA:308,0
DA:309,0
DA:310,0
DA:312,0
DA:316,0
DA:323,0
DA:324,0
DA:326,0
DA:343,0
DA:344,0
DA:347,0
DA:350,0
DA:352,0
DA:353,0
DA:354,0
DA:355,0
DA:356,0
DA:357,0
DA:359,0
DA:361,0
DA:365,0
DA:366,0
DA:368,0
DA:372,0
DA:376,0
DA:377,0
DA:386,0
DA:387,0
DA:395,0
DA:402,0
DA:403,0
DA:409,0
DA:410,0
DA:411,0
DA:426,0
DA:427,0
DA:432,0
DA:433,0
DA:436,0
DA:438,0
DA:439,0
DA:440,0
DA:441,0
DA:445,0
DA:453,0
DA:455,0
LF:121
LH:0
BRDA:109,0,0,0
BRDA:109,0,1,0
BRDA:109,1,0,0
BRDA:109,1,1,0
BRDA:171,2,0,0
BRDA:171,2,1,0
BRDA:171,3,0,0
BRDA:171,3,1,0
BRDA:184,4,0,0
BRDA:184,4,1,0
BRDA:196,5,0,0
BRDA:196,5,1,0
BRDA:201,6,0,0
BRDA:201,6,1,0
BRDA:205,7,0,0
BRDA:205,7,1,0
BRDA:209,8,0,0
BRDA:209,8,1,0
BRDA:218,9,0,0
BRDA:218,9,1,0
BRDA:222,10,0,0
BRDA:222,10,1,0
BRDA:227,11,0,0
BRDA:227,11,1,0
BRDA:227,12,0,0
BRDA:227,12,1,0
BRDA:236,13,0,0
BRDA:236,13,1,0
BRDA:236,14,0,0
BRDA:236,14,1,0
BRDA:240,15,0,0
BRDA:240,15,1,0
BRDA:240,16,0,0
BRDA:240,16,1,0
BRDA:248,17,0,0
BRDA:248,18,0,0
BRDA:248,19,0,0
BRDA:254,20,0,0
BRDA:254,20,1,0
BRDA:278,21,0,0
BRDA:278,21,1,0
BRDA:295,22,0,0
BRDA:295,22,1,0
BRDA:306,23,0,0
BRDA:306,23,1,0
BRDA:320,24,0,0
BRDA:321,25,0,0
BRDA:343,26,0,0
BRDA:343,26,1,0
BRDA:344,27,0,0
BRDA:344,27,1,0
BRDA:352,28,0,0
BRDA:352,28,1,0
BRDA:356,29,0,0
BRDA:356,29,1,0
BRDA:361,30,0,0
BRDA:361,30,1,0
BRDA:361,30,2,0
BRDA:365,31,0,0
BRDA:365,31,1,0
BRDA:365,32,0,0
BRDA:365,32,1,0
BRDA:376,33,0,0
BRDA:386,34,0,0
BRDA:402,35,0,0
BRDA:409,36,0,0
BRDA:426,37,0,0
BRDA:432,38,0,0
BRDA:432,38,1,0
BRDA:441,39,0,0
BRDA:441,39,1,0
BRDA:449,40,0,0
BRDA:449,40,1,0
BRF:73
BRH:0
end_of_record
TN:
SF:models\Curso.js
FN:84,(anonymous_0)
FN:91,(anonymous_1)
FN:96,(anonymous_2)
FN:105,(anonymous_3)
FN:117,(anonymous_4)
FN:122,(anonymous_5)
FNF:6
FNH:0
FNDA:0,(anonymous_0)
FNDA:0,(anonymous_1)
FNDA:0,(anonymous_2)
FNDA:0,(anonymous_3)
FNDA:0,(anonymous_4)
FNDA:0,(anonymous_5)
DA:3,0
DA:5,0
DA:84,0
DA:85,0
DA:86,0
DA:88,0
DA:91,0
DA:92,0
DA:93,0
DA:95,0
DA:96,0
DA:97,0
DA:98,0
DA:100,0
DA:101,0
DA:105,0
DA:106,0
DA:107,0
DA:109,0
DA:110,0
DA:112,0
DA:113,0
DA:117,0
DA:118,0
DA:119,0
DA:121,0
DA:122,0
DA:123,0
DA:124,0
DA:128,0
LF:30
LH:0
BRDA:85,0,0,0
BRDA:85,0,1,0
BRDA:85,1,0,0
BRDA:85,1,1,0
BRDA:92,2,0,0
BRDA:92,2,1,0
BRDA:96,3,0,0
BRDA:96,3,1,0
BRDA:97,4,0,0
BRDA:97,4,1,0
BRDA:100,5,0,0
BRDA:100,5,1,0
BRDA:106,6,0,0
BRDA:106,6,1,0
BRDA:109,7,0,0
BRDA:109,7,1,0
BRDA:112,8,0,0
BRDA:112,8,1,0
BRDA:118,9,0,0
BRDA:118,9,1,0
BRDA:118,10,0,0
BRDA:118,10,1,0
BRDA:123,11,0,0
BRDA:123,11,1,0
BRF:24
BRH:0
end_of_record
TN:
SF:models\Empresa.js
FNF:0
FNH:0
DA:7,0
DA:9,0
DA:85,0
DA:87,0
DA:89,0
LF:5
LH:0
BRF:0
BRH:0
end_of_record
TN:
SF:models\Estudiante.js
FNF:0
FNH:0
DA:1,1
DA:2,1
DA:5,1
DA:19,1
DA:21,1
LF:5
LH:5
BRF:0
BRH:0
end_of_record
TN:
SF:models\EventoCalendario.js
FN:118,(anonymous_0)
FN:144,(anonymous_1)
FN:152,(anonymous_2)
FN:158,(anonymous_3)
FN:163,(anonymous_4)
FN:170,(anonymous_5)
FN:184,(anonymous_6)
FN:197,(anonymous_7)
FN:213,(anonymous_8)
FN:222,(anonymous_9)
FN:231,(anonymous_10)
FN:237,(anonymous_11)
FN:251,(anonymous_12)
FN:271,(anonymous_13)
FN:284,(anonymous_14)
FN:292,(anonymous_15)
FN:293,(anonymous_16)
FN:298,(anonymous_17)
FN:316,(anonymous_18)
FN:349,(anonymous_19)
FN:374,(anonymous_20)
FN:375,(anonymous_21)
FN:376,(anonymous_22)
FN:378,(anonymous_23)
FN:379,(anonymous_24)
FN:380,(anonymous_25)
FN:381,(anonymous_26)
FN:382,(anonymous_27)
FNF:28
FNH:0
FNDA:0,(anonymous_0)
FNDA:0,(anonymous_1)
FNDA:0,(anonymous_2)
FNDA:0,(anonymous_3)
FNDA:0,(anonymous_4)
FNDA:0,(anonymous_5)
FNDA:0,(anonymous_6)
FNDA:0,(anonymous_7)
FNDA:0,(anonymous_8)
FNDA:0,(anonymous_9)
FNDA:0,(anonymous_10)
FNDA:0,(anonymous_11)
FNDA:0,(anonymous_12)
FNDA:0,(anonymous_13)
FNDA:0,(anonymous_14)
FNDA:0,(anonymous_15)
FNDA:0,(anonymous_16)
FNDA:0,(anonymous_17)
FNDA:0,(anonymous_18)
FNDA:0,(anonymous_19)
FNDA:0,(anonymous_20)
FNDA:0,(anonymous_21)
FNDA:0,(anonymous_22)
FNDA:0,(anonymous_23)
FNDA:0,(anonymous_24)
FNDA:0,(anonymous_25)
FNDA:0,(anonymous_26)
FNDA:0,(anonymous_27)
DA:2,0
DA:4,0
DA:119,0
DA:120,0
DA:138,0
DA:139,0
DA:140,0
DA:141,0
DA:144,0
DA:145,0
DA:146,0
DA:148,0
DA:152,0
DA:153,0
DA:154,0
DA:158,0
DA:159,0
DA:163,0
DA:164,0
DA:165,0
DA:166,0
DA:170,0
DA:171,0
DA:172,0
DA:175,0
DA:176,0
DA:180,0
DA:184,0
DA:185,0
DA:186,0
DA:187,0
DA:189,0
DA:190,0
DA:193,0
DA:197,0
DA:198,0
DA:199,0
DA:207,0
DA:209,0
DA:213,0
DA:214,0
DA:215,0
DA:216,0
DA:218,0
DA:222,0
DA:223,0
DA:224,0
DA:225,0
DA:227,0
DA:231,0
DA:232,0
DA:233,0
DA:237,0
DA:238,0
DA:251,0
DA:252,0
DA:253,0
DA:255,0
DA:256,0
DA:258,0
DA:271,0
DA:272,0
DA:273,0
DA:284,0
DA:285,0
DA:287,0
DA:293,0
DA:298,0
DA:299,0
DA:312,0
DA:316,0
DA:317,0
DA:320,0
DA:321,0
DA:331,0
DA:332,0
DA:333,0
DA:339,0
DA:340,0
DA:341,0
DA:345,0
DA:349,0
DA:350,0
DA:353,0
DA:355,0
DA:356,0
DA:358,0
DA:359,0
DA:361,0
DA:362,0
DA:364,0
DA:367,0
DA:372,0
DA:374,0
DA:375,0
DA:376,0
DA:378,0
DA:379,0
DA:380,0
DA:381,0
DA:382,0
DA:387,0
DA:389,0
LF:103
LH:0
BRDA:119,0,0,0
BRDA:119,0,1,0
BRDA:145,1,0,0
BRDA:145,1,1,0
BRDA:145,2,0,0
BRDA:145,2,1,0
BRDA:159,3,0,0
BRDA:159,3,1,0
BRDA:171,4,0,0
BRDA:171,4,1,0
BRDA:171,5,0,0
BRDA:171,5,1,0
BRDA:180,6,0,0
BRDA:180,6,1,0
BRDA:185,7,0,0
BRDA:185,7,1,0
BRDA:189,8,0,0
BRDA:189,8,1,0
BRDA:198,9,0,0
BRDA:198,9,1,0
BRDA:198,10,0,0
BRDA:198,10,1,0
BRDA:207,11,0,0
BRDA:207,11,1,0
BRDA:214,12,0,0
BRDA:214,12,1,0
BRDA:223,13,0,0
BRDA:223,13,1,0
BRDA:237,14,0,0
BRDA:251,15,0,0
BRDA:271,16,0,0
BRDA:308,17,0,0
BRDA:308,17,1,0
BRDA:339,18,0,0
BRDA:339,18,1,0
BRDA:349,19,0,0
BRDA:353,20,0,0
BRDA:353,20,1,0
BRDA:353,20,2,0
BRDA:353,20,3,0
BRF:40
BRH:0
end_of_record
TN:
SF:models\Horario.js
FN:36,(anonymous_0)
FN:43,(anonymous_1)
FNF:2
FNH:0
FNDA:0,(anonymous_0)
FNDA:0,(anonymous_1)
DA:2,0
DA:8,0
DA:36,0
DA:38,0
DA:39,0
DA:43,0
DA:44,0
DA:45,0
DA:46,0
DA:48,0
DA:52,0
DA:54,0
DA:56,0
LF:13
LH:0
BRDA:44,0,0,0
BRDA:44,0,1,0
BRDA:44,1,0,0
BRDA:44,1,1,0
BRDA:44,1,2,0
BRF:5
BRH:0
end_of_record
TN:
SF:models\Inscripcion.js
FN:107,(anonymous_0)
FN:112,(anonymous_1)
FN:117,(anonymous_2)
FN:154,(anonymous_3)
FN:180,(anonymous_4)
FN:193,(anonymous_5)
FN:213,(anonymous_6)
FN:222,(anonymous_7)
FN:233,(anonymous_8)
FN:241,(anonymous_9)
FN:248,(anonymous_10)
FN:278,(anonymous_11)
FN:288,(anonymous_12)
FN:293,(anonymous_13)
FN:294,(anonymous_14)
FN:295,(anonymous_15)
FN:297,(anonymous_16)
FNF:17
FNH:0
FNDA:0,(anonymous_0)
FNDA:0,(anonymous_1)
FNDA:0,(anonymous_2)
FNDA:0,(anonymous_3)
FNDA:0,(anonymous_4)
FNDA:0,(anonymous_5)
FNDA:0,(anonymous_6)
FNDA:0,(anonymous_7)
FNDA:0,(anonymous_8)
FNDA:0,(anonymous_9)
FNDA:0,(anonymous_10)
FNDA:0,(anonymous_11)
FNDA:0,(anonymous_12)
FNDA:0,(anonymous_13)
FNDA:0,(anonymous_14)
FNDA:0,(anonymous_15)
FNDA:0,(anonymous_16)
DA:2,0
DA:4,0
DA:101,0
DA:102,0
DA:103,0
DA:104,0
DA:107,0
DA:108,0
DA:112,0
DA:113,0
DA:117,0
DA:119,0
DA:120,0
DA:121,0
DA:123,0
DA:124,0
DA:127,0
DA:128,0
DA:133,0
DA:134,0
DA:135,0
DA:137,0
DA:138,0
DA:141,0
DA:142,0
DA:145,0
DA:146,0
DA:150,0
DA:154,0
DA:155,0
DA:156,0
DA:157,0
DA:158,0
DA:160,0
DA:161,0
DA:162,0
DA:165,0
DA:180,0
DA:181,0
DA:182,0
DA:183,0
DA:185,0
DA:186,0
DA:187,0
DA:193,0
DA:194,0
DA:195,0
DA:197,0
DA:198,0
DA:201,0
DA:204,0
DA:209,0
DA:213,0
DA:214,0
DA:215,0
DA:216,0
DA:218,0
DA:222,0
DA:223,0
DA:224,0
DA:225,0
DA:226,0
DA:227,0
DA:229,0
DA:233,0
DA:234,0
DA:241,0
DA:242,0
DA:248,0
DA:249,0
DA:250,0
DA:278,0
DA:279,0
DA:284,0
DA:288,0
DA:289,0
DA:291,0
DA:293,0
DA:294,0
DA:295,0
DA:297,0
DA:302,0
DA:304,0
LF:83
LH:0
BRDA:119,0,0,0
BRDA:119,0,1,0
BRDA:119,1,0,0
BRDA:119,1,1,0
BRDA:123,2,0,0
BRDA:123,2,1,0
BRDA:127,3,0,0
BRDA:127,3,1,0
BRDA:133,4,0,0
BRDA:133,4,1,0
BRDA:133,5,0,0
BRDA:133,5,1,0
BRDA:137,6,0,0
BRDA:137,6,1,0
BRDA:141,7,0,0
BRDA:141,7,1,0
BRDA:145,8,0,0
BRDA:145,8,1,0
BRDA:155,9,0,0
BRDA:155,9,1,0
BRDA:160,10,0,0
BRDA:160,10,1,0
BRDA:160,11,0,0
BRDA:160,11,1,0
BRDA:181,12,0,0
BRDA:181,12,1,0
BRDA:181,13,0,0
BRDA:181,13,1,0
BRDA:185,14,0,0
BRDA:185,14,1,0
BRDA:185,15,0,0
BRDA:185,15,1,0
BRDA:197,16,0,0
BRDA:197,16,1,0
BRDA:214,17,0,0
BRDA:214,17,1,0
BRDA:223,18,0,0
BRDA:223,18,1,0
BRDA:233,19,0,0
BRDA:241,20,0,0
BRDA:296,21,0,0
BRDA:296,21,1,0
BRF:42
BRH:0
end_of_record
TN:
SF:models\Language.js
FN:56,(anonymous_0)
FN:61,(anonymous_1)
FN:66,(anonymous_2)
FN:72,(anonymous_3)
FN:87,(anonymous_4)
FNF:5
FNH:1
FNDA:0,(anonymous_0)
FNDA:0,(anonymous_1)
FNDA:0,(anonymous_2)
FNDA:12,(anonymous_3)
FNDA:0,(anonymous_4)
DA:1,1
DA:4,1
DA:51,1
DA:52,1
DA:53,1
DA:56,1
DA:57,0
DA:61,1
DA:62,0
DA:66,1
DA:67,0
DA:68,0
DA:72,1
DA:74,12
DA:75,12
DA:79,12
DA:80,0
DA:83,12
DA:87,1
DA:88,0
DA:89,0
DA:103,1
DA:105,1
LF:23
LH:16
BRDA:74,0,0,12
BRDA:74,0,1,0
BRDA:79,1,0,0
BRDA:79,1,1,12
BRDA:79,2,0,12
BRDA:79,2,1,12
BRF:6
BRH:4
end_of_record
TN:
SF:models\PerfilEstudiante.js
FN:166,(anonymous_0)
FN:169,(anonymous_1)
FN:174,(anonymous_2)
FN:179,(anonymous_3)
FN:191,(anonymous_4)
FNF:5
FNH:0
FNDA:0,(anonymous_0)
FNDA:0,(anonymous_1)
FNDA:0,(anonymous_2)
FNDA:0,(anonymous_3)
FNDA:0,(anonymous_4)
DA:1,0
DA:11,0
DA:159,0
DA:160,0
DA:166,0
DA:168,0
DA:169,0
DA:173,0
DA:174,0
DA:177,0
DA:178,0
DA:179,0
DA:181,0
DA:184,0
DA:191,0
DA:192,0
DA:199,0
DA:201,0
LF:18
LH:0
BRDA:177,0,0,0
BRDA:177,0,1,0
BRF:2
BRH:0
end_of_record
TN:
SF:models\Profesor.js
FN:45,(anonymous_0)
FN:51,(anonymous_1)
FN:56,(anonymous_2)
FN:58,(anonymous_3)
FN:70,(anonymous_4)
FN:99,(anonymous_5)
FN:103,(anonymous_6)
FN:123,(anonymous_7)
FN:137,(anonymous_8)
FN:139,(anonymous_9)
FN:147,(anonymous_10)
FN:155,(anonymous_11)
FN:191,(anonymous_12)
FN:196,(anonymous_13)
FN:207,(anonymous_14)
FN:215,(anonymous_15)
FN:220,(anonymous_16)
FN:233,(anonymous_17)
FN:234,(anonymous_18)
FN:244,(anonymous_19)
FN:249,(anonymous_20)
FNF:21
FNH:3
FNDA:11,(anonymous_0)
FNDA:0,(anonymous_1)
FNDA:2,(anonymous_2)
FNDA:1,(anonymous_3)
FNDA:0,(anonymous_4)
FNDA:0,(anonymous_5)
FNDA:0,(anonymous_6)
FNDA:0,(anonymous_7)
FNDA:0,(anonymous_8)
FNDA:0,(anonymous_9)
FNDA:0,(anonymous_10)
FNDA:0,(anonymous_11)
FNDA:0,(anonymous_12)
FNDA:0,(anonymous_13)
FNDA:0,(anonymous_14)
FNDA:0,(anonymous_15)
FNDA:0,(anonymous_16)
FNDA:0,(anonymous_17)
FNDA:0,(anonymous_18)
FNDA:0,(anonymous_19)
FNDA:0,(anonymous_20)
DA:1,1
DA:2,1
DA:5,1
DA:45,1
DA:46,11
DA:47,1
DA:49,11
DA:51,1
DA:52,0
DA:56,1
DA:57,2
DA:58,1
DA:60,1
DA:70,1
DA:71,0
DA:73,0
DA:74,0
DA:78,0
DA:79,0
DA:80,0
DA:81,0
DA:85,0
DA:86,0
DA:88,0
DA:90,0
DA:99,1
DA:100,0
DA:102,0
DA:103,0
DA:105,0
DA:106,0
DA:110,0
DA:111,0
DA:113,0
DA:115,0
DA:123,1
DA:124,0
DA:125,0
DA:126,0
DA:128,0
DA:137,1
DA:138,0
DA:139,0
DA:147,1
DA:148,0
DA:149,0
DA:151,0
DA:152,0
DA:155,0
DA:156,0
DA:157,0
DA:160,0
DA:161,0
DA:164,0
DA:165,0
DA:166,0
DA:167,0
DA:170,0
DA:171,0
DA:180,0
DA:182,0
DA:191,1
DA:192,0
DA:193,0
DA:196,0
DA:207,1
DA:208,0
DA:209,0
DA:211,0
DA:212,0
DA:215,0
DA:216,0
DA:220,0
DA:221,0
DA:222,0
DA:233,0
DA:234,0
DA:237,0
DA:239,0
DA:244,1
DA:245,0
DA:249,1
DA:250,0
DA:251,0
DA:252,0
DA:254,0
DA:255,0
DA:256,0
DA:257,0
DA:261,0
DA:263,0
DA:268,1
DA:270,1
LF:93
LH:23
BRDA:46,0,0,1
BRDA:46,0,1,10
BRDA:46,1,0,11
BRDA:46,1,1,11
BRDA:51,2,0,0
BRDA:57,3,0,1
BRDA:57,3,1,1
BRDA:57,4,0,2
BRDA:57,4,1,2
BRDA:58,5,0,1
BRDA:58,5,1,0
BRDA:73,6,0,0
BRDA:73,6,1,0
BRDA:80,7,0,0
BRDA:80,7,1,0
BRDA:105,8,0,0
BRDA:105,8,1,0
BRDA:126,9,0,0
BRDA:126,9,1,0
BRDA:165,10,0,0
BRDA:165,10,1,0
BRDA:170,11,0,0
BRDA:170,11,1,0
BRDA:170,12,0,0
BRDA:170,12,1,0
BRDA:192,13,0,0
BRDA:192,13,1,0
BRDA:192,14,0,0
BRDA:192,14,1,0
BRDA:221,15,0,0
BRDA:221,15,1,0
BRDA:244,16,0,0
BRDA:256,17,0,0
BRDA:256,17,1,0
BRF:34
BRH:9
end_of_record
TN:
SF:models\ReporteAcademico.js
FN:179,(anonymous_0)
FN:195,(anonymous_1)
FN:200,(anonymous_2)
FN:253,(anonymous_3)
FN:268,(anonymous_4)
FN:278,(anonymous_5)
FNF:6
FNH:0
FNDA:0,(anonymous_0)
FNDA:0,(anonymous_1)
FNDA:0,(anonymous_2)
FNDA:0,(anonymous_3)
FNDA:0,(anonymous_4)
FNDA:0,(anonymous_5)
DA:1,0
DA:13,0
DA:170,0
DA:171,0
DA:172,0
DA:173,0
DA:179,0
DA:181,0
DA:182,0
DA:185,0
DA:186,0
DA:189,0
DA:193,0
DA:195,0
DA:196,0
DA:199,0
DA:200,0
DA:201,0
DA:204,0
DA:208,0
DA:212,0
DA:213,0
DA:217,0
DA:219,0
DA:221,0
DA:222,0
DA:224,0
DA:225,0
DA:227,0
DA:229,0
DA:230,0
DA:231,0
DA:232,0
DA:235,0
DA:236,0
DA:237,0
DA:241,0
DA:242,0
DA:243,0
DA:246,0
DA:253,0
DA:254,0
DA:261,0
DA:268,0
DA:269,0
DA:278,0
DA:279,0
DA:281,0
DA:282,0
DA:285,0
DA:286,0
DA:289,0
DA:294,0
DA:296,0
LF:54
LH:0
BRDA:181,0,0,0
BRDA:181,0,1,0
BRDA:182,1,0,0
BRDA:182,1,1,0
BRDA:185,2,0,0
BRDA:185,2,1,0
BRDA:193,3,0,0
BRDA:193,3,1,0
BRDA:193,4,0,0
BRDA:193,4,1,0
BRDA:193,4,2,0
BRDA:196,5,0,0
BRDA:196,5,1,0
BRDA:196,5,2,0
BRDA:196,5,3,0
BRDA:196,5,4,0
BRDA:199,6,0,0
BRDA:199,6,1,0
BRDA:213,7,0,0
BRDA:213,7,1,0
BRDA:213,8,0,0
BRDA:213,8,1,0
BRDA:217,9,0,0
BRDA:217,9,1,0
BRDA:219,10,0,0
BRDA:219,10,1,0
BRDA:229,11,0,0
BRDA:229,11,1,0
BRDA:229,12,0,0
BRDA:229,12,1,0
BRDA:237,13,0,0
BRDA:237,13,1,0
BRDA:237,14,0,0
BRDA:237,14,1,0
BRDA:257,15,0,0
BRDA:257,15,1,0
BRDA:278,16,0,0
BRDA:281,17,0,0
BRDA:281,17,1,0
BRDA:285,18,0,0
BRDA:285,18,1,0
BRF:41
BRH:0
end_of_record
TN:
SF:models\ReporteFinanciero.js
FN:284,(anonymous_0)
FN:305,(anonymous_1)
FN:316,(anonymous_2)
FN:325,(anonymous_3)
FN:335,(anonymous_4)
FNF:5
FNH:0
FNDA:0,(anonymous_0)
FNDA:0,(anonymous_1)
FNDA:0,(anonymous_2)
FNDA:0,(anonymous_3)
FNDA:0,(anonymous_4)
DA:1,0
DA:13,0
DA:277,0
DA:278,0
DA:284,0
DA:286,0
DA:289,0
DA:290,0
DA:294,0
DA:295,0
DA:296,0
DA:299,0
DA:305,0
DA:306,0
DA:316,0
DA:317,0
DA:325,0
DA:326,0
DA:335,0
DA:336,0
DA:337,0
DA:339,0
DA:340,0
DA:343,0
DA:365,0
DA:367,0
LF:26
LH:0
BRDA:289,0,0,0
BRDA:289,0,1,0
BRDA:295,1,0,0
BRDA:295,1,1,0
BRDA:305,2,0,0
BRDA:325,3,0,0
BRDA:339,4,0,0
BRDA:339,4,1,0
BRDA:339,5,0,0
BRDA:339,5,1,0
BRF:10
BRH:0
end_of_record
TN:
SF:models\cobros.model.js
FNF:0
FNH:0
DA:1,0
DA:2,0
DA:4,0
DA:50,0
DA:51,0
LF:5
LH:0
BRF:0
BRH:0
end_of_record
TN:
SF:models\concept.model.js
FNF:0
FNH:0
DA:1,0
DA:2,0
DA:4,0
DA:32,0
DA:33,0
LF:5
LH:0
BRF:0
BRH:0
end_of_record
TN:
SF:models\conceptCategory.model.js
FNF:0
FNH:0
DA:1,0
DA:2,0
DA:4,0
DA:23,0
DA:24,0
LF:5
LH:0
BRF:0
BRH:0
end_of_record
TN:
SF:models\contador.model.js
FNF:0
FNH:0
DA:1,0
DA:2,0
DA:4,0
DA:15,0
DA:17,0
LF:5
LH:0
BRF:0
BRH:0
end_of_record
TN:
SF:models\factura.model.js
FN:99,(anonymous_0)
FN:124,(anonymous_1)
FN:219,(anonymous_2)
FN:236,(anonymous_3)
FN:245,(anonymous_4)
FN:252,(anonymous_5)
FN:260,(anonymous_6)
FN:268,(anonymous_7)
FN:275,(anonymous_8)
FNF:9
FNH:0
FNDA:0,(anonymous_0)
FNDA:0,(anonymous_1)
FNDA:0,(anonymous_2)
FNDA:0,(anonymous_3)
FNDA:0,(anonymous_4)
FNDA:0,(anonymous_5)
FNDA:0,(anonymous_6)
FNDA:0,(anonymous_7)
FNDA:0,(anonymous_8)
DA:1,0
DA:2,0
DA:4,0
DA:40,0
DA:100,0
DA:125,0
DA:201,0
DA:204,0
DA:207,0
DA:210,0
DA:219,0
DA:220,0
DA:222,0
DA:223,0
DA:226,0
DA:227,0
DA:230,0
DA:236,0
DA:237,0
DA:238,0
DA:239,0
DA:245,0
DA:246,0
DA:252,0
DA:253,0
DA:260,0
DA:261,0
DA:268,0
DA:269,0
DA:275,0
DA:276,0
DA:279,0
LF:32
LH:0
BRDA:100,0,0,0
BRDA:100,0,1,0
BRDA:125,1,0,0
BRDA:125,1,1,0
BRDA:222,2,0,0
BRDA:222,2,1,0
BRDA:222,3,0,0
BRDA:222,3,1,0
BRDA:226,4,0,0
BRDA:226,4,1,0
BRDA:226,5,0,0
BRDA:226,5,1,0
BRDA:237,6,0,0
BRDA:237,6,1,0
BRDA:238,7,0,0
BRDA:238,7,1,0
BRDA:246,8,0,0
BRDA:246,8,1,0
BRDA:276,9,0,0
BRDA:276,9,1,0
BRF:20
BRH:0
end_of_record
TN:
SF:models\index.js
FN:37,(anonymous_0)
FN:50,(anonymous_1)
FN:56,(anonymous_2)
FNF:3
FNH:0
FNDA:0,(anonymous_0)
FNDA:0,(anonymous_1)
FNDA:0,(anonymous_2)
DA:2,0
DA:3,0
DA:4,0
DA:5,0
DA:6,0
DA:7,0
DA:8,0
DA:10,0
DA:11,0
DA:12,0
DA:13,0
DA:14,0
DA:15,0
DA:16,0
DA:17,0
DA:19,0
DA:38,0
DA:40,0
DA:42,0
DA:44,0
DA:46,0
DA:52,0
DA:53,0
DA:57,0
LF:24
LH:0
BRDA:38,0,0,0
BRDA:38,0,1,0
BRDA:38,0,2,0
BRDA:38,0,3,0
BRDA:52,1,0,0
BRDA:52,1,1,0
BRF:6
BRH:0
end_of_record
TN:
SF:services\arcaSimulacionSimple.service.js
FN:26,(anonymous_0)
FN:62,(anonymous_1)
FN:78,(anonymous_2)
FN:87,(anonymous_3)
FN:89,(anonymous_4)
FNF:5
FNH:0
FNDA:0,(anonymous_0)
FNDA:0,(anonymous_1)
FNDA:0,(anonymous_2)
FNDA:0,(anonymous_3)
FNDA:0,(anonymous_4)
DA:27,0
DA:29,0
DA:32,0
DA:35,0
DA:36,0
DA:38,0
DA:40,0
DA:50,0
DA:51,0
DA:63,0
DA:80,0
DA:81,0
DA:88,0
DA:89,0
DA:94,0
LF:15
LH:0
BRF:0
BRH:0
end_of_record
TN:
SF:services\auditoriaService.js
FN:18,(anonymous_0)
FN:51,(anonymous_1)
FN:102,(anonymous_2)
FN:114,(anonymous_3)
FNF:4
FNH:0
FNDA:0,(anonymous_0)
FNDA:0,(anonymous_1)
FNDA:0,(anonymous_2)
FNDA:0,(anonymous_3)
DA:7,0
DA:8,0
DA:18,0
DA:19,0
DA:20,0
DA:28,0
DA:29,0
DA:30,0
DA:33,0
DA:35,0
DA:37,0
DA:39,0
DA:41,0
DA:51,0
DA:52,0
DA:55,0
DA:56,0
DA:60,0
DA:61,0
DA:65,0
DA:66,0
DA:68,0
DA:69,0
DA:72,0
DA:73,0
DA:77,0
DA:79,0
DA:89,0
DA:102,0
DA:103,0
DA:108,0
DA:114,0
DA:115,0
DA:127,0
DA:130,0
LF:35
LH:0
BRDA:18,0,0,0
BRDA:18,1,0,0
BRDA:28,2,0,0
BRDA:28,2,1,0
BRDA:29,3,0,0
BRDA:29,3,1,0
BRDA:51,4,0,0
BRDA:51,5,0,0
BRDA:51,6,0,0
BRDA:55,7,0,0
BRDA:55,7,1,0
BRDA:60,8,0,0
BRDA:60,8,1,0
BRDA:65,9,0,0
BRDA:65,9,1,0
BRDA:65,10,0,0
BRDA:65,10,1,0
BRDA:68,11,0,0
BRDA:68,11,1,0
BRDA:72,12,0,0
BRDA:72,12,1,0
BRDA:102,13,0,0
BRF:22
BRH:0
end_of_record
TN:
SF:services\clasesService.js
FN:16,(anonymous_0)
FN:21,(anonymous_1)
FN:28,(anonymous_2)
FN:35,(anonymous_3)
FN:41,(anonymous_4)
FN:54,(anonymous_5)
FN:71,(anonymous_6)
FN:113,(anonymous_7)
FN:156,(anonymous_8)
FN:181,(anonymous_9)
FN:227,(anonymous_10)
FN:235,(anonymous_11)
FN:260,(anonymous_12)
FN:297,(anonymous_13)
FN:315,(anonymous_14)
FN:322,(anonymous_15)
FN:323,(anonymous_16)
FN:327,(anonymous_17)
FN:329,(anonymous_18)
FN:332,(anonymous_19)
FN:342,(anonymous_20)
FN:348,(anonymous_21)
FN:349,(anonymous_22)
FN:423,(anonymous_23)
FN:455,(anonymous_24)
FN:506,(anonymous_25)
FN:515,(anonymous_26)
FN:518,(anonymous_27)
FN:562,(anonymous_28)
FN:569,(anonymous_29)
FN:578,(anonymous_30)
FN:593,(anonymous_31)
FN:617,(anonymous_32)
FN:648,(anonymous_33)
FN:661,(anonymous_34)
FN:673,(anonymous_35)
FN:687,(anonymous_36)
FN:758,(anonymous_37)
FN:769,(anonymous_38)
FN:786,(anonymous_39)
FN:801,(anonymous_40)
FN:819,(anonymous_41)
FNF:42
FNH:0
FNDA:0,(anonymous_0)
FNDA:0,(anonymous_1)
FNDA:0,(anonymous_2)
FNDA:0,(anonymous_3)
FNDA:0,(anonymous_4)
FNDA:0,(anonymous_5)
FNDA:0,(anonymous_6)
FNDA:0,(anonymous_7)
FNDA:0,(anonymous_8)
FNDA:0,(anonymous_9)
FNDA:0,(anonymous_10)
FNDA:0,(anonymous_11)
FNDA:0,(anonymous_12)
FNDA:0,(anonymous_13)
FNDA:0,(anonymous_14)
FNDA:0,(anonymous_15)
FNDA:0,(anonymous_16)
FNDA:0,(anonymous_17)
FNDA:0,(anonymous_18)
FNDA:0,(anonymous_19)
FNDA:0,(anonymous_20)
FNDA:0,(anonymous_21)
FNDA:0,(anonymous_22)
FNDA:0,(anonymous_23)
FNDA:0,(anonymous_24)
FNDA:0,(anonymous_25)
FNDA:0,(anonymous_26)
FNDA:0,(anonymous_27)
FNDA:0,(anonymous_28)
FNDA:0,(anonymous_29)
FNDA:0,(anonymous_30)
FNDA:0,(anonymous_31)
FNDA:0,(anonymous_32)
FNDA:0,(anonymous_33)
FNDA:0,(anonymous_34)
FNDA:0,(anonymous_35)
FNDA:0,(anonymous_36)
FNDA:0,(anonymous_37)
FNDA:0,(anonymous_38)
FNDA:0,(anonymous_39)
FNDA:0,(anonymous_40)
FNDA:0,(anonymous_41)
DA:2,0
DA:4,0
DA:14,0
DA:16,0
DA:17,0
DA:18,0
DA:21,0
DA:22,0
DA:23,0
DA:25,0
DA:28,0
DA:29,0
DA:30,0
DA:31,0
DA:32,0
DA:35,0
DA:36,0
DA:37,0
DA:38,0
DA:41,0
DA:42,0
DA:43,0
DA:44,0
DA:45,0
DA:46,0
DA:48,0
DA:54,0
DA:55,0
DA:61,0
DA:62,0
DA:65,0
DA:71,0
DA:73,0
DA:74,0
DA:75,0
DA:79,0
DA:80,0
DA:84,0
DA:92,0
DA:93,0
DA:97,0
DA:98,0
DA:102,0
DA:105,0
DA:107,0
DA:113,0
DA:114,0
DA:116,0
DA:117,0
DA:121,0
DA:122,0
DA:126,0
DA:127,0
DA:128,0
DA:129,0
DA:136,0
DA:137,0
DA:142,0
DA:143,0
DA:146,0
DA:147,0
DA:150,0
DA:156,0
DA:157,0
DA:159,0
DA:160,0
DA:163,0
DA:164,0
DA:167,0
DA:170,0
DA:175,0
DA:181,0
DA:182,0
DA:183,0
DA:186,0
DA:188,0
DA:189,0
DA:190,0
DA:191,0
DA:192,0
DA:195,0
DA:196,0
DA:200,0
DA:201,0
DA:202,0
DA:203,0
DA:207,0
DA:214,0
DA:216,0
DA:227,0
DA:228,0
DA:229,0
DA:232,0
DA:234,0
DA:235,0
DA:236,0
DA:237,0
DA:239,0
DA:240,0
DA:242,0
DA:245,0
DA:246,0
DA:249,0
DA:250,0
DA:253,0
DA:254,0
DA:255,0
DA:258,0
DA:259,0
DA:260,0
DA:261,0
DA:262,0
DA:264,0
DA:265,0
DA:266,0
DA:268,0
DA:269,0
DA:270,0
DA:271,0
DA:276,0
DA:277,0
DA:281,0
DA:282,0
DA:283,0
DA:285,0
DA:286,0
DA:288,0
DA:294,0
DA:295,0
DA:297,0
DA:298,0
DA:299,0
DA:301,0
DA:302,0
DA:303,0
DA:305,0
DA:308,0
DA:309,0
DA:310,0
DA:313,0
DA:316,0
DA:317,0
DA:318,0
DA:322,0
DA:323,0
DA:326,0
DA:327,0
DA:328,0
DA:329,0
DA:332,0
DA:335,0
DA:336,0
DA:337,0
DA:341,0
DA:342,0
DA:346,0
DA:348,0
DA:349,0
DA:352,0
DA:354,0
DA:355,0
DA:356,0
DA:357,0
DA:360,0
DA:361,0
DA:362,0
DA:363,0
DA:366,0
DA:367,0
DA:368,0
DA:370,0
DA:372,0
DA:373,0
DA:375,0
DA:376,0
DA:377,0
DA:378,0
DA:384,0
DA:385,0
DA:387,0
DA:398,0
DA:399,0
DA:401,0
DA:404,0
DA:405,0
DA:406,0
DA:408,0
DA:418,0
DA:423,0
DA:424,0
DA:425,0
DA:428,0
DA:437,0
DA:438,0
DA:439,0
DA:441,0
DA:455,0
DA:456,0
DA:458,0
DA:460,0
DA:462,0
DA:463,0
DA:466,0
DA:467,0
DA:470,0
DA:471,0
DA:474,0
DA:475,0
DA:476,0
DA:477,0
DA:479,0
DA:480,0
DA:484,0
DA:486,0
DA:491,0
DA:492,0
DA:495,0
DA:496,0
DA:500,0
DA:506,0
DA:507,0
DA:510,0
DA:515,0
DA:516,0
DA:518,0
DA:521,0
DA:522,0
DA:523,0
DA:527,0
DA:531,0
DA:532,0
DA:535,0
DA:536,0
DA:537,0
DA:538,0
DA:540,0
DA:541,0
DA:545,0
DA:551,0
DA:556,0
DA:562,0
DA:563,0
DA:569,0
DA:570,0
DA:572,0
DA:573,0
DA:577,0
DA:578,0
DA:581,0
DA:582,0
DA:585,0
DA:587,0
DA:593,0
DA:594,0
DA:596,0
DA:597,0
DA:601,0
DA:602,0
DA:611,0
DA:617,0
DA:618,0
DA:620,0
DA:621,0
DA:624,0
DA:625,0
DA:629,0
DA:630,0
DA:634,0
DA:637,0
DA:642,0
DA:648,0
DA:649,0
DA:661,0
DA:662,0
DA:669,0
DA:671,0
DA:672,0
DA:673,0
DA:676,0
DA:677,0
DA:681,0
DA:687,0
DA:688,0
DA:691,0
DA:692,0
DA:696,0
DA:697,0
DA:698,0
DA:699,0
DA:701,0
DA:708,0
DA:709,0
DA:710,0
DA:711,0
DA:716,0
DA:717,0
DA:719,0
DA:720,0
DA:721,0
DA:724,0
DA:725,0
DA:729,0
DA:730,0
DA:731,0
DA:732,0
DA:733,0
DA:734,0
DA:737,0
DA:741,0
DA:758,0
DA:759,0
DA:761,0
DA:762,0
DA:769,0
DA:770,0
DA:786,0
DA:787,0
DA:788,0
DA:789,0
DA:790,0
DA:793,0
DA:798,0
DA:799,0
DA:800,0
DA:801,0
DA:804,0
DA:807,0
DA:819,0
DA:820,0
DA:821,0
DA:822,0
DA:825,0
DA:829,0
LF:333
LH:0
BRDA:16,0,0,0
BRDA:17,1,0,0
BRDA:17,2,0,0
BRDA:22,3,0,0
BRDA:22,3,1,0
BRDA:22,4,0,0
BRDA:22,4,1,0
BRDA:22,4,2,0
BRDA:30,5,0,0
BRDA:30,6,0,0
BRDA:45,7,0,0
BRDA:45,7,1,0
BRDA:61,8,0,0
BRDA:61,8,1,0
BRDA:74,9,0,0
BRDA:74,9,1,0
BRDA:79,10,0,0
BRDA:79,10,1,0
BRDA:92,11,0,0
BRDA:92,11,1,0
BRDA:97,12,0,0
BRDA:97,12,1,0
BRDA:97,13,0,0
BRDA:97,13,1,0
BRDA:116,14,0,0
BRDA:116,14,1,0
BRDA:121,15,0,0
BRDA:121,15,1,0
BRDA:126,16,0,0
BRDA:126,16,1,0
BRDA:126,17,0,0
BRDA:126,17,1,0
BRDA:127,18,0,0
BRDA:127,18,1,0
BRDA:128,19,0,0
BRDA:128,19,1,0
BRDA:136,20,0,0
BRDA:136,20,1,0
BRDA:146,21,0,0
BRDA:146,21,1,0
BRDA:159,22,0,0
BRDA:159,22,1,0
BRDA:163,23,0,0
BRDA:163,23,1,0
BRDA:181,24,0,0
BRDA:181,25,0,0
BRDA:182,26,0,0
BRDA:182,27,0,0
BRDA:188,28,0,0
BRDA:188,28,1,0
BRDA:189,29,0,0
BRDA:189,29,1,0
BRDA:190,30,0,0
BRDA:190,30,1,0
BRDA:191,31,0,0
BRDA:191,31,1,0
BRDA:192,32,0,0
BRDA:192,32,1,0
BRDA:195,33,0,0
BRDA:195,33,1,0
BRDA:195,34,0,0
BRDA:195,34,1,0
BRDA:200,35,0,0
BRDA:200,35,1,0
BRDA:202,36,0,0
BRDA:202,36,1,0
BRDA:228,37,0,0
BRDA:228,37,1,0
BRDA:228,38,0,0
BRDA:228,38,1,0
BRDA:228,38,2,0
BRDA:234,39,0,0
BRDA:234,39,1,0
BRDA:234,40,0,0
BRDA:234,40,1,0
BRDA:236,41,0,0
BRDA:236,41,1,0
BRDA:239,42,0,0
BRDA:239,42,1,0
BRDA:245,43,0,0
BRDA:245,43,1,0
BRDA:246,44,0,0
BRDA:246,44,1,0
BRDA:249,45,0,0
BRDA:249,45,1,0
BRDA:254,46,0,0
BRDA:254,46,1,0
BRDA:259,47,0,0
BRDA:259,47,1,0
BRDA:261,48,0,0
BRDA:261,48,1,0
BRDA:264,49,0,0
BRDA:264,49,1,0
BRDA:264,49,2,0
BRDA:264,49,3,0
BRDA:264,49,4,0
BRDA:265,50,0,0
BRDA:265,50,1,0
BRDA:268,51,0,0
BRDA:268,51,1,0
BRDA:270,52,0,0
BRDA:270,52,1,0
BRDA:270,53,0,0
BRDA:270,53,1,0
BRDA:270,53,2,0
BRDA:277,54,0,0
BRDA:277,54,1,0
BRDA:277,55,0,0
BRDA:277,55,1,0
BRDA:277,55,2,0
BRDA:298,56,0,0
BRDA:298,56,1,0
BRDA:302,57,0,0
BRDA:302,57,1,0
BRDA:309,58,0,0
BRDA:309,58,1,0
BRDA:316,59,0,0
BRDA:316,59,1,0
BRDA:317,60,0,0
BRDA:317,60,1,0
BRDA:322,61,0,0
BRDA:322,61,1,0
BRDA:322,61,2,0
BRDA:323,62,0,0
BRDA:323,62,1,0
BRDA:329,63,0,0
BRDA:329,63,1,0
BRDA:329,63,2,0
BRDA:335,64,0,0
BRDA:335,64,1,0
BRDA:352,65,0,0
BRDA:352,65,1,0
BRDA:352,66,0,0
BRDA:352,66,1,0
BRDA:356,67,0,0
BRDA:356,67,1,0
BRDA:360,68,0,0
BRDA:360,68,1,0
BRDA:362,69,0,0
BRDA:362,69,1,0
BRDA:366,70,0,0
BRDA:366,70,1,0
BRDA:366,70,2,0
BRDA:375,71,0,0
BRDA:375,71,1,0
BRDA:375,72,0,0
BRDA:375,72,1,0
BRDA:377,73,0,0
BRDA:377,73,1,0
BRDA:384,74,0,0
BRDA:384,74,1,0
BRDA:394,75,0,0
BRDA:394,75,1,0
BRDA:398,76,0,0
BRDA:398,76,1,0
BRDA:424,77,0,0
BRDA:424,77,1,0
BRDA:455,78,0,0
BRDA:462,79,0,0
BRDA:462,79,1,0
BRDA:466,80,0,0
BRDA:466,80,1,0
BRDA:470,81,0,0
BRDA:470,81,1,0
BRDA:474,82,0,0
BRDA:474,82,1,0
BRDA:474,83,0,0
BRDA:474,83,1,0
BRDA:476,84,0,0
BRDA:476,84,1,0
BRDA:479,85,0,0
BRDA:479,85,1,0
BRDA:484,86,0,0
BRDA:484,86,1,0
BRDA:491,87,0,0
BRDA:491,87,1,0
BRDA:498,88,0,0
BRDA:498,88,1,0
BRDA:506,89,0,0
BRDA:521,90,0,0
BRDA:521,90,1,0
BRDA:531,91,0,0
BRDA:531,91,1,0
BRDA:535,92,0,0
BRDA:535,92,1,0
BRDA:535,93,0,0
BRDA:535,93,1,0
BRDA:537,94,0,0
BRDA:537,94,1,0
BRDA:540,95,0,0
BRDA:540,95,1,0
BRDA:553,96,0,0
BRDA:553,96,1,0
BRDA:562,97,0,0
BRDA:569,98,0,0
BRDA:569,99,0,0
BRDA:572,100,0,0
BRDA:572,100,1,0
BRDA:581,101,0,0
BRDA:581,101,1,0
BRDA:596,102,0,0
BRDA:596,102,1,0
BRDA:605,103,0,0
BRDA:605,103,1,0
BRDA:606,104,0,0
BRDA:606,104,1,0
BRDA:620,105,0,0
BRDA:620,105,1,0
BRDA:624,106,0,0
BRDA:624,106,1,0
BRDA:629,107,0,0
BRDA:629,107,1,0
BRDA:648,108,0,0
BRDA:648,109,0,0
BRDA:673,110,0,0
BRDA:673,110,1,0
BRDA:676,111,0,0
BRDA:676,111,1,0
BRDA:687,112,0,0
BRDA:697,113,0,0
BRDA:697,113,1,0
BRDA:697,114,0,0
BRDA:697,114,1,0
BRDA:709,115,0,0
BRDA:709,115,1,0
BRDA:712,116,0,0
BRDA:712,116,1,0
BRDA:720,117,0,0
BRDA:720,117,1,0
BRDA:720,118,0,0
BRDA:720,118,1,0
BRDA:730,119,0,0
BRDA:730,119,1,0
BRDA:730,120,0,0
BRDA:730,120,1,0
BRDA:733,121,0,0
BRDA:733,121,1,0
BRDA:749,122,0,0
BRDA:749,122,1,0
BRDA:777,123,0,0
BRDA:777,123,1,0
BRDA:799,124,0,0
BRDA:799,124,1,0
BRF:243
BRH:0
end_of_record
TN:
SF:services\cloudinaryService.js
FN:23,(anonymous_0)
FN:28,(anonymous_1)
FN:38,(anonymous_2)
FN:52,(anonymous_3)
FNF:4
FNH:0
FNDA:0,(anonymous_0)
FNDA:0,(anonymous_1)
FNDA:0,(anonymous_2)
FNDA:0,(anonymous_3)
DA:1,0
DA:8,0
DA:10,0
DA:12,0
DA:13,0
DA:18,0
DA:20,0
DA:23,0
DA:24,0
DA:25,0
DA:28,0
DA:29,0
DA:39,0
DA:40,0
DA:42,0
DA:46,0
DA:50,0
DA:52,0
LF:18
LH:0
BRDA:7,0,0,0
BRDA:12,1,0,0
BRDA:12,1,1,0
BRDA:12,2,0,0
BRDA:12,2,1,0
BRDA:12,2,2,0
BRDA:24,3,0,0
BRDA:24,3,1,0
BRDA:39,4,0,0
BRDA:39,4,1,0
BRF:10
BRH:0
end_of_record
TN:
SF:services\cobro.service.js
FN:11,(anonymous_0)
FN:61,(anonymous_1)
FN:63,(anonymous_2)
FN:150,(anonymous_3)
FN:169,(anonymous_4)
FN:185,(anonymous_5)
FN:200,(anonymous_6)
FN:214,(anonymous_7)
FNF:8
FNH:0
FNDA:0,(anonymous_0)
FNDA:0,(anonymous_1)
FNDA:0,(anonymous_2)
FNDA:0,(anonymous_3)
FNDA:0,(anonymous_4)
FNDA:0,(anonymous_5)
FNDA:0,(anonymous_6)
FNDA:0,(anonymous_7)
DA:1,0
DA:2,0
DA:3,0
DA:12,0
DA:15,0
DA:16,0
DA:20,0
DA:22,0
DA:24,0
DA:26,0
DA:27,0
DA:28,0
DA:31,0
DA:32,0
DA:35,0
DA:36,0
DA:40,0
DA:41,0
DA:42,0
DA:46,0
DA:47,0
DA:51,0
DA:52,0
DA:56,0
DA:60,0
DA:61,0
DA:62,0
DA:63,0
DA:65,0
DA:66,0
DA:71,0
DA:72,0
DA:73,0
DA:83,0
DA:84,0
DA:86,0
DA:88,0
DA:91,0
DA:94,0
DA:99,0
DA:110,0
DA:113,0
DA:124,0
DA:127,0
DA:130,0
DA:138,0
DA:139,0
DA:143,0
DA:151,0
DA:154,0
DA:170,0
DA:175,0
DA:176,0
DA:179,0
DA:186,0
DA:190,0
DA:191,0
DA:194,0
DA:201,0
DA:208,0
DA:215,0
DA:217,0
DA:218,0
DA:221,0
DA:222,0
DA:223,0
DA:224,0
DA:226,0
DA:227,0
DA:231,0
DA:232,0
DA:235,0
DA:240,0
DA:244,0
LF:74
LH:0
BRDA:15,0,0,0
BRDA:15,0,1,0
BRDA:15,1,0,0
BRDA:15,1,1,0
BRDA:35,2,0,0
BRDA:35,2,1,0
BRDA:35,3,0,0
BRDA:35,3,1,0
BRDA:41,4,0,0
BRDA:41,4,1,0
BRDA:46,5,0,0
BRDA:46,5,1,0
BRDA:51,6,0,0
BRDA:51,6,1,0
BRDA:65,7,0,0
BRDA:65,7,1,0
BRDA:72,8,0,0
BRDA:72,8,1,0
BRDA:83,9,0,0
BRDA:83,9,1,0
BRDA:119,10,0,0
BRDA:119,10,1,0
BRDA:175,11,0,0
BRDA:175,11,1,0
BRDA:175,12,0,0
BRDA:175,12,1,0
BRDA:190,13,0,0
BRDA:190,13,1,0
BRDA:214,14,0,0
BRDA:217,15,0,0
BRDA:217,15,1,0
BRDA:221,16,0,0
BRDA:221,16,1,0
BRDA:221,17,0,0
BRDA:221,17,1,0
BRDA:223,18,0,0
BRDA:223,18,1,0
BRDA:226,19,0,0
BRDA:226,19,1,0
BRDA:231,20,0,0
BRDA:231,20,1,0
BRF:41
BRH:0
end_of_record
TN:
SF:services\conceptCategory.services.js
FNF:0
FNH:0
LF:0
LH:0
BRF:0
BRH:0
end_of_record
TN:
SF:services\contador.service.js
FN:10,(anonymous_0)
FN:58,(anonymous_1)
FN:72,(anonymous_2)
FN:91,(anonymous_3)
FNF:4
FNH:0
FNDA:0,(anonymous_0)
FNDA:0,(anonymous_1)
FNDA:0,(anonymous_2)
FNDA:0,(anonymous_3)
DA:1,0
DA:3,0
DA:10,0
DA:11,0
DA:13,0
DA:26,0
DA:28,0
DA:30,0
DA:32,0
DA:34,0
DA:36,0
DA:37,0
DA:38,0
DA:41,0
DA:44,0
DA:45,0
DA:48,0
DA:49,0
DA:58,0
DA:59,0
DA:60,0
DA:61,0
DA:63,0
DA:64,0
DA:72,0
DA:73,0
DA:74,0
DA:79,0
DA:80,0
DA:82,0
DA:91,0
DA:92,0
DA:93,0
DA:98,0
DA:99,0
DA:101,0
DA:105,0
LF:37
LH:0
BRDA:26,0,0,0
BRDA:26,0,1,0
BRDA:30,1,0,0
BRDA:30,1,1,0
BRDA:34,2,0,0
BRDA:34,2,1,0
BRDA:61,3,0,0
BRDA:61,3,1,0
BRF:8
BRH:0
end_of_record
TN:
SF:services\cursosService.js
FN:9,(anonymous_0)
FN:14,(anonymous_1)
FN:21,(anonymous_2)
FN:30,(anonymous_3)
FN:40,(anonymous_4)
FN:42,(anonymous_5)
FN:51,(anonymous_6)
FN:52,(anonymous_7)
FN:55,(anonymous_8)
FN:65,(anonymous_9)
FN:70,(anonymous_10)
FN:76,(anonymous_11)
FN:94,(anonymous_12)
FN:119,(anonymous_13)
FN:138,(anonymous_14)
FN:191,(anonymous_15)
FN:217,(anonymous_16)
FN:229,(anonymous_17)
FN:251,(anonymous_18)
FN:299,(anonymous_19)
FN:326,(anonymous_20)
FN:382,(anonymous_21)
FN:400,(anonymous_22)
FN:407,(anonymous_23)
FN:460,(anonymous_24)
FN:484,(anonymous_25)
FN:489,(anonymous_26)
FN:558,(anonymous_27)
FN:580,(anonymous_28)
FN:601,(anonymous_29)
FN:604,(anonymous_30)
FN:616,(anonymous_31)
FN:636,(anonymous_32)
FN:643,(anonymous_33)
FN:665,(anonymous_34)
FN:674,(anonymous_35)
FN:688,(anonymous_36)
FN:761,(anonymous_37)
FN:769,(anonymous_38)
FN:776,(anonymous_39)
FN:803,(anonymous_40)
FN:830,(anonymous_41)
FN:868,(anonymous_42)
FN:886,(anonymous_43)
FN:887,(anonymous_44)
FN:914,(anonymous_45)
FN:923,(anonymous_46)
FN:930,(anonymous_47)
FN:956,(anonymous_48)
FN:967,(anonymous_49)
FN:976,(anonymous_50)
FNF:51
FNH:0
FNDA:0,(anonymous_0)
FNDA:0,(anonymous_1)
FNDA:0,(anonymous_2)
FNDA:0,(anonymous_3)
FNDA:0,(anonymous_4)
FNDA:0,(anonymous_5)
FNDA:0,(anonymous_6)
FNDA:0,(anonymous_7)
FNDA:0,(anonymous_8)
FNDA:0,(anonymous_9)
FNDA:0,(anonymous_10)
FNDA:0,(anonymous_11)
FNDA:0,(anonymous_12)
FNDA:0,(anonymous_13)
FNDA:0,(anonymous_14)
FNDA:0,(anonymous_15)
FNDA:0,(anonymous_16)
FNDA:0,(anonymous_17)
FNDA:0,(anonymous_18)
FNDA:0,(anonymous_19)
FNDA:0,(anonymous_20)
FNDA:0,(anonymous_21)
FNDA:0,(anonymous_22)
FNDA:0,(anonymous_23)
FNDA:0,(anonymous_24)
FNDA:0,(anonymous_25)
FNDA:0,(anonymous_26)
FNDA:0,(anonymous_27)
FNDA:0,(anonymous_28)
FNDA:0,(anonymous_29)
FNDA:0,(anonymous_30)
FNDA:0,(anonymous_31)
FNDA:0,(anonymous_32)
FNDA:0,(anonymous_33)
FNDA:0,(anonymous_34)
FNDA:0,(anonymous_35)
FNDA:0,(anonymous_36)
FNDA:0,(anonymous_37)
FNDA:0,(anonymous_38)
FNDA:0,(anonymous_39)
FNDA:0,(anonymous_40)
FNDA:0,(anonymous_41)
FNDA:0,(anonymous_42)
FNDA:0,(anonymous_43)
FNDA:0,(anonymous_44)
FNDA:0,(anonymous_45)
FNDA:0,(anonymous_46)
FNDA:0,(anonymous_47)
FNDA:0,(anonymous_48)
FNDA:0,(anonymous_49)
FNDA:0,(anonymous_50)
DA:2,0
DA:3,0
DA:5,0
DA:6,0
DA:7,0
DA:9,0
DA:10,0
DA:11,0
DA:14,0
DA:15,0
DA:16,0
DA:18,0
DA:21,0
DA:22,0
DA:23,0
DA:24,0
DA:26,0
DA:27,0
DA:30,0
DA:31,0
DA:32,0
DA:33,0
DA:34,0
DA:36,0
DA:40,0
DA:41,0
DA:42,0
DA:43,0
DA:44,0
DA:45,0
DA:48,0
DA:51,0
DA:52,0
DA:53,0
DA:55,0
DA:56,0
DA:57,0
DA:58,0
DA:59,0
DA:60,0
DA:61,0
DA:62,0
DA:65,0
DA:66,0
DA:67,0
DA:68,0
DA:70,0
DA:71,0
DA:72,0
DA:73,0
DA:76,0
DA:81,0
DA:85,0
DA:94,0
DA:95,0
DA:109,0
DA:110,0
DA:113,0
DA:119,0
DA:121,0
DA:124,0
DA:125,0
DA:128,0
DA:129,0
DA:133,0
DA:134,0
DA:138,0
DA:139,0
DA:143,0
DA:144,0
DA:145,0
DA:146,0
DA:147,0
DA:153,0
DA:154,0
DA:158,0
DA:161,0
DA:162,0
DA:163,0
DA:164,0
DA:167,0
DA:171,0
DA:178,0
DA:179,0
DA:182,0
DA:185,0
DA:191,0
DA:192,0
DA:194,0
DA:195,0
DA:204,0
DA:205,0
DA:206,0
DA:208,0
DA:212,0
DA:213,0
DA:216,0
DA:217,0
DA:218,0
DA:220,0
DA:222,0
DA:223,0
DA:228,0
DA:229,0
DA:230,0
DA:233,0
DA:234,0
DA:235,0
DA:236,0
DA:237,0
DA:244,0
DA:245,0
DA:246,0
DA:251,0
DA:252,0
DA:253,0
DA:254,0
DA:257,0
DA:258,0
DA:259,0
DA:260,0
DA:261,0
DA:262,0
DA:265,0
DA:268,0
DA:269,0
DA:270,0
DA:271,0
DA:275,0
DA:279,0
DA:286,0
DA:287,0
DA:290,0
DA:291,0
DA:293,0
DA:299,0
DA:300,0
DA:302,0
DA:303,0
DA:307,0
DA:312,0
DA:313,0
DA:317,0
DA:318,0
DA:320,0
DA:326,0
DA:327,0
DA:328,0
DA:329,0
DA:332,0
DA:334,0
DA:335,0
DA:336,0
DA:337,0
DA:340,0
DA:341,0
DA:345,0
DA:361,0
DA:363,0
DA:373,0
DA:374,0
DA:375,0
DA:382,0
DA:383,0
DA:384,0
DA:385,0
DA:393,0
DA:394,0
DA:400,0
DA:401,0
DA:407,0
DA:408,0
DA:410,0
DA:411,0
DA:414,0
DA:415,0
DA:419,0
DA:420,0
DA:421,0
DA:424,0
DA:425,0
DA:429,0
DA:430,0
DA:431,0
DA:434,0
DA:435,0
DA:436,0
DA:440,0
DA:441,0
DA:446,0
DA:454,0
DA:460,0
DA:461,0
DA:467,0
DA:468,0
DA:472,0
DA:474,0
DA:484,0
DA:485,0
DA:488,0
DA:490,0
DA:491,0
DA:494,0
DA:495,0
DA:498,0
DA:499,0
DA:500,0
DA:502,0
DA:505,0
DA:506,0
DA:507,0
DA:508,0
DA:512,0
DA:513,0
DA:515,0
DA:516,0
DA:517,0
DA:518,0
DA:521,0
DA:524,0
DA:551,0
DA:558,0
DA:559,0
DA:565,0
DA:566,0
DA:576,0
DA:578,0
DA:580,0
DA:581,0
DA:582,0
DA:583,0
DA:584,0
DA:587,0
DA:588,0
DA:589,0
DA:590,0
DA:591,0
DA:593,0
DA:594,0
DA:595,0
DA:596,0
DA:597,0
DA:600,0
DA:601,0
DA:603,0
DA:604,0
DA:605,0
DA:608,0
DA:610,0
DA:616,0
DA:617,0
DA:623,0
DA:624,0
DA:630,0
DA:636,0
DA:638,0
DA:643,0
DA:646,0
DA:659,0
DA:665,0
DA:666,0
DA:669,0
DA:672,0
DA:673,0
DA:674,0
DA:675,0
DA:678,0
DA:679,0
DA:681,0
DA:682,0
DA:683,0
DA:687,0
DA:689,0
DA:691,0
DA:694,0
DA:695,0
DA:696,0
DA:697,0
DA:698,0
DA:700,0
DA:714,0
DA:715,0
DA:716,0
DA:731,0
DA:732,0
DA:733,0
DA:736,0
DA:738,0
DA:754,0
DA:755,0
DA:761,0
DA:762,0
DA:763,0
DA:769,0
DA:770,0
DA:776,0
DA:777,0
DA:779,0
DA:780,0
DA:783,0
DA:785,0
DA:786,0
DA:790,0
DA:791,0
DA:794,0
DA:795,0
DA:797,0
DA:803,0
DA:804,0
DA:805,0
DA:807,0
DA:830,0
DA:831,0
DA:832,0
DA:833,0
DA:834,0
DA:837,0
DA:843,0
DA:848,0
DA:868,0
DA:869,0
DA:870,0
DA:871,0
DA:872,0
DA:876,0
DA:880,0
DA:881,0
DA:884,0
DA:886,0
DA:887,0
DA:890,0
DA:891,0
DA:892,0
DA:898,0
DA:908,0
DA:909,0
DA:912,0
DA:914,0
DA:921,0
DA:923,0
DA:925,0
DA:926,0
DA:929,0
DA:930,0
DA:931,0
DA:932,0
DA:938,0
DA:939,0
DA:940,0
DA:945,0
DA:955,0
DA:957,0
DA:958,0
DA:959,0
DA:961,0
DA:962,0
DA:963,0
DA:965,0
DA:969,0
DA:970,0
DA:971,0
DA:973,0
DA:976,0
DA:977,0
DA:979,0
DA:982,0
DA:983,0
LF:367
LH:0
BRDA:9,0,0,0
BRDA:10,1,0,0
BRDA:10,2,0,0
BRDA:15,3,0,0
BRDA:15,3,1,0
BRDA:15,4,0,0
BRDA:15,4,1,0
BRDA:15,4,2,0
BRDA:21,5,0,0
BRDA:23,6,0,0
BRDA:23,6,1,0
BRDA:31,7,0,0
BRDA:31,7,1,0
BRDA:32,8,0,0
BRDA:32,8,1,0
BRDA:40,9,0,0
BRDA:44,10,0,0
BRDA:44,10,1,0
BRDA:51,11,0,0
BRDA:51,12,0,0
BRDA:51,13,0,0
BRDA:51,14,0,0
BRDA:55,15,0,0
BRDA:55,15,1,0
BRDA:56,16,0,0
BRDA:56,16,1,0
BRDA:57,17,0,0
BRDA:57,17,1,0
BRDA:57,17,2,0
BRDA:57,17,3,0
BRDA:59,18,0,0
BRDA:59,18,1,0
BRDA:61,19,0,0
BRDA:61,19,1,0
BRDA:61,20,0,0
BRDA:61,20,1,0
BRDA:67,21,0,0
BRDA:67,21,1,0
BRDA:71,22,0,0
BRDA:71,22,1,0
BRDA:72,23,0,0
BRDA:72,23,1,0
BRDA:72,23,2,0
BRDA:81,24,0,0
BRDA:81,24,1,0
BRDA:83,25,0,0
BRDA:83,25,1,0
BRDA:109,26,0,0
BRDA:109,26,1,0
BRDA:124,27,0,0
BRDA:124,27,1,0
BRDA:128,28,0,0
BRDA:128,28,1,0
BRDA:133,29,0,0
BRDA:133,29,1,0
BRDA:133,30,0,0
BRDA:133,30,1,0
BRDA:133,30,2,0
BRDA:134,31,0,0
BRDA:134,31,1,0
BRDA:134,32,0,0
BRDA:134,32,1,0
BRDA:138,33,0,0
BRDA:138,33,1,0
BRDA:139,34,0,0
BRDA:139,34,1,0
BRDA:144,35,0,0
BRDA:144,35,1,0
BRDA:146,36,0,0
BRDA:146,36,1,0
BRDA:154,37,0,0
BRDA:154,37,1,0
BRDA:154,38,0,0
BRDA:154,38,1,0
BRDA:158,39,0,0
BRDA:158,39,1,0
BRDA:158,40,0,0
BRDA:158,40,1,0
BRDA:160,41,0,0
BRDA:160,41,1,0
BRDA:162,42,0,0
BRDA:162,42,1,0
BRDA:167,43,0,0
BRDA:167,43,1,0
BRDA:173,44,0,0
BRDA:173,44,1,0
BRDA:194,45,0,0
BRDA:194,45,1,0
BRDA:204,46,0,0
BRDA:204,46,1,0
BRDA:204,47,0,0
BRDA:204,47,1,0
BRDA:205,48,0,0
BRDA:205,48,1,0
BRDA:206,49,0,0
BRDA:206,49,1,0
BRDA:212,50,0,0
BRDA:212,50,1,0
BRDA:212,51,0,0
BRDA:212,51,1,0
BRDA:216,52,0,0
BRDA:216,52,1,0
BRDA:217,53,0,0
BRDA:217,53,1,0
BRDA:218,54,0,0
BRDA:218,54,1,0
BRDA:222,55,0,0
BRDA:222,55,1,0
BRDA:228,56,0,0
BRDA:228,56,1,0
BRDA:228,57,0,0
BRDA:228,57,1,0
BRDA:228,57,2,0
BRDA:229,58,0,0
BRDA:229,58,1,0
BRDA:230,59,0,0
BRDA:230,59,1,0
BRDA:234,60,0,0
BRDA:234,60,1,0
BRDA:236,61,0,0
BRDA:236,61,1,0
BRDA:244,62,0,0
BRDA:244,62,1,0
BRDA:246,63,0,0
BRDA:246,63,1,0
BRDA:246,64,0,0
BRDA:246,64,1,0
BRDA:248,65,0,0
BRDA:248,65,1,0
BRDA:251,66,0,0
BRDA:251,66,1,0
BRDA:252,67,0,0
BRDA:252,67,1,0
BRDA:253,68,0,0
BRDA:253,68,1,0
BRDA:258,69,0,0
BRDA:258,69,1,0
BRDA:258,70,0,0
BRDA:258,70,1,0
BRDA:261,71,0,0
BRDA:261,71,1,0
BRDA:261,72,0,0
BRDA:261,72,1,0
BRDA:268,73,0,0
BRDA:268,73,1,0
BRDA:270,74,0,0
BRDA:270,74,1,0
BRDA:275,75,0,0
BRDA:275,75,1,0
BRDA:281,76,0,0
BRDA:281,76,1,0
BRDA:281,76,2,0
BRDA:283,77,0,0
BRDA:283,77,1,0
BRDA:302,78,0,0
BRDA:302,78,1,0
BRDA:312,79,0,0
BRDA:312,79,1,0
BRDA:326,80,0,0
BRDA:326,81,0,0
BRDA:328,82,0,0
BRDA:328,83,0,0
BRDA:334,84,0,0
BRDA:334,84,1,0
BRDA:335,85,0,0
BRDA:335,85,1,0
BRDA:336,86,0,0
BRDA:336,86,1,0
BRDA:337,87,0,0
BRDA:337,87,1,0
BRDA:340,88,0,0
BRDA:340,88,1,0
BRDA:382,89,0,0
BRDA:410,90,0,0
BRDA:410,90,1,0
BRDA:414,91,0,0
BRDA:414,91,1,0
BRDA:414,92,0,0
BRDA:414,92,1,0
BRDA:420,93,0,0
BRDA:420,93,1,0
BRDA:424,94,0,0
BRDA:424,94,1,0
BRDA:430,95,0,0
BRDA:430,95,1,0
BRDA:435,96,0,0
BRDA:435,96,1,0
BRDA:435,97,0,0
BRDA:435,97,1,0
BRDA:440,98,0,0
BRDA:440,98,1,0
BRDA:467,99,0,0
BRDA:467,99,1,0
BRDA:490,100,0,0
BRDA:490,100,1,0
BRDA:506,101,0,0
BRDA:506,101,1,0
BRDA:509,102,0,0
BRDA:509,102,1,0
BRDA:516,103,0,0
BRDA:516,103,1,0
BRDA:516,104,0,0
BRDA:516,104,1,0
BRDA:529,105,0,0
BRDA:529,105,1,0
BRDA:530,106,0,0
BRDA:530,106,1,0
BRDA:531,107,0,0
BRDA:531,107,1,0
BRDA:532,108,0,0
BRDA:532,108,1,0
BRDA:533,109,0,0
BRDA:533,109,1,0
BRDA:534,110,0,0
BRDA:534,110,1,0
BRDA:535,111,0,0
BRDA:535,111,1,0
BRDA:558,112,0,0
BRDA:565,113,0,0
BRDA:565,113,1,0
BRDA:578,114,0,0
BRDA:578,114,1,0
BRDA:581,115,0,0
BRDA:581,115,1,0
BRDA:581,116,0,0
BRDA:581,116,1,0
BRDA:581,116,2,0
BRDA:583,117,0,0
BRDA:583,117,1,0
BRDA:593,118,0,0
BRDA:593,118,1,0
BRDA:594,119,0,0
BRDA:594,119,1,0
BRDA:595,120,0,0
BRDA:595,120,1,0
BRDA:596,121,0,0
BRDA:596,121,1,0
BRDA:597,122,0,0
BRDA:597,122,1,0
BRDA:601,123,0,0
BRDA:601,123,1,0
BRDA:603,124,0,0
BRDA:603,124,1,0
BRDA:623,125,0,0
BRDA:623,125,1,0
BRDA:681,126,0,0
BRDA:681,126,1,0
BRDA:694,127,0,0
BRDA:694,127,1,0
BRDA:694,128,0,0
BRDA:694,128,1,0
BRDA:694,128,2,0
BRDA:695,129,0,0
BRDA:695,129,1,0
BRDA:695,129,2,0
BRDA:696,130,0,0
BRDA:696,130,1,0
BRDA:714,131,0,0
BRDA:714,131,1,0
BRDA:715,132,0,0
BRDA:715,132,1,0
BRDA:715,133,0,0
BRDA:715,133,1,0
BRDA:715,133,2,0
BRDA:715,133,3,0
BRDA:715,133,4,0
BRDA:715,133,5,0
BRDA:731,134,0,0
BRDA:731,134,1,0
BRDA:744,135,0,0
BRDA:744,135,1,0
BRDA:745,136,0,0
BRDA:745,136,1,0
BRDA:746,137,0,0
BRDA:746,137,1,0
BRDA:747,138,0,0
BRDA:747,138,1,0
BRDA:748,139,0,0
BRDA:748,139,1,0
BRDA:749,140,0,0
BRDA:749,140,1,0
BRDA:750,141,0,0
BRDA:750,141,1,0
BRDA:779,142,0,0
BRDA:779,142,1,0
BRDA:785,143,0,0
BRDA:785,143,1,0
BRDA:790,144,0,0
BRDA:790,144,1,0
BRDA:790,145,0,0
BRDA:790,145,1,0
BRDA:814,146,0,0
BRDA:814,146,1,0
BRDA:868,147,0,0
BRDA:871,148,0,0
BRDA:871,148,1,0
BRDA:880,149,0,0
BRDA:880,149,1,0
BRDA:884,150,0,0
BRDA:884,150,1,0
BRDA:886,151,0,0
BRDA:886,151,1,0
BRDA:890,152,0,0
BRDA:890,152,1,0
BRDA:908,153,0,0
BRDA:908,153,1,0
BRDA:925,154,0,0
BRDA:925,154,1,0
BRDA:929,155,0,0
BRDA:929,155,1,0
BRDA:929,156,0,0
BRDA:929,156,1,0
BRDA:931,157,0,0
BRDA:931,157,1,0
BRDA:939,158,0,0
BRDA:939,158,1,0
BRDA:957,159,0,0
BRDA:957,159,1,0
[...]
FNDA:0,(anonymous_3)
FNDA:0,(anonymous_4)
FNDA:0,(anonymous_5)
FNDA:0,(anonymous_6)
FNDA:0,(anonymous_7)
FNDA:0,(anonymous_8)
FNDA:0,(anonymous_9)
FNDA:0,(anonymous_10)
FNDA:0,(anonymous_11)
FNDA:0,(anonymous_12)
FNDA:0,(anonymous_13)
FNDA:0,(anonymous_14)
FNDA:0,(anonymous_15)
DA:1,0
DA:2,0
DA:23,0
DA:24,0
DA:25,0
DA:27,0
DA:28,0
DA:31,0
DA:33,0
DA:40,0
DA:41,0
DA:43,0
DA:44,0
DA:45,0
DA:49,0
DA:50,0
DA:51,0
DA:55,0
DA:73,0
DA:74,0
DA:76,0
DA:87,0
DA:88,0
DA:89,0
DA:92,0
DA:93,0
DA:96,0
DA:98,0
DA:105,0
DA:106,0
DA:107,0
DA:109,0
DA:110,0
DA:114,0
DA:115,0
DA:118,0
DA:119,0
DA:122,0
DA:123,0
DA:126,0
DA:127,0
DA:129,0
DA:140,0
DA:141,0
DA:142,0
DA:146,0
DA:147,0
DA:150,0
DA:152,0
DA:159,0
DA:160,0
DA:161,0
DA:162,0
DA:168,0
DA:169,0
DA:170,0
DA:172,0
DA:173,0
DA:176,0
DA:184,0
DA:185,0
DA:187,0
DA:189,0
DA:196,0
DA:197,0
DA:198,0
DA:204,0
DA:205,0
DA:209,0
DA:210,0
DA:213,0
DA:228,0
DA:239,0
DA:240,0
DA:241,0
DA:244,0
DA:245,0
DA:248,0
DA:250,0
DA:257,0
DA:258,0
DA:259,0
DA:261,0
DA:262,0
DA:266,0
DA:268,0
DA:270,0
DA:281,0
DA:282,0
DA:283,0
DA:287,0
DA:288,0
DA:291,0
DA:293,0
DA:300,0
DA:301,0
DA:302,0
DA:304,0
DA:305,0
DA:308,0
DA:317,0
DA:320,0
DA:321,0
DA:324,0
DA:327,0
DA:329,0
DA:331,0
DA:338,0
DA:339,0
DA:340,0
DA:342,0
DA:344,0
DA:345,0
DA:346,0
DA:347,0
DA:351,0
DA:352,0
DA:353,0
DA:356,0
DA:358,0
DA:369,0
DA:370,0
DA:371,0
DA:374,0
DA:375,0
DA:378,0
DA:387,0
DA:391,0
LF:128
LH:0
BRDA:27,0,0,0
BRDA:27,0,1,0
BRDA:44,1,0,0
BRDA:44,1,1,0
BRDA:44,2,0,0
BRDA:44,2,1,0
BRDA:50,3,0,0
BRDA:50,3,1,0
BRDA:92,4,0,0
BRDA:92,4,1,0
BRDA:109,5,0,0
BRDA:109,5,1,0
BRDA:114,6,0,0
BRDA:114,6,1,0
BRDA:118,7,0,0
BRDA:118,7,1,0
BRDA:122,8,0,0
BRDA:122,8,1,0
BRDA:146,9,0,0
BRDA:146,9,1,0
BRDA:172,10,0,0
BRDA:172,10,1,0
BRDA:204,11,0,0
BRDA:204,11,1,0
BRDA:244,12,0,0
BRDA:244,12,1,0
BRDA:261,13,0,0
BRDA:261,13,1,0
BRDA:287,14,0,0
BRDA:287,14,1,0
BRDA:304,15,0,0
BRDA:304,15,1,0
BRDA:311,16,0,0
BRDA:311,16,1,0
BRDA:312,17,0,0
BRDA:312,17,1,0
BRDA:314,18,0,0
BRDA:314,18,1,0
BRDA:342,19,0,0
BRDA:342,19,1,0
BRDA:351,20,0,0
BRDA:351,20,1,0
BRDA:374,21,0,0
BRDA:374,21,1,0
BRDA:374,22,0,0
BRDA:374,22,1,0
BRF:46
BRH:0
end_of_record
TN:
SF:services\reportesAcademicosService.js
FN:25,(anonymous_0)
FN:84,(anonymous_1)
FN:101,(anonymous_2)
FN:155,(anonymous_3)
FN:216,(anonymous_4)
FN:227,(anonymous_5)
FN:249,(anonymous_6)
FN:296,(anonymous_7)
FN:307,(anonymous_8)
FN:325,(anonymous_9)
FN:342,(anonymous_10)
FN:373,(anonymous_11)
FN:400,(anonymous_12)
FN:419,(anonymous_13)
FN:440,(anonymous_14)
FN:455,(anonymous_15)
FN:506,(anonymous_16)
FN:534,(anonymous_17)
FN:553,(anonymous_18)
FN:554,(anonymous_19)
FN:555,(anonymous_20)
FN:559,(anonymous_21)
FN:563,(anonymous_22)
FN:575,(anonymous_23)
FN:595,(anonymous_24)
FN:596,(anonymous_25)
FN:597,(anonymous_26)
FN:598,(anonymous_27)
FN:608,(anonymous_28)
FN:611,(anonymous_29)
FN:624,(anonymous_30)
FN:646,(anonymous_31)
FN:683,(anonymous_32)
FN:701,(anonymous_33)
FN:747,(anonymous_34)
FN:772,(anonymous_35)
FN:795,(anonymous_36)
FN:799,(anonymous_37)
FN:801,(anonymous_38)
FN:823,(anonymous_39)
FNF:40
FNH:0
FNDA:0,(anonymous_0)
FNDA:0,(anonymous_1)
FNDA:0,(anonymous_2)
FNDA:0,(anonymous_3)
FNDA:0,(anonymous_4)
FNDA:0,(anonymous_5)
FNDA:0,(anonymous_6)
FNDA:0,(anonymous_7)
FNDA:0,(anonymous_8)
FNDA:0,(anonymous_9)
FNDA:0,(anonymous_10)
FNDA:0,(anonymous_11)
FNDA:0,(anonymous_12)
FNDA:0,(anonymous_13)
FNDA:0,(anonymous_14)
FNDA:0,(anonymous_15)
FNDA:0,(anonymous_16)
FNDA:0,(anonymous_17)
FNDA:0,(anonymous_18)
FNDA:0,(anonymous_19)
FNDA:0,(anonymous_20)
FNDA:0,(anonymous_21)
FNDA:0,(anonymous_22)
FNDA:0,(anonymous_23)
FNDA:0,(anonymous_24)
FNDA:0,(anonymous_25)
FNDA:0,(anonymous_26)
FNDA:0,(anonymous_27)
FNDA:0,(anonymous_28)
FNDA:0,(anonymous_29)
FNDA:0,(anonymous_30)
FNDA:0,(anonymous_31)
FNDA:0,(anonymous_32)
FNDA:0,(anonymous_33)
FNDA:0,(anonymous_34)
FNDA:0,(anonymous_35)
FNDA:0,(anonymous_36)
FNDA:0,(anonymous_37)
FNDA:0,(anonymous_38)
FNDA:0,(anonymous_39)
DA:1,0
DA:2,0
DA:3,0
DA:4,0
DA:25,0
DA:26,0
DA:32,0
DA:35,0
DA:36,0
DA:37,0
DA:45,0
DA:46,0
DA:49,0
DA:50,0
DA:53,0
DA:54,0
DA:55,0
DA:56,0
DA:57,0
DA:59,0
DA:60,0
DA:65,0
DA:66,0
DA:68,0
DA:69,0
DA:70,0
DA:71,0
DA:74,0
DA:78,0
DA:84,0
DA:85,0
DA:86,0
DA:90,0
DA:91,0
DA:92,0
DA:93,0
DA:95,0
DA:96,0
DA:98,0
DA:101,0
DA:102,0
DA:104,0
DA:105,0
DA:108,0
DA:109,0
DA:110,0
DA:111,0
DA:112,0
DA:116,0
DA:120,0
DA:122,0
DA:123,0
DA:124,0
DA:127,0
DA:128,0
DA:130,0
DA:131,0
DA:132,0
DA:135,0
DA:136,0
DA:140,0
DA:141,0
DA:142,0
DA:143,0
DA:144,0
DA:150,0
DA:151,0
DA:155,0
DA:156,0
DA:157,0
DA:160,0
DA:161,0
DA:162,0
DA:163,0
DA:171,0
DA:172,0
DA:173,0
DA:174,0
DA:182,0
DA:183,0
DA:184,0
DA:185,0
DA:193,0
DA:194,0
DA:195,0
DA:196,0
DA:204,0
DA:205,0
DA:206,0
DA:207,0
DA:216,0
DA:217,0
DA:219,0
DA:222,0
DA:227,0
DA:228,0
DA:229,0
DA:230,0
DA:231,0
DA:232,0
DA:233,0
DA:235,0
DA:236,0
DA:237,0
DA:238,0
DA:242,0
DA:243,0
DA:246,0
DA:247,0
DA:248,0
DA:249,0
DA:251,0
DA:255,0
DA:272,0
DA:275,0
DA:278,0
DA:279,0
DA:280,0
DA:281,0
DA:282,0
DA:285,0
DA:287,0
DA:289,0
DA:296,0
DA:297,0
DA:298,0
DA:299,0
DA:300,0
DA:301,0
DA:307,0
DA:308,0
DA:309,0
DA:310,0
DA:311,0
DA:314,0
DA:325,0
DA:326,0
DA:327,0
DA:329,0
DA:330,0
DA:333,0
DA:335,0
DA:342,0
DA:343,0
DA:344,0
DA:347,0
DA:348,0
DA:351,0
DA:352,0
DA:355,0
DA:356,0
DA:359,0
DA:364,0
DA:366,0
DA:373,0
DA:374,0
DA:375,0
DA:377,0
DA:378,0
DA:381,0
DA:382,0
DA:385,0
DA:390,0
DA:392,0
DA:400,0
DA:401,0
DA:402,0
DA:410,0
DA:412,0
DA:419,0
DA:420,0
DA:421,0
DA:427,0
DA:429,0
DA:440,0
DA:441,0
DA:442,0
DA:443,0
DA:444,0
DA:446,0
DA:448,0
DA:455,0
DA:456,0
DA:457,0
DA:459,0
DA:460,0
DA:464,0
DA:465,0
DA:468,0
DA:469,0
DA:472,0
DA:473,0
DA:476,0
DA:477,0
DA:480,0
DA:481,0
DA:484,0
DA:485,0
DA:488,0
DA:489,0
DA:492,0
DA:493,0
DA:496,0
DA:497,0
DA:499,0
DA:506,0
DA:507,0
DA:508,0
DA:510,0
DA:511,0
DA:514,0
DA:521,0
DA:523,0
DA:534,0
DA:535,0
DA:536,0
DA:538,0
DA:539,0
DA:549,0
DA:553,0
DA:554,0
DA:555,0
DA:559,0
DA:560,0
DA:563,0
DA:564,0
DA:566,0
DA:568,0
DA:575,0
DA:576,0
DA:577,0
DA:580,0
DA:581,0
DA:591,0
DA:595,0
DA:596,0
DA:597,0
DA:598,0
DA:608,0
DA:609,0
DA:611,0
DA:612,0
DA:614,0
DA:616,0
DA:624,0
DA:625,0
DA:627,0
DA:633,0
DA:635,0
DA:637,0
DA:639,0
DA:640,0
DA:646,0
DA:647,0
DA:648,0
DA:649,0
DA:660,0
DA:661,0
DA:683,0
DA:684,0
DA:685,0
DA:686,0
DA:689,0
DA:691,0
DA:693,0
DA:701,0
DA:702,0
DA:704,0
DA:708,0
DA:710,0
DA:713,0
DA:714,0
DA:715,0
DA:719,0
DA:721,0
DA:726,0
DA:727,0
DA:729,0
DA:734,0
DA:735,0
DA:738,0
DA:739,0
DA:744,0
DA:746,0
DA:747,0
DA:748,0
DA:749,0
DA:750,0
DA:752,0
DA:753,0
DA:754,0
DA:756,0
DA:757,0
DA:758,0
DA:760,0
DA:761,0
DA:762,0
DA:764,0
DA:765,0
DA:766,0
DA:771,0
DA:772,0
DA:773,0
DA:774,0
DA:779,0
DA:782,0
DA:793,0
DA:794,0
DA:795,0
DA:799,0
DA:800,0
DA:801,0
DA:804,0
DA:811,0
DA:823,0
DA:824,0
DA:825,0
DA:826,0
DA:828,0
DA:830,0
DA:831,0
DA:834,0
DA:835,0
DA:837,0
DA:838,0
DA:839,0
DA:848,0
DA:850,0
DA:851,0
DA:852,0
DA:853,0
DA:854,0
DA:857,0
DA:858,0
DA:860,0
DA:861,0
DA:867,0
DA:868,0
DA:870,0
DA:871,0
DA:872,0
DA:877,0
DA:879,0
DA:880,0
DA:883,0
DA:886,0
DA:888,0
DA:889,0
DA:893,0
LF:349
LH:0
BRDA:42,0,0,0
BRDA:42,0,1,0
BRDA:45,1,0,0
BRDA:45,1,1,0
BRDA:49,2,0,0
BRDA:49,2,1,0
BRDA:49,3,0,0
BRDA:49,3,1,0
BRDA:50,4,0,0
BRDA:50,4,1,0
BRDA:54,5,0,0
BRDA:54,5,1,0
BRDA:54,6,0,0
BRDA:54,6,1,0
BRDA:54,6,2,0
BRDA:57,7,0,0
BRDA:57,7,1,0
BRDA:68,8,0,0
BRDA:68,8,1,0
BRDA:68,9,0,0
BRDA:68,9,1,0
BRDA:68,9,2,0
BRDA:68,9,3,0
BRDA:85,10,0,0
BRDA:85,10,1,0
BRDA:90,11,0,0
BRDA:90,11,1,0
BRDA:102,12,0,0
BRDA:102,12,1,0
BRDA:102,13,0,0
BRDA:102,13,1,0
BRDA:108,14,0,0
BRDA:108,14,1,0
BRDA:108,15,0,0
BRDA:108,15,1,0
BRDA:109,16,0,0
BRDA:109,16,1,0
BRDA:127,17,0,0
BRDA:127,17,1,0
BRDA:131,18,0,0
BRDA:131,18,1,0
BRDA:132,19,0,0
BRDA:132,19,1,0
BRDA:135,20,0,0
BRDA:135,20,1,0
BRDA:136,21,0,0
BRDA:136,21,1,0
BRDA:140,22,0,0
BRDA:140,22,1,0
BRDA:141,23,0,0
BRDA:141,23,1,0
BRDA:141,24,0,0
BRDA:141,24,1,0
BRDA:141,24,2,0
BRDA:150,25,0,0
BRDA:150,25,1,0
BRDA:157,26,0,0
BRDA:157,26,1,0
BRDA:157,27,0,0
BRDA:157,27,1,0
BRDA:157,27,2,0
BRDA:160,28,0,0
BRDA:160,28,1,0
BRDA:160,29,0,0
BRDA:160,29,1,0
BRDA:162,30,0,0
BRDA:162,30,1,0
BRDA:171,31,0,0
BRDA:171,31,1,0
BRDA:171,32,0,0
BRDA:171,32,1,0
BRDA:173,33,0,0
BRDA:173,33,1,0
BRDA:182,34,0,0
BRDA:182,34,1,0
BRDA:182,35,0,0
BRDA:182,35,1,0
BRDA:184,36,0,0
BRDA:184,36,1,0
BRDA:193,37,0,0
BRDA:193,37,1,0
BRDA:193,38,0,0
BRDA:193,38,1,0
BRDA:195,39,0,0
BRDA:195,39,1,0
BRDA:204,40,0,0
BRDA:204,40,1,0
BRDA:204,41,0,0
BRDA:204,41,1,0
BRDA:206,42,0,0
BRDA:206,42,1,0
BRDA:228,43,0,0
BRDA:228,43,1,0
BRDA:228,44,0,0
BRDA:228,44,1,0
BRDA:229,45,0,0
BRDA:229,45,1,0
BRDA:229,46,0,0
BRDA:229,46,1,0
BRDA:231,47,0,0
BRDA:231,47,1,0
BRDA:231,48,0,0
BRDA:231,48,1,0
BRDA:231,48,2,0
BRDA:236,49,0,0
BRDA:236,49,1,0
BRDA:237,50,0,0
BRDA:237,50,1,0
BRDA:242,51,0,0
BRDA:242,51,1,0
BRDA:243,52,0,0
BRDA:243,52,1,0
BRDA:248,53,0,0
BRDA:248,53,1,0
BRDA:258,54,0,0
BRDA:258,54,1,0
BRDA:261,55,0,0
BRDA:261,55,1,0
BRDA:263,56,0,0
BRDA:263,56,1,0
BRDA:264,57,0,0
BRDA:264,57,1,0
BRDA:265,58,0,0
BRDA:265,58,1,0
BRDA:279,59,0,0
BRDA:279,59,1,0
BRDA:280,60,0,0
BRDA:280,60,1,0
BRDA:281,61,0,0
BRDA:281,61,1,0
BRDA:281,62,0,0
BRDA:281,62,1,0
BRDA:281,63,0,0
BRDA:281,63,1,0
BRDA:282,64,0,0
BRDA:282,64,1,0
BRDA:310,65,0,0
BRDA:310,65,1,0
BRDA:329,66,0,0
BRDA:329,66,1,0
BRDA:342,67,0,0
BRDA:347,68,0,0
BRDA:347,68,1,0
BRDA:351,69,0,0
BRDA:351,69,1,0
BRDA:355,70,0,0
BRDA:355,70,1,0
BRDA:373,71,0,0
BRDA:377,72,0,0
BRDA:377,72,1,0
BRDA:381,73,0,0
BRDA:381,73,1,0
BRDA:400,74,0,0
BRDA:443,75,0,0
BRDA:443,75,1,0
BRDA:459,76,0,0
BRDA:459,76,1,0
BRDA:464,77,0,0
BRDA:464,77,1,0
BRDA:468,78,0,0
BRDA:468,78,1,0
BRDA:472,79,0,0
BRDA:472,79,1,0
BRDA:476,80,0,0
BRDA:476,80,1,0
BRDA:480,81,0,0
BRDA:480,81,1,0
BRDA:484,82,0,0
BRDA:484,82,1,0
BRDA:488,83,0,0
BRDA:488,83,1,0
BRDA:492,84,0,0
BRDA:492,84,1,0
BRDA:510,85,0,0
BRDA:510,85,1,0
BRDA:538,86,0,0
BRDA:538,86,1,0
BRDA:580,87,0,0
BRDA:580,87,1,0
BRDA:647,88,0,0
BRDA:647,88,1,0
BRDA:648,89,0,0
BRDA:648,89,1,0
BRDA:660,90,0,0
BRDA:660,90,1,0
BRDA:663,91,0,0
BRDA:663,91,1,0
BRDA:663,92,0,0
BRDA:663,92,1,0
BRDA:664,93,0,0
BRDA:664,93,1,0
BRDA:665,94,0,0
BRDA:665,94,1,0
BRDA:670,95,0,0
BRDA:670,95,1,0
BRDA:671,96,0,0
BRDA:671,96,1,0
BRDA:671,97,0,0
BRDA:671,97,1,0
BRDA:673,98,0,0
BRDA:673,98,1,0
BRDA:674,99,0,0
BRDA:674,99,1,0
BRDA:675,100,0,0
BRDA:675,100,1,0
BRDA:676,101,0,0
BRDA:676,101,1,0
BRDA:684,102,0,0
BRDA:684,102,1,0
BRDA:685,103,0,0
BRDA:685,103,1,0
BRDA:719,104,0,0
BRDA:719,104,1,0
BRDA:734,105,0,0
BRDA:734,105,1,0
BRDA:734,106,0,0
BRDA:734,106,1,0
BRDA:734,106,2,0
BRDA:744,107,0,0
BRDA:744,107,1,0
BRDA:744,108,0,0
BRDA:744,108,1,0
BRDA:748,109,0,0
BRDA:748,109,1,0
BRDA:748,110,0,0
BRDA:748,110,1,0
BRDA:750,111,0,0
BRDA:750,111,1,0
BRDA:750,112,0,0
BRDA:750,112,1,0
BRDA:750,112,2,0
BRDA:752,113,0,0
BRDA:752,113,1,0
BRDA:752,114,0,0
BRDA:752,114,1,0
BRDA:754,115,0,0
BRDA:754,115,1,0
BRDA:754,116,0,0
BRDA:754,116,1,0
BRDA:754,116,2,0
BRDA:756,117,0,0
BRDA:756,117,1,0
BRDA:756,118,0,0
BRDA:756,118,1,0
BRDA:758,119,0,0
BRDA:758,119,1,0
BRDA:758,120,0,0
BRDA:758,120,1,0
BRDA:758,120,2,0
BRDA:760,121,0,0
BRDA:760,121,1,0
BRDA:760,122,0,0
BRDA:760,122,1,0
BRDA:762,123,0,0
BRDA:762,123,1,0
BRDA:762,124,0,0
BRDA:762,124,1,0
BRDA:762,124,2,0
BRDA:764,125,0,0
BRDA:764,125,1,0
BRDA:764,126,0,0
BRDA:764,126,1,0
BRDA:766,127,0,0
BRDA:766,127,1,0
BRDA:766,128,0,0
BRDA:766,128,1,0
BRDA:766,128,2,0
BRDA:771,129,0,0
BRDA:771,129,1,0
BRDA:786,130,0,0
BRDA:786,130,1,0
BRDA:787,131,0,0
BRDA:787,131,1,0
BRDA:794,132,0,0
BRDA:794,132,1,0
BRDA:795,133,0,0
BRDA:795,133,1,0
BRDA:799,134,0,0
BRDA:799,134,1,0
BRDA:800,135,0,0
BRDA:800,135,1,0
BRDA:801,136,0,0
BRDA:801,136,1,0
BRDA:828,137,0,0
BRDA:828,137,1,0
BRDA:830,138,0,0
BRDA:830,138,1,0
BRDA:830,139,0,0
BRDA:830,139,1,0
BRDA:842,140,0,0
BRDA:842,140,1,0
BRDA:843,141,0,0
BRDA:843,141,1,0
BRDA:848,142,0,0
BRDA:848,142,1,0
BRDA:850,143,0,0
BRDA:850,143,1,0
BRDA:879,144,0,0
BRDA:879,144,1,0
BRDA:880,145,0,0
BRDA:880,145,1,0
BRF:301
BRH:0
end_of_record
TN:
SF:services\reportesFinancierosService.js
FN:25,(anonymous_0)
FN:49,(anonymous_1)
FN:54,(anonymous_2)
FN:122,(anonymous_3)
FN:143,(anonymous_4)
FN:164,(anonymous_5)
FN:179,(anonymous_6)
FN:196,(anonymous_7)
FN:208,(anonymous_8)
FN:236,(anonymous_9)
FN:303,(anonymous_10)
FN:327,(anonymous_11)
FN:339,(anonymous_12)
FN:357,(anonymous_13)
FN:358,(anonymous_14)
FN:359,(anonymous_15)
FN:360,(anonymous_16)
FN:397,(anonymous_17)
FN:403,(anonymous_18)
FN:409,(anonymous_19)
FN:415,(anonymous_20)
FN:425,(anonymous_21)
FN:436,(anonymous_22)
FN:453,(anonymous_23)
FN:466,(anonymous_24)
FN:469,(anonymous_25)
FN:471,(anonymous_26)
FN:518,(anonymous_27)
FN:647,(anonymous_28)
FNF:29
FNH:0
FNDA:0,(anonymous_0)
FNDA:0,(anonymous_1)
FNDA:0,(anonymous_2)
FNDA:0,(anonymous_3)
FNDA:0,(anonymous_4)
FNDA:0,(anonymous_5)
FNDA:0,(anonymous_6)
FNDA:0,(anonymous_7)
FNDA:0,(anonymous_8)
FNDA:0,(anonymous_9)
FNDA:0,(anonymous_10)
FNDA:0,(anonymous_11)
FNDA:0,(anonymous_12)
FNDA:0,(anonymous_13)
FNDA:0,(anonymous_14)
FNDA:0,(anonymous_15)
FNDA:0,(anonymous_16)
FNDA:0,(anonymous_17)
FNDA:0,(anonymous_18)
FNDA:0,(anonymous_19)
FNDA:0,(anonymous_20)
FNDA:0,(anonymous_21)
FNDA:0,(anonymous_22)
FNDA:0,(anonymous_23)
FNDA:0,(anonymous_24)
FNDA:0,(anonymous_25)
FNDA:0,(anonymous_26)
FNDA:0,(anonymous_27)
FNDA:0,(anonymous_28)
DA:1,0
DA:2,0
DA:3,0
DA:4,0
DA:25,0
DA:26,0
DA:32,0
DA:35,0
DA:36,0
DA:37,0
DA:40,0
DA:41,0
DA:42,0
DA:43,0
DA:45,0
DA:46,0
DA:49,0
DA:52,0
DA:53,0
DA:54,0
DA:57,0
DA:58,0
DA:61,0
DA:62,0
DA:65,0
DA:68,0
DA:111,0
DA:113,0
DA:115,0
DA:122,0
DA:123,0
DA:124,0
DA:126,0
DA:128,0
DA:130,0
DA:131,0
DA:132,0
DA:135,0
DA:136,0
DA:143,0
DA:144,0
DA:145,0
DA:147,0
DA:149,0
DA:151,0
DA:152,0
DA:153,0
DA:156,0
DA:157,0
DA:164,0
DA:165,0
DA:166,0
DA:167,0
DA:168,0
DA:169,0
DA:179,0
DA:180,0
DA:181,0
DA:183,0
DA:184,0
DA:187,0
DA:189,0
DA:196,0
DA:197,0
DA:198,0
DA:199,0
DA:201,0
DA:208,0
DA:209,0
DA:210,0
DA:212,0
DA:213,0
DA:219,0
DA:223,0
DA:225,0
DA:236,0
DA:237,0
DA:238,0
DA:240,0
DA:241,0
DA:245,0
DA:246,0
DA:249,0
DA:250,0
DA:253,0
DA:254,0
DA:257,0
DA:258,0
DA:264,0
DA:265,0
DA:271,0
DA:272,0
DA:278,0
DA:279,0
DA:285,0
DA:286,0
DA:289,0
DA:290,0
DA:293,0
DA:294,0
DA:296,0
DA:303,0
DA:304,0
DA:305,0
DA:307,0
DA:308,0
DA:311,0
DA:312,0
DA:314,0
DA:316,0
DA:327,0
DA:328,0
DA:329,0
DA:330,0
DA:332,0
DA:339,0
DA:340,0
DA:341,0
DA:345,0
DA:346,0
DA:356,0
DA:357,0
DA:358,0
DA:359,0
DA:360,0
DA:364,0
DA:365,0
DA:366,0
DA:368,0
DA:369,0
DA:370,0
DA:371,0
DA:373,0
DA:376,0
DA:377,0
DA:379,0
DA:380,0
DA:381,0
DA:382,0
DA:384,0
DA:388,0
DA:390,0
DA:397,0
DA:398,0
DA:399,0
DA:403,0
DA:409,0
DA:411,0
DA:415,0
DA:418,0
DA:425,0
DA:426,0
DA:427,0
DA:431,0
DA:432,0
DA:436,0
DA:437,0
DA:439,0
DA:441,0
DA:453,0
DA:454,0
DA:455,0
DA:457,0
DA:458,0
DA:461,0
DA:463,0
DA:466,0
DA:468,0
DA:469,0
DA:471,0
DA:476,0
DA:477,0
DA:480,0
DA:481,0
DA:482,0
DA:483,0
DA:484,0
DA:485,0
DA:486,0
DA:487,0
DA:488,0
DA:489,0
DA:493,0
DA:505,0
DA:518,0
DA:519,0
DA:520,0
DA:524,0
DA:527,0
DA:530,0
DA:550,0
DA:553,0
DA:557,0
DA:559,0
DA:562,0
DA:563,0
DA:566,0
DA:594,0
DA:595,0
DA:598,0
DA:599,0
DA:601,0
DA:602,0
DA:603,0
DA:605,0
DA:626,0
DA:627,0
DA:629,0
DA:630,0
DA:637,0
DA:647,0
DA:649,0
DA:651,0
DA:657,0
DA:658,0
DA:662,0
LF:216
LH:0
BRDA:36,0,0,0
BRDA:36,0,1,0
BRDA:45,1,0,0
BRDA:45,1,1,0
BRDA:47,2,0,0
BRDA:47,2,1,0
BRDA:47,3,0,0
BRDA:47,3,1,0
BRDA:49,4,0,0
BRDA:49,4,1,0
BRDA:52,5,0,0
BRDA:52,5,1,0
BRDA:54,6,0,0
BRDA:54,6,1,0
BRDA:57,7,0,0
BRDA:57,7,1,0
BRDA:61,8,0,0
BRDA:61,8,1,0
BRDA:65,9,0,0
BRDA:65,9,1,0
BRDA:70,10,0,0
BRDA:70,10,1,0
BRDA:71,11,0,0
BRDA:71,11,1,0
BRDA:73,12,0,0
BRDA:73,12,1,0
BRDA:79,13,0,0
BRDA:79,13,1,0
BRDA:85,14,0,0
BRDA:85,14,1,0
BRDA:94,15,0,0
BRDA:94,15,1,0
BRDA:103,16,0,0
BRDA:103,16,1,0
BRDA:104,17,0,0
BRDA:104,17,1,0
BRDA:107,18,0,0
BRDA:107,18,1,0
BRDA:124,19,0,0
BRDA:124,19,1,0
BRDA:128,20,0,0
BRDA:128,20,1,0
BRDA:145,21,0,0
BRDA:145,21,1,0
BRDA:149,22,0,0
BRDA:149,22,1,0
BRDA:183,23,0,0
BRDA:183,23,1,0
BRDA:196,24,0,0
BRDA:208,25,0,0
BRDA:212,26,0,0
BRDA:212,26,1,0
BRDA:212,27,0,0
BRDA:212,27,1,0
BRDA:240,28,0,0
BRDA:240,28,1,0
BRDA:245,29,0,0
BRDA:245,29,1,0
BRDA:249,30,0,0
BRDA:249,30,1,0
BRDA:253,31,0,0
BRDA:253,31,1,0
BRDA:257,32,0,0
BRDA:257,32,1,0
BRDA:264,33,0,0
BRDA:264,33,1,0
BRDA:271,34,0,0
BRDA:271,34,1,0
BRDA:278,35,0,0
BRDA:278,35,1,0
BRDA:285,36,0,0
BRDA:285,36,1,0
BRDA:289,37,0,0
BRDA:289,37,1,0
BRDA:303,38,0,0
BRDA:307,39,0,0
BRDA:307,39,1,0
BRDA:339,40,0,0
BRDA:345,41,0,0
BRDA:345,41,1,0
BRDA:364,42,0,0
BRDA:364,42,1,0
BRDA:368,43,0,0
BRDA:368,43,1,0
BRDA:370,44,0,0
BRDA:370,44,1,0
BRDA:379,45,0,0
BRDA:379,45,1,0
BRDA:381,46,0,0
BRDA:381,46,1,0
BRDA:405,47,0,0
BRDA:405,47,1,0
BRDA:414,48,0,0
BRDA:414,48,1,0
BRDA:431,49,0,0
BRDA:431,49,1,0
BRDA:466,50,0,0
BRDA:466,50,1,0
BRDA:469,51,0,0
BRDA:469,51,1,0
BRDA:469,52,0,0
BRDA:469,52,1,0
BRDA:473,53,0,0
BRDA:473,53,1,0
BRDA:473,54,0,0
BRDA:473,54,1,0
BRDA:480,55,0,0
BRDA:480,55,1,0
BRDA:527,56,0,0
BRDA:527,56,1,0
BRDA:550,57,0,0
BRDA:550,57,1,0
BRDA:594,58,0,0
BRDA:594,58,1,0
BRDA:595,59,0,0
BRDA:595,59,1,0
BRDA:626,60,0,0
BRDA:626,60,1,0
BRDA:627,61,0,0
BRDA:627,61,1,0
BRF:120
BRH:0
end_of_record
TN:
SF:services\studentService.js
FN:14,(anonymous_0)
FN:130,(anonymous_1)
FN:149,(anonymous_2)
FN:233,(anonymous_3)
FN:249,(anonymous_4)
FN:282,(anonymous_5)
FN:292,(anonymous_6)
FNF:7
FNH:0
FNDA:0,(anonymous_0)
FNDA:0,(anonymous_1)
FNDA:0,(anonymous_2)
FNDA:0,(anonymous_3)
FNDA:0,(anonymous_4)
FNDA:0,(anonymous_5)
FNDA:0,(anonymous_6)
DA:7,0
DA:14,0
DA:15,0
DA:16,0
DA:19,0
DA:20,0
DA:29,0
DA:30,0
DA:31,0
DA:32,0
DA:33,0
DA:38,0
DA:39,0
DA:45,0
DA:46,0
DA:50,0
DA:55,0
DA:62,0
DA:68,0
DA:75,0
DA:80,0
DA:93,0
DA:97,0
DA:98,0
DA:99,0
DA:103,0
DA:105,0
DA:106,0
DA:107,0
DA:108,0
DA:109,0
DA:112,0
DA:113,0
DA:115,0
DA:121,0
DA:130,0
DA:131,0
DA:133,0
DA:140,0
DA:142,0
DA:149,0
DA:150,0
DA:153,0
DA:162,0
DA:168,0
DA:184,0
DA:200,0
DA:215,0
DA:233,0
DA:234,0
DA:236,0
DA:237,0
DA:240,0
DA:249,0
DA:251,0
DA:254,0
DA:255,0
DA:257,0
DA:258,0
DA:260,0
DA:261,0
DA:265,0
DA:266,0
DA:271,0
DA:274,0
DA:282,0
DA:283,0
DA:284,0
DA:292,0
DA:293,0
DA:294,0
LF:71
LH:0
BRDA:14,0,0,0
BRDA:19,1,0,0
BRDA:19,1,1,0
BRDA:29,2,0,0
BRDA:29,2,1,0
BRDA:30,3,0,0
BRDA:30,3,1,0
BRDA:32,4,0,0
BRDA:32,4,1,0
BRDA:38,5,0,0
BRDA:38,5,1,0
BRDA:45,6,0,0
BRDA:45,6,1,0
BRDA:50,7,0,0
BRDA:50,7,1,0
BRDA:50,7,2,0
BRDA:50,7,3,0
BRDA:50,7,4,0
BRDA:103,8,0,0
BRDA:103,8,1,0
BRDA:105,9,0,0
BRDA:105,9,1,0
BRDA:112,10,0,0
BRDA:112,10,1,0
BRDA:130,11,0,0
BRDA:130,12,0,0
BRDA:236,13,0,0
BRDA:236,13,1,0
BRDA:236,14,0,0
BRDA:236,14,1,0
BRDA:257,15,0,0
BRDA:257,15,1,0
BRDA:260,16,0,0
BRDA:260,16,1,0
BRDA:265,17,0,0
BRDA:265,17,1,0
BRDA:271,18,0,0
BRDA:271,18,1,0
BRF:38
BRH:0
end_of_record
TN:
SF:services\userService.js
FN:5,createUser
FN:13,findUserByEmail
FN:20,validatePassword
FN:25,generateToken
FN:30,getUserProfile
FN:43,findUserById
FN:53,updateUser
FN:61,(anonymous_7)
FN:72,findUsersWithFilters
FN:88,countUsersWithFilters
FN:93,findUsers
FN:145,countUsers
FN:150,getAggregateStats
FNF:13
FNH:0
FNDA:0,createUser
FNDA:0,findUserByEmail
FNDA:0,validatePassword
FNDA:0,generateToken
FNDA:0,getUserProfile
FNDA:0,findUserById
FNDA:0,updateUser
FNDA:0,(anonymous_7)
FNDA:0,findUsersWithFilters
FNDA:0,countUsersWithFilters
FNDA:0,findUsers
FNDA:0,countUsers
FNDA:0,getAggregateStats
DA:1,0
DA:2,0
DA:6,0
DA:7,0
DA:8,0
DA:9,0
DA:15,0
DA:16,0
DA:21,0
DA:26,0
DA:31,0
DA:32,0
DA:34,0
DA:35,0
DA:36,0
DA:39,0
DA:44,0
DA:45,0
DA:46,0
DA:47,0
DA:49,0
DA:55,0
DA:56,0
DA:57,0
DA:61,0
DA:62,0
DA:65,0
DA:67,0
DA:68,0
DA:73,0
DA:80,0
DA:81,0
DA:84,0
DA:89,0
DA:99,0
DA:101,0
DA:103,0
DA:110,0
DA:111,0
DA:117,0
DA:124,0
DA:129,0
DA:130,0
DA:131,0
DA:133,0
DA:146,0
DA:151,0
DA:154,0
LF:48
LH:0
BRDA:15,0,0,0
BRDA:15,0,1,0
BRDA:34,1,0,0
BRDA:34,1,1,0
BRDA:34,2,0,0
BRDA:34,2,1,0
BRDA:45,3,0,0
BRDA:45,3,1,0
BRDA:45,4,0,0
BRDA:45,4,1,0
BRDA:56,5,0,0
BRDA:56,5,1,0
BRDA:72,6,0,0
BRDA:72,7,0,0
BRDA:80,8,0,0
BRDA:80,8,1,0
BRDA:93,9,0,0
BRDA:95,10,0,0
BRDA:96,11,0,0
BRDA:97,12,0,0
BRDA:98,13,0,0
BRDA:110,14,0,0
BRDA:110,14,1,0
BRF:23
BRH:0
end_of_record
